<?xml version="1.0" encoding="UTF-8"?>
<testsuite xmlns:xsi="http://www.w3.org/2001/XMLSchema-instance" xsi:noNamespaceSchemaLocation="https://maven.apache.org/surefire/maven-surefire-plugin/xsd/surefire-test-report-3.0.xsd" version="3.0" name="eu.europa.esig.dss.xades.validation.XMLDocumentValidatorTest" time="0.666" tests="14" errors="0" skipped="0" failures="0">
  <properties>
[...]
</properties>
  <testcase name="nullFromDocument" classname="eu.europa.esig.dss.xades.validation.XMLDocumentValidatorTest" time="0"/>
  <testcase name="isSupportedValidDocument" classname="eu.europa.esig.dss.xades.validation.XMLDocumentValidatorTest" time="0.004"/>
  <testcase name="isSupportedNoSignatureDocument" classname="eu.europa.esig.dss.xades.validation.XMLDocumentValidatorTest" time="0.003"/>
  <testcase name="nullDocumentProvided" classname="eu.europa.esig.dss.xades.validation.XMLDocumentValidatorTest" time="0.001"/>
  <testcase name="binaryDocumentValidation" classname="eu.europa.esig.dss.xades.validation.XMLDocumentValidatorTest" time="0.003">
    <system-err><![CDATA[[Fatal Error] :1:1: Content is not allowed in prolog.
]]></system-err>
  </testcase>
  <testcase name="validateFromDocument" classname="eu.europa.esig.dss.xades.validation.XMLDocumentValidatorTest" time="0.37">
    <system-out><![CDATA[2023-04-28 11:53:06,148  INFO | main | e.europa.esig.dss.validation.CommonCertificateVerifier  | + New CommonCertificateVerifier created. 
2023-04-28 11:53:06,151  INFO | main | eu.europa.esig.dss.validation.SignedDocumentValidator   | Document validation... 
2023-04-28 11:53:06,156  INFO | main | e.europa.esig.dss.validation.CommonCertificateVerifier  | + New CommonCertificateVerifier created. 
2023-04-28 11:53:06,170  INFO | main | e.e.esig.dss.xades.validation.XAdESCertificateSource    | +XAdESCertificateSource 
2023-04-28 11:53:06,173  INFO | main | e.europa.esig.dss.validation.CommonCertificateVerifier  | + New CommonCertificateVerifier created. 
2023-04-28 11:53:06,175  INFO | main | eu.europa.esig.dss.validation.AIACertificateSource      | Retrieving C-6D2795065FBDFBE6D65592927E15B619482DEEEC6B7C418DB1831C7E32D4A2AB certificate's issuer using AIA. 
2023-04-28 11:53:06,300  WARN | main | eu.europa.esig.dss.validation.AIACertificateSource      | The retrieved certificate(s) using AIA do not sign the certificate with Id : C-6D2795065FBDFBE6D65592927E15B619482DEEEC6B7C418DB1831C7E32D4A2AB. 
2023-04-28 11:53:06,300  WARN | main | e.europa.esig.dss.validation.SignatureValidationContext | No revocation found for the certificate C-329C25DE339658A3F265E9B0694FB973FCD8636C7534105A354EC1A3E0669965 
2023-04-28 11:53:06,300  WARN | main | e.europa.esig.dss.validation.SignatureValidationContext | Issuer not found for certificate C-6D2795065FBDFBE6D65592927E15B619482DEEEC6B7C418DB1831C7E32D4A2AB 
2023-04-28 11:53:06,300  WARN | main | eu.europa.esig.dss.validation.DiagnosticDataBuilder     | Provided CertificateSource configuration contains none of trusted sources of type TRUSTED_STORE or TRUSTED_LIST! 
2023-04-28 11:53:06,300  INFO | main | eu.europa.esig.dss.validation.SignedDocumentValidator   | Default SignaturePolicyProvider instantiated with NativeHTTPDataLoader. 
2023-04-28 11:53:06,312  INFO | main | e.europa.esig.dss.validation.CommonCertificateVerifier  | + New CommonCertificateVerifier created. 
2023-04-28 11:53:06,316  INFO | main | eu.europa.esig.dss.validation.SignedDocumentValidator   | Document validation... 
2023-04-28 11:53:06,319  INFO | main | e.europa.esig.dss.validation.CommonCertificateVerifier  | + New CommonCertificateVerifier created. 
2023-04-28 11:53:06,320  WARN | main | org.apache.xml.security.signature.Reference             | Verification failed for URI "#xades-id-93ef2bbbf61754c3735a8f0d34aff556" 
2023-04-28 11:53:06,320  WARN | main | org.apache.xml.security.signature.Reference             | Expected Digest: NZpI+dLFqcaP/fZH0uiNtsb4ep88PoPCIvEcUODdP94= 
2023-04-28 11:53:06,320  WARN | main | org.apache.xml.security.signature.Reference             | Actual Digest: 5Anx1vwtAhiDiD/Rq1iWzJcZjKEuILC3JP8EG+iOTME= 
2023-04-28 11:53:06,338  INFO | main | e.e.esig.dss.xades.validation.XAdESCertificateSource    | +XAdESCertificateSource 
2023-04-28 11:53:06,343  INFO | main | e.europa.esig.dss.validation.CommonCertificateVerifier  | + New CommonCertificateVerifier created. 
2023-04-28 11:53:06,343  WARN | main | org.apache.xml.security.signature.XMLSignature          | Signature verification failed. 
2023-04-28 11:53:06,343  WARN | main | org.apache.xml.security.signature.XMLSignature          | Signature verification failed. 
2023-04-28 11:53:06,343  WARN | main | e.europa.esig.dss.spi.x509.SignatureIntegrityValidator  | Determining signing certificate from certificate candidates list failed: [Signature verification failed against the best candidate., Certificate #1: Signature verification failed] 
2023-04-28 11:53:06,344  INFO | main | eu.europa.esig.dss.spi.x509.TokenIssuerSelector         | The issuer subject name and subject name does not match (more details in debug mode). 
2023-04-28 11:53:06,344  WARN | main | e.europa.esig.dss.validation.SignatureValidationContext | POE extraction is skipped for untrusted timestamp : T-40DF5E80FE5C49FD592003903AA30BC007ED36B469C6B5C4DFE2C269713D60C9. 
2023-04-28 11:53:06,344  WARN | main | e.europa.esig.dss.validation.SignatureValidationContext | No revocation found for the certificate C-47412A89AE1B2BA9A58A95F0CC7ABCBB714EB25A03BBAD6915C81B80D169E144 
2023-04-28 11:53:06,344  WARN | main | e.europa.esig.dss.validation.SignatureValidationContext | No revocation found for the certificate C-3D20102A7FE84ED6ADED8D22753F6975DFA156AF2D0C2F72C6E39F4C73507729 
2023-04-28 11:53:06,345  WARN | main | eu.europa.esig.dss.validation.DiagnosticDataBuilder     | Provided CertificateSource configuration contains none of trusted sources of type TRUSTED_STORE or TRUSTED_LIST! 
2023-04-28 11:53:06,345  INFO | main | eu.europa.esig.dss.validation.SignedDocumentValidator   | Default SignaturePolicyProvider instantiated with NativeHTTPDataLoader. 
2023-04-28 11:53:06,375  WARN | main | eu.europa.esig.dss.validation.SignaturePolicyProvider   | Unable to download the signature policy with url 'http://spuri.test' 
eu.europa.esig.dss.spi.exception.DSSExternalResourceException: An error occurred while reading from url 'http://spuri.test' : spuri.test
	at eu.europa.esig.dss.spi.client.http.NativeDataLoaderCall.call(NativeDataLoaderCall.java:119)
	at eu.europa.esig.dss.spi.client.http.NativeDataLoaderCall.call(NativeDataLoaderCall.java:37)
	at eu.europa.esig.dss.spi.client.http.NativeHTTPDataLoader.request(NativeHTTPDataLoader.java:147)
	at eu.europa.esig.dss.spi.client.http.NativeHTTPDataLoader.get(NativeHTTPDataLoader.java:199)
	at eu.europa.esig.dss.spi.client.http.NativeHTTPDataLoader.get(NativeHTTPDataLoader.java:185)
	at eu.europa.esig.dss.validation.SignaturePolicyProvider.getSignaturePolicyByUrl(SignaturePolicyProvider.java:104)
	at eu.europa.esig.dss.validation.SignaturePolicyProvider.getSignaturePolicy(SignaturePolicyProvider.java:127)
	at eu.europa.esig.dss.validation.SignedDocumentDiagnosticDataBuilder.extractSignaturePolicyContent(SignedDocumentDiagnosticDataBuilder.java:675)
	at eu.europa.esig.dss.validation.SignedDocumentDiagnosticDataBuilder.getPolicyBuilder(SignedDocumentDiagnosticDataBuilder.java:655)
	at eu.europa.esig.dss.validation.SignedDocumentDiagnosticDataBuilder.setXmlPolicy(SignedDocumentDiagnosticDataBuilder.java:458)
	at eu.europa.esig.dss.validation.SignedDocumentDiagnosticDataBuilder.getXmlSignature(SignedDocumentDiagnosticDataBuilder.java:413)
	at eu.europa.esig.dss.validation.SignedDocumentDiagnosticDataBuilder.buildXmlSignatures(SignedDocumentDiagnosticDataBuilder.java:388)
	at eu.europa.esig.dss.validation.SignedDocumentDiagnosticDataBuilder.build(SignedDocumentDiagnosticDataBuilder.java:285)
	at eu.europa.esig.dss.validation.SignedDocumentValidator.getDiagnosticData(SignedDocumentValidator.java:466)
	at eu.europa.esig.dss.validation.SignedDocumentValidator.validateDocument(SignedDocumentValidator.java:445)
	at eu.europa.esig.dss.validation.SignedDocumentValidator.validateDocument(SignedDocumentValidator.java:413)
	at eu.europa.esig.dss.validation.SignedDocumentValidator.validateDocument(SignedDocumentValidator.java:342)
	at eu.europa.esig.dss.test.validation.AbstractTestValidator.validate(AbstractTestValidator.java:151)
	at eu.europa.esig.dss.test.validation.AbstractTestValidator.validateFromDocument(AbstractTestValidator.java:72)
	at java.base/jdk.internal.reflect.DirectMethodHandleAccessor.invoke(DirectMethodHandleAccessor.java:104)
	at java.base/java.lang.reflect.Method.invoke(Method.java:578)
	at org.junit.platform.commons.util.ReflectionUtils.invokeMethod(ReflectionUtils.java:727)
	at org.junit.jupiter.engine.execution.MethodInvocation.proceed(MethodInvocation.java:60)
	at org.junit.jupiter.engine.execution.InvocationInterceptorChain$ValidatingInvocation.proceed(InvocationInterceptorChain.java:131)
	at org.junit.jupiter.engine.extension.TimeoutExtension.intercept(TimeoutExtension.java:156)
	at org.junit.jupiter.engine.extension.TimeoutExtension.interceptTestableMethod(TimeoutExtension.java:147)
	at org.junit.jupiter.engine.extension.TimeoutExtension.interceptTestMethod(TimeoutExtension.java:86)
	at org.junit.jupiter.engine.execution.InterceptingExecutableInvoker$ReflectiveInterceptorCall.lambda$ofVoidMethod$0(InterceptingExecutableInvoker.java:103)
	at org.junit.jupiter.engine.execution.InterceptingExecutableInvoker.lambda$invoke$0(InterceptingExecutableInvoker.java:93)
	at org.junit.jupiter.engine.execution.InvocationInterceptorChain$InterceptedInvocation.proceed(InvocationInterceptorChain.java:106)
	at org.junit.jupiter.engine.execution.InvocationInterceptorChain.proceed(InvocationInterceptorChain.java:64)
	at org.junit.jupiter.engine.execution.InvocationInterceptorChain.chainAndInvoke(InvocationInterceptorChain.java:45)
	at org.junit.jupiter.engine.execution.InvocationInterceptorChain.invoke(InvocationInterceptorChain.java:37)
	at org.junit.jupiter.engine.execution.InterceptingExecutableInvoker.invoke(InterceptingExecutableInvoker.java:92)
	at org.junit.jupiter.engine.execution.InterceptingExecutableInvoker.invoke(InterceptingExecutableInvoker.java:86)
	at org.junit.jupiter.engine.descriptor.TestMethodTestDescriptor.lambda$invokeTestMethod$7(TestMethodTestDescriptor.java:217)
	at org.junit.platform.engine.support.hierarchical.ThrowableCollector.execute(ThrowableCollector.java:73)
	at org.junit.jupiter.engine.descriptor.TestMethodTestDescriptor.invokeTestMethod(TestMethodTestDescriptor.java:213)
	at org.junit.jupiter.engine.descriptor.TestMethodTestDescriptor.execute(TestMethodTestDescriptor.java:138)
	at org.junit.jupiter.engine.descriptor.TestMethodTestDescriptor.execute(TestMethodTestDescriptor.java:68)
	at org.junit.platform.engine.support.hierarchical.NodeTestTask.lambda$executeRecursively$6(NodeTestTask.java:151)
	at org.junit.platform.engine.support.hierarchical.ThrowableCollector.execute(ThrowableCollector.java:73)
	at org.junit.platform.engine.support.hierarchical.NodeTestTask.lambda$executeRecursively$8(NodeTestTask.java:141)
	at org.junit.platform.engine.support.hierarchical.Node.around(Node.java:137)
	at org.junit.platform.engine.support.hierarchical.NodeTestTask.lambda$executeRecursively$9(NodeTestTask.java:139)
	at org.junit.platform.engine.support.hierarchical.ThrowableCollector.execute(ThrowableCollector.java:73)
	at org.junit.platform.engine.support.hierarchical.NodeTestTask.executeRecursively(NodeTestTask.java:138)
	at org.junit.platform.engine.support.hierarchical.NodeTestTask.execute(NodeTestTask.java:95)
	at java.base/java.util.ArrayList.forEach(ArrayList.java:1511)
	at org.junit.platform.engine.support.hierarchical.SameThreadHierarchicalTestExecutorService.invokeAll(SameThreadHierarchicalTestExecutorService.java:41)
	at org.junit.platform.engine.support.hierarchical.NodeTestTask.lambda$executeRecursively$6(NodeTestTask.java:155)
	at org.junit.platform.engine.support.hierarchical.ThrowableCollector.execute(ThrowableCollector.java:73)
	at org.junit.platform.engine.support.hierarchical.NodeTestTask.lambda$executeRecursively$8(NodeTestTask.java:141)
	at org.junit.platform.engine.support.hierarchical.Node.around(Node.java:137)
	at org.junit.platform.engine.support.hierarchical.NodeTestTask.lambda$executeRecursively$9(NodeTestTask.java:139)
	at org.junit.platform.engine.support.hierarchical.ThrowableCollector.execute(ThrowableCollector.java:73)
	at org.junit.platform.engine.support.hierarchical.NodeTestTask.executeRecursively(NodeTestTask.java:138)
	at org.junit.platform.engine.support.hierarchical.NodeTestTask.execute(NodeTestTask.java:95)
	at java.base/java.util.ArrayList.forEach(ArrayList.java:1511)
	at org.junit.platform.engine.support.hierarchical.SameThreadHierarchicalTestExecutorService.invokeAll(SameThreadHierarchicalTestExecutorService.java:41)
	at org.junit.platform.engine.support.hierarchical.NodeTestTask.lambda$executeRecursively$6(NodeTestTask.java:155)
	at org.junit.platform.engine.support.hierarchical.ThrowableCollector.execute(ThrowableCollector.java:73)
	at org.junit.platform.engine.support.hierarchical.NodeTestTask.lambda$executeRecursively$8(NodeTestTask.java:141)
	at org.junit.platform.engine.support.hierarchical.Node.around(Node.java:137)
	at org.junit.platform.engine.support.hierarchical.NodeTestTask.lambda$executeRecursively$9(NodeTestTask.java:139)
	at org.junit.platform.engine.support.hierarchical.ThrowableCollector.execute(ThrowableCollector.java:73)
	at org.junit.platform.engine.support.hierarchical.NodeTestTask.executeRecursively(NodeTestTask.java:138)
	at org.junit.platform.engine.support.hierarchical.NodeTestTask.execute(NodeTestTask.java:95)
	at org.junit.platform.engine.support.hierarchical.SameThreadHierarchicalTestExecutorService.submit(SameThreadHierarchicalTestExecutorService.java:35)
	at org.junit.platform.engine.support.hierarchical.HierarchicalTestExecutor.execute(HierarchicalTestExecutor.java:57)
	at org.junit.platform.engine.support.hierarchical.HierarchicalTestEngine.execute(HierarchicalTestEngine.java:54)
	at org.junit.platform.launcher.core.EngineExecutionOrchestrator.execute(EngineExecutionOrchestrator.java:147)
	at org.junit.platform.launcher.core.EngineExecutionOrchestrator.execute(EngineExecutionOrchestrator.java:127)
	at org.junit.platform.launcher.core.EngineExecutionOrchestrator.execute(EngineExecutionOrchestrator.java:90)
	at org.junit.platform.launcher.core.EngineExecutionOrchestrator.lambda$execute$0(EngineExecutionOrchestrator.java:55)
	at org.junit.platform.launcher.core.EngineExecutionOrchestrator.withInterceptedStreams(EngineExecutionOrchestrator.java:102)
	at org.junit.platform.launcher.core.EngineExecutionOrchestrator.execute(EngineExecutionOrchestrator.java:54)
	at org.junit.platform.launcher.core.DefaultLauncher.execute(DefaultLauncher.java:114)
	at org.junit.platform.launcher.core.DefaultLauncher.execute(DefaultLauncher.java:86)
	at org.junit.platform.launcher.core.DefaultLauncherSession$DelegatingLauncher.execute(DefaultLauncherSession.java:86)
	at org.apache.maven.surefire.junitplatform.LazyLauncher.execute(LazyLauncher.java:55)
	at org.apache.maven.surefire.junitplatform.JUnitPlatformProvider.execute(JUnitPlatformProvider.java:223)
	at org.apache.maven.surefire.junitplatform.JUnitPlatformProvider.invokeAllTests(JUnitPlatformProvider.java:175)
	at org.apache.maven.surefire.junitplatform.JUnitPlatformProvider.invoke(JUnitPlatformProvider.java:139)
	at org.apache.maven.surefire.booter.ForkedBooter.runSuitesInProcess(ForkedBooter.java:456)
	at org.apache.maven.surefire.booter.ForkedBooter.execute(ForkedBooter.java:169)
	at org.apache.maven.surefire.booter.ForkedBooter.run(ForkedBooter.java:595)
	at org.apache.maven.surefire.booter.ForkedBooter.main(ForkedBooter.java:581)
Caused by: java.net.UnknownHostException: spuri.test
	at java.base/sun.nio.ch.NioSocketImpl.connect(NioSocketImpl.java:560)
	at java.base/java.net.Socket.connect(Socket.java:666)
	at java.base/java.net.Socket.connect(Socket.java:600)
	at java.base/sun.net.NetworkClient.doConnect(NetworkClient.java:183)
	at java.base/sun.net.www.http.HttpClient.openServer(HttpClient.java:531)
	at java.base/sun.net.www.http.HttpClient.openServer(HttpClient.java:636)
	at java.base/sun.net.www.http.HttpClient.<init>(HttpClient.java:279)
	at java.base/sun.net.www.http.HttpClient.New(HttpClient.java:384)
	at java.base/sun.net.www.http.HttpClient.New(HttpClient.java:406)
	at java.base/sun.net.www.protocol.http.HttpURLConnection.getNewHttpClient(HttpURLConnection.java:1308)
	at java.base/sun.net.www.protocol.http.HttpURLConnection.plainConnect0(HttpURLConnection.java:1241)
	at java.base/sun.net.www.protocol.http.HttpURLConnection.plainConnect(HttpURLConnection.java:1127)
	at java.base/sun.net.www.protocol.http.HttpURLConnection.connect(HttpURLConnection.java:1056)
	at java.base/sun.net.www.protocol.http.HttpURLConnection.getInputStream0(HttpURLConnection.java:1661)
	at java.base/sun.net.www.protocol.http.HttpURLConnection.getInputStream(HttpURLConnection.java:1585)
	at eu.europa.esig.dss.spi.client.http.NativeDataLoaderCall.call(NativeDataLoaderCall.java:112)
	... 87 common frames omitted
2023-04-28 11:53:06,376  INFO | main | eu.europa.esig.dss.spi.x509.TokenIssuerSelector         | The issuer subject name and subject name does not match (more details in debug mode). 
2023-04-28 11:53:06,376  INFO | main | eu.europa.esig.dss.spi.x509.TokenIssuerSelector         | The issuer subject name and subject name does not match (more details in debug mode). 
2023-04-28 11:53:06,383  INFO | main | e.europa.esig.dss.validation.CommonCertificateVerifier  | + New CommonCertificateVerifier created. 
2023-04-28 11:53:06,390  INFO | main | eu.europa.esig.dss.validation.SignedDocumentValidator   | Document validation... 
2023-04-28 11:53:06,393  INFO | main | e.europa.esig.dss.validation.CommonCertificateVerifier  | + New CommonCertificateVerifier created. 
2023-04-28 11:53:06,417  INFO | main | e.e.esig.dss.xades.validation.XAdESCertificateSource    | +XAdESCertificateSource 
2023-04-28 11:53:06,448  INFO | main | e.europa.esig.dss.validation.CommonCertificateVerifier  | + New CommonCertificateVerifier created. 
2023-04-28 11:53:06,450  WARN | main | e.europa.esig.dss.validation.SignatureValidationContext | POE extraction is skipped for untrusted timestamp : T-5993ED6C3BF08DC15D79A6548776E594540CEB042E4A0248D5C6A68D583D2427. 
2023-04-28 11:53:06,450  WARN | main | e.europa.esig.dss.validation.SignatureValidationContext | POE extraction is skipped for untrusted timestamp : T-04FE8A311AA9514DBA7A8A3039892C2F7641D5B53075266A98B1E33A089F31C0. 
2023-04-28 11:53:06,451  WARN | main | e.europa.esig.dss.validation.SignatureValidationContext | No revocation found for the certificate C-B9B8051A58645938F660EC1261B7534E2DC7422882D873B2876204BBA1078352 
2023-04-28 11:53:06,451  WARN | main | e.europa.esig.dss.validation.SignatureValidationContext | No revocation found for the certificate C-DC1CD75D6E0F8F1D6D33F1F99E1B709693A38DDFA7DC7A357100295A6CF4C955 
2023-04-28 11:53:06,451  WARN | main | e.europa.esig.dss.validation.SignatureValidationContext | No revocation found for the certificate C-FE7DFD7173311743BAFD5D919292663470D94A18FCF4300BE49C80AF0C4180F3 
2023-04-28 11:53:06,451  WARN | main | eu.europa.esig.dss.validation.DiagnosticDataBuilder     | Provided CertificateSource configuration contains none of trusted sources of type TRUSTED_STORE or TRUSTED_LIST! 
2023-04-28 11:53:06,451  INFO | main | eu.europa.esig.dss.validation.SignedDocumentValidator   | Default SignaturePolicyProvider instantiated with NativeHTTPDataLoader. 
2023-04-28 11:53:06,470  INFO | main | e.europa.esig.dss.validation.CommonCertificateVerifier  | + New CommonCertificateVerifier created. 
2023-04-28 11:53:06,473  INFO | main | eu.europa.esig.dss.validation.SignedDocumentValidator   | Document validation... 
2023-04-28 11:53:06,478  INFO | main | e.europa.esig.dss.validation.CommonCertificateVerifier  | + New CommonCertificateVerifier created. 
2023-04-28 11:53:06,479  WARN | main | org.apache.xml.security.signature.Reference             | Verification failed for URI "#xades-id-93ef2bbbf61754c3735a8f0d34aff556" 
2023-04-28 11:53:06,479  WARN | main | org.apache.xml.security.signature.Reference             | Expected Digest: NZpI+dLFqcaP/fZH0uiNtsb4ep88PoPCIvEcUODdP94= 
2023-04-28 11:53:06,479  WARN | main | org.apache.xml.security.signature.Reference             | Actual Digest: 5Anx1vwtAhiDiD/Rq1iWzJcZjKEuILC3JP8EG+iOTME= 
2023-04-28 11:53:06,484  INFO | main | e.e.esig.dss.xades.validation.XAdESCertificateSource    | +XAdESCertificateSource 
2023-04-28 11:53:06,492  INFO | main | e.europa.esig.dss.validation.CommonCertificateVerifier  | + New CommonCertificateVerifier created. 
2023-04-28 11:53:06,493  WARN | main | org.apache.xml.security.signature.XMLSignature          | Signature verification failed. 
2023-04-28 11:53:06,493  WARN | main | org.apache.xml.security.signature.XMLSignature          | Signature verification failed. 
2023-04-28 11:53:06,493  WARN | main | e.europa.esig.dss.spi.x509.SignatureIntegrityValidator  | Determining signing certificate from certificate candidates list failed: [Signature verification failed against the best candidate., Certificate #1: Signature verification failed] 
2023-04-28 11:53:06,494  INFO | main | eu.europa.esig.dss.spi.x509.TokenIssuerSelector         | The issuer subject name and subject name does not match (more details in debug mode). 
2023-04-28 11:53:06,494  WARN | main | e.europa.esig.dss.validation.SignatureValidationContext | POE extraction is skipped for untrusted timestamp : T-40DF5E80FE5C49FD592003903AA30BC007ED36B469C6B5C4DFE2C269713D60C9. 
2023-04-28 11:53:06,494  WARN | main | e.europa.esig.dss.validation.SignatureValidationContext | No revocation found for the certificate C-47412A89AE1B2BA9A58A95F0CC7ABCBB714EB25A03BBAD6915C81B80D169E144 
2023-04-28 11:53:06,494  WARN | main | e.europa.esig.dss.validation.SignatureValidationContext | No revocation found for the certificate C-3D20102A7FE84ED6ADED8D22753F6975DFA156AF2D0C2F72C6E39F4C73507729 
2023-04-28 11:53:06,495  WARN | main | eu.europa.esig.dss.validation.DiagnosticDataBuilder     | Provided CertificateSource configuration contains none of trusted sources of type TRUSTED_STORE or TRUSTED_LIST! 
2023-04-28 11:53:06,495  INFO | main | eu.europa.esig.dss.validation.SignedDocumentValidator   | Default SignaturePolicyProvider instantiated with NativeHTTPDataLoader. 
2023-04-28 11:53:06,506  WARN | main | eu.europa.esig.dss.validation.SignaturePolicyProvider   | Unable to download the signature policy with url 'http://spuri.test' 
eu.europa.esig.dss.spi.exception.DSSExternalResourceException: An error occurred while reading from url 'http://spuri.test' : spuri.test
	at eu.europa.esig.dss.spi.client.http.NativeDataLoaderCall.call(NativeDataLoaderCall.java:119)
	at eu.europa.esig.dss.spi.client.http.NativeDataLoaderCall.call(NativeDataLoaderCall.java:37)
	at eu.europa.esig.dss.spi.client.http.NativeHTTPDataLoader.request(NativeHTTPDataLoader.java:147)
	at eu.europa.esig.dss.spi.client.http.NativeHTTPDataLoader.get(NativeHTTPDataLoader.java:199)
	at eu.europa.esig.dss.spi.client.http.NativeHTTPDataLoader.get(NativeHTTPDataLoader.java:185)
	at eu.europa.esig.dss.validation.SignaturePolicyProvider.getSignaturePolicyByUrl(SignaturePolicyProvider.java:104)
	at eu.europa.esig.dss.validation.SignaturePolicyProvider.getSignaturePolicy(SignaturePolicyProvider.java:127)
	at eu.europa.esig.dss.validation.SignedDocumentDiagnosticDataBuilder.extractSignaturePolicyContent(SignedDocumentDiagnosticDataBuilder.java:675)
	at eu.europa.esig.dss.validation.SignedDocumentDiagnosticDataBuilder.getPolicyBuilder(SignedDocumentDiagnosticDataBuilder.java:655)
	at eu.europa.esig.dss.validation.SignedDocumentDiagnosticDataBuilder.setXmlPolicy(SignedDocumentDiagnosticDataBuilder.java:458)
	at eu.europa.esig.dss.validation.SignedDocumentDiagnosticDataBuilder.getXmlSignature(SignedDocumentDiagnosticDataBuilder.java:413)
	at eu.europa.esig.dss.validation.SignedDocumentDiagnosticDataBuilder.buildXmlSignatures(SignedDocumentDiagnosticDataBuilder.java:388)
	at eu.europa.esig.dss.validation.SignedDocumentDiagnosticDataBuilder.build(SignedDocumentDiagnosticDataBuilder.java:285)
	at eu.europa.esig.dss.validation.SignedDocumentValidator.getDiagnosticData(SignedDocumentValidator.java:466)
	at eu.europa.esig.dss.validation.SignedDocumentValidator.validateDocument(SignedDocumentValidator.java:445)
	at eu.europa.esig.dss.validation.SignedDocumentValidator.validateDocument(SignedDocumentValidator.java:413)
	at eu.europa.esig.dss.validation.SignedDocumentValidator.validateDocument(SignedDocumentValidator.java:342)
	at eu.europa.esig.dss.test.validation.AbstractTestValidator.validate(AbstractTestValidator.java:151)
	at eu.europa.esig.dss.test.validation.AbstractTestValidator.validateFromDocument(AbstractTestValidator.java:72)
	at java.base/jdk.internal.reflect.DirectMethodHandleAccessor.invoke(DirectMethodHandleAccessor.java:104)
	at java.base/java.lang.reflect.Method.invoke(Method.java:578)
	at org.junit.platform.commons.util.ReflectionUtils.invokeMethod(ReflectionUtils.java:727)
	at org.junit.jupiter.engine.execution.MethodInvocation.proceed(MethodInvocation.java:60)
	at org.junit.jupiter.engine.execution.InvocationInterceptorChain$ValidatingInvocation.proceed(InvocationInterceptorChain.java:131)
	at org.junit.jupiter.engine.extension.TimeoutExtension.intercept(TimeoutExtension.java:156)
	at org.junit.jupiter.engine.extension.TimeoutExtension.interceptTestableMethod(TimeoutExtension.java:147)
	at org.junit.jupiter.engine.extension.TimeoutExtension.interceptTestMethod(TimeoutExtension.java:86)
	at org.junit.jupiter.engine.execution.InterceptingExecutableInvoker$ReflectiveInterceptorCall.lambda$ofVoidMethod$0(InterceptingExecutableInvoker.java:103)
	at org.junit.jupiter.engine.execution.InterceptingExecutableInvoker.lambda$invoke$0(InterceptingExecutableInvoker.java:93)
	at org.junit.jupiter.engine.execution.InvocationInterceptorChain$InterceptedInvocation.proceed(InvocationInterceptorChain.java:106)
	at org.junit.jupiter.engine.execution.InvocationInterceptorChain.proceed(InvocationInterceptorChain.java:64)
	at org.junit.jupiter.engine.execution.InvocationInterceptorChain.chainAndInvoke(InvocationInterceptorChain.java:45)
	at org.junit.jupiter.engine.execution.InvocationInterceptorChain.invoke(InvocationInterceptorChain.java:37)
	at org.junit.jupiter.engine.execution.InterceptingExecutableInvoker.invoke(InterceptingExecutableInvoker.java:92)
	at org.junit.jupiter.engine.execution.InterceptingExecutableInvoker.invoke(InterceptingExecutableInvoker.java:86)
	at org.junit.jupiter.engine.descriptor.TestMethodTestDescriptor.lambda$invokeTestMethod$7(TestMethodTestDescriptor.java:217)
	at org.junit.platform.engine.support.hierarchical.ThrowableCollector.execute(ThrowableCollector.java:73)
	at org.junit.jupiter.engine.descriptor.TestMethodTestDescriptor.invokeTestMethod(TestMethodTestDescriptor.java:213)
	at org.junit.jupiter.engine.descriptor.TestMethodTestDescriptor.execute(TestMethodTestDescriptor.java:138)
	at org.junit.jupiter.engine.descriptor.TestMethodTestDescriptor.execute(TestMethodTestDescriptor.java:68)
	at org.junit.platform.engine.support.hierarchical.NodeTestTask.lambda$executeRecursively$6(NodeTestTask.java:151)
	at org.junit.platform.engine.support.hierarchical.ThrowableCollector.execute(ThrowableCollector.java:73)
	at org.junit.platform.engine.support.hierarchical.NodeTestTask.lambda$executeRecursively$8(NodeTestTask.java:141)
	at org.junit.platform.engine.support.hierarchical.Node.around(Node.java:137)
	at org.junit.platform.engine.support.hierarchical.NodeTestTask.lambda$executeRecursively$9(NodeTestTask.java:139)
	at org.junit.platform.engine.support.hierarchical.ThrowableCollector.execute(ThrowableCollector.java:73)
	at org.junit.platform.engine.support.hierarchical.NodeTestTask.executeRecursively(NodeTestTask.java:138)
	at org.junit.platform.engine.support.hierarchical.NodeTestTask.execute(NodeTestTask.java:95)
	at java.base/java.util.ArrayList.forEach(ArrayList.java:1511)
	at org.junit.platform.engine.support.hierarchical.SameThreadHierarchicalTestExecutorService.invokeAll(SameThreadHierarchicalTestExecutorService.java:41)
	at org.junit.platform.engine.support.hierarchical.NodeTestTask.lambda$executeRecursively$6(NodeTestTask.java:155)
	at org.junit.platform.engine.support.hierarchical.ThrowableCollector.execute(ThrowableCollector.java:73)
	at org.junit.platform.engine.support.hierarchical.NodeTestTask.lambda$executeRecursively$8(NodeTestTask.java:141)
	at org.junit.platform.engine.support.hierarchical.Node.around(Node.java:137)
	at org.junit.platform.engine.support.hierarchical.NodeTestTask.lambda$executeRecursively$9(NodeTestTask.java:139)
	at org.junit.platform.engine.support.hierarchical.ThrowableCollector.execute(ThrowableCollector.java:73)
	at org.junit.platform.engine.support.hierarchical.NodeTestTask.executeRecursively(NodeTestTask.java:138)
	at org.junit.platform.engine.support.hierarchical.NodeTestTask.execute(NodeTestTask.java:95)
	at java.base/java.util.ArrayList.forEach(ArrayList.java:1511)
	at org.junit.platform.engine.support.hierarchical.SameThreadHierarchicalTestExecutorService.invokeAll(SameThreadHierarchicalTestExecutorService.java:41)
	at org.junit.platform.engine.support.hierarchical.NodeTestTask.lambda$executeRecursively$6(NodeTestTask.java:155)
	at org.junit.platform.engine.support.hierarchical.ThrowableCollector.execute(ThrowableCollector.java:73)
	at org.junit.platform.engine.support.hierarchical.NodeTestTask.lambda$executeRecursively$8(NodeTestTask.java:141)
	at org.junit.platform.engine.support.hierarchical.Node.around(Node.java:137)
	at org.junit.platform.engine.support.hierarchical.NodeTestTask.lambda$executeRecursively$9(NodeTestTask.java:139)
	at org.junit.platform.engine.support.hierarchical.ThrowableCollector.execute(ThrowableCollector.java:73)
	at org.junit.platform.engine.support.hierarchical.NodeTestTask.executeRecursively(NodeTestTask.java:138)
	at org.junit.platform.engine.support.hierarchical.NodeTestTask.execute(NodeTestTask.java:95)
	at org.junit.platform.engine.support.hierarchical.SameThreadHierarchicalTestExecutorService.submit(SameThreadHierarchicalTestExecutorService.java:35)
	at org.junit.platform.engine.support.hierarchical.HierarchicalTestExecutor.execute(HierarchicalTestExecutor.java:57)
	at org.junit.platform.engine.support.hierarchical.HierarchicalTestEngine.execute(HierarchicalTestEngine.java:54)
	at org.junit.platform.launcher.core.EngineExecutionOrchestrator.execute(EngineExecutionOrchestrator.java:147)
	at org.junit.platform.launcher.core.EngineExecutionOrchestrator.execute(EngineExecutionOrchestrator.java:127)
	at org.junit.platform.launcher.core.EngineExecutionOrchestrator.execute(EngineExecutionOrchestrator.java:90)
	at org.junit.platform.launcher.core.EngineExecutionOrchestrator.lambda$execute$0(EngineExecutionOrchestrator.java:55)
	at org.junit.platform.launcher.core.EngineExecutionOrchestrator.withInterceptedStreams(EngineExecutionOrchestrator.java:102)
	at org.junit.platform.launcher.core.EngineExecutionOrchestrator.execute(EngineExecutionOrchestrator.java:54)
	at org.junit.platform.launcher.core.DefaultLauncher.execute(DefaultLauncher.java:114)
	at org.junit.platform.launcher.core.DefaultLauncher.execute(DefaultLauncher.java:86)
	at org.junit.platform.launcher.core.DefaultLauncherSession$DelegatingLauncher.execute(DefaultLauncherSession.java:86)
	at org.apache.maven.surefire.junitplatform.LazyLauncher.execute(LazyLauncher.java:55)
	at org.apache.maven.surefire.junitplatform.JUnitPlatformProvider.execute(JUnitPlatformProvider.java:223)
	at org.apache.maven.surefire.junitplatform.JUnitPlatformProvider.invokeAllTests(JUnitPlatformProvider.java:175)
	at org.apache.maven.surefire.junitplatform.JUnitPlatformProvider.invoke(JUnitPlatformProvider.java:139)
	at org.apache.maven.surefire.booter.ForkedBooter.runSuitesInProcess(ForkedBooter.java:456)
	at org.apache.maven.surefire.booter.ForkedBooter.execute(ForkedBooter.java:169)
	at org.apache.maven.surefire.booter.ForkedBooter.run(ForkedBooter.java:595)
	at org.apache.maven.surefire.booter.ForkedBooter.main(ForkedBooter.java:581)
Caused by: java.net.UnknownHostException: spuri.test
	at java.base/sun.nio.ch.NioSocketImpl.connect(NioSocketImpl.java:560)
	at java.base/java.net.Socket.connect(Socket.java:666)
	at java.base/java.net.Socket.connect(Socket.java:600)
	at java.base/sun.net.NetworkClient.doConnect(NetworkClient.java:183)
	at java.base/sun.net.www.http.HttpClient.openServer(HttpClient.java:531)
	at java.base/sun.net.www.http.HttpClient.openServer(HttpClient.java:636)
	at java.base/sun.net.www.http.HttpClient.<init>(HttpClient.java:279)
	at java.base/sun.net.www.http.HttpClient.New(HttpClient.java:384)
	at java.base/sun.net.www.http.HttpClient.New(HttpClient.java:406)
	at java.base/sun.net.www.protocol.http.HttpURLConnection.getNewHttpClient(HttpURLConnection.java:1308)
	at java.base/sun.net.www.protocol.http.HttpURLConnection.plainConnect0(HttpURLConnection.java:1241)
	at java.base/sun.net.www.protocol.http.HttpURLConnection.plainConnect(HttpURLConnection.java:1127)
	at java.base/sun.net.www.protocol.http.HttpURLConnection.connect(HttpURLConnection.java:1056)
	at java.base/sun.net.www.protocol.http.HttpURLConnection.getInputStream0(HttpURLConnection.java:1661)
	at java.base/sun.net.www.protocol.http.HttpURLConnection.getInputStream(HttpURLConnection.java:1585)
	at eu.europa.esig.dss.spi.client.http.NativeDataLoaderCall.call(NativeDataLoaderCall.java:112)
	... 87 common frames omitted
2023-04-28 11:53:06,507  INFO | main | eu.europa.esig.dss.spi.x509.TokenIssuerSelector         | The issuer subject name and subject name does not match (more details in debug mode). 
2023-04-28 11:53:06,507  INFO | main | eu.europa.esig.dss.spi.x509.TokenIssuerSelector         | The issuer subject name and subject name does not match (more details in debug mode). 
]]></system-out>
  </testcase>
  <testcase name="isSupportedBinaryDocument" classname="eu.europa.esig.dss.xades.validation.XMLDocumentValidatorTest" time="0">
    <system-out><![CDATA[2023-04-28 11:53:06,510  WARN | main | eu.europa.esig.dss.spi.DSSUtils                         | Cannot compare first bytes of the document. Reason : The number of read bytes [3] differs from the expected value [4]! The InputStream is too small, corrupted or not accessible! 
]]></system-out>
  </testcase>
  <testcase name="otherDocumentTypeValidation" classname="eu.europa.esig.dss.xades.validation.XMLDocumentValidatorTest" time="0.003">
    <system-err><![CDATA[[Fatal Error] :1:1: Invalid byte 1 of 1-byte UTF-8 sequence.
]]></system-err>
  </testcase>
  <testcase name="validateSignatures" classname="eu.europa.esig.dss.xades.validation.XMLDocumentValidatorTest" time="0.254">
    <system-out><![CDATA[2023-04-28 11:53:06,525  INFO | main | e.europa.esig.dss.validation.CommonCertificateVerifier  | + New CommonCertificateVerifier created. 
2023-04-28 11:53:06,529  INFO | main | eu.europa.esig.dss.validation.SignedDocumentValidator   | Document validation... 
2023-04-28 11:53:06,534  INFO | main | e.europa.esig.dss.validation.CommonCertificateVerifier  | + New CommonCertificateVerifier created. 
2023-04-28 11:53:06,536  INFO | main | e.e.esig.dss.xades.validation.XAdESCertificateSource    | +XAdESCertificateSource 
2023-04-28 11:53:06,542  INFO | main | e.europa.esig.dss.validation.CommonCertificateVerifier  | + New CommonCertificateVerifier created. 
2023-04-28 11:53:06,544  INFO | main | eu.europa.esig.dss.validation.AIACertificateSource      | Retrieving C-6D2795065FBDFBE6D65592927E15B619482DEEEC6B7C418DB1831C7E32D4A2AB certificate's issuer using AIA. 
2023-04-28 11:53:06,634  WARN | main | eu.europa.esig.dss.validation.AIACertificateSource      | The retrieved certificate(s) using AIA do not sign the certificate with Id : C-6D2795065FBDFBE6D65592927E15B619482DEEEC6B7C418DB1831C7E32D4A2AB. 
2023-04-28 11:53:06,634  WARN | main | e.europa.esig.dss.validation.SignatureValidationContext | No revocation found for the certificate C-329C25DE339658A3F265E9B0694FB973FCD8636C7534105A354EC1A3E0669965 
2023-04-28 11:53:06,635  WARN | main | e.europa.esig.dss.validation.SignatureValidationContext | Issuer not found for certificate C-6D2795065FBDFBE6D65592927E15B619482DEEEC6B7C418DB1831C7E32D4A2AB 
2023-04-28 11:53:06,635  WARN | main | eu.europa.esig.dss.validation.DiagnosticDataBuilder     | Provided CertificateSource configuration contains none of trusted sources of type TRUSTED_STORE or TRUSTED_LIST! 
2023-04-28 11:53:06,635  INFO | main | eu.europa.esig.dss.validation.SignedDocumentValidator   | Default SignaturePolicyProvider instantiated with NativeHTTPDataLoader. 
2023-04-28 11:53:06,648  INFO | main | e.europa.esig.dss.validation.CommonCertificateVerifier  | + New CommonCertificateVerifier created. 
2023-04-28 11:53:06,651  INFO | main | eu.europa.esig.dss.validation.SignedDocumentValidator   | Document validation... 
2023-04-28 11:53:06,655  INFO | main | e.europa.esig.dss.validation.CommonCertificateVerifier  | + New CommonCertificateVerifier created. 
2023-04-28 11:53:06,657  WARN | main | org.apache.xml.security.signature.Reference             | Verification failed for URI "#xades-id-93ef2bbbf61754c3735a8f0d34aff556" 
2023-04-28 11:53:06,657  WARN | main | org.apache.xml.security.signature.Reference             | Expected Digest: NZpI+dLFqcaP/fZH0uiNtsb4ep88PoPCIvEcUODdP94= 
2023-04-28 11:53:06,657  WARN | main | org.apache.xml.security.signature.Reference             | Actual Digest: 5Anx1vwtAhiDiD/Rq1iWzJcZjKEuILC3JP8EG+iOTME= 
2023-04-28 11:53:06,660  INFO | main | e.e.esig.dss.xades.validation.XAdESCertificateSource    | +XAdESCertificateSource 
2023-04-28 11:53:06,666  INFO | main | e.europa.esig.dss.validation.CommonCertificateVerifier  | + New CommonCertificateVerifier created. 
2023-04-28 11:53:06,666  WARN | main | org.apache.xml.security.signature.XMLSignature          | Signature verification failed. 
2023-04-28 11:53:06,667  WARN | main | org.apache.xml.security.signature.XMLSignature          | Signature verification failed. 
2023-04-28 11:53:06,667  WARN | main | e.europa.esig.dss.spi.x509.SignatureIntegrityValidator  | Determining signing certificate from certificate candidates list failed: [Signature verification failed against the best candidate., Certificate #1: Signature verification failed] 
2023-04-28 11:53:06,667  INFO | main | eu.europa.esig.dss.spi.x509.TokenIssuerSelector         | The issuer subject name and subject name does not match (more details in debug mode). 
2023-04-28 11:53:06,667  WARN | main | e.europa.esig.dss.validation.SignatureValidationContext | POE extraction is skipped for untrusted timestamp : T-40DF5E80FE5C49FD592003903AA30BC007ED36B469C6B5C4DFE2C269713D60C9. 
2023-04-28 11:53:06,668  WARN | main | e.europa.esig.dss.validation.SignatureValidationContext | No revocation found for the certificate C-47412A89AE1B2BA9A58A95F0CC7ABCBB714EB25A03BBAD6915C81B80D169E144 
2023-04-28 11:53:06,668  WARN | main | e.europa.esig.dss.validation.SignatureValidationContext | No revocation found for the certificate C-3D20102A7FE84ED6ADED8D22753F6975DFA156AF2D0C2F72C6E39F4C73507729 
2023-04-28 11:53:06,668  WARN | main | eu.europa.esig.dss.validation.DiagnosticDataBuilder     | Provided CertificateSource configuration contains none of trusted sources of type TRUSTED_STORE or TRUSTED_LIST! 
2023-04-28 11:53:06,668  INFO | main | eu.europa.esig.dss.validation.SignedDocumentValidator   | Default SignaturePolicyProvider instantiated with NativeHTTPDataLoader. 
2023-04-28 11:53:06,677  WARN | main | eu.europa.esig.dss.validation.SignaturePolicyProvider   | Unable to download the signature policy with url 'http://spuri.test' 
eu.europa.esig.dss.spi.exception.DSSExternalResourceException: An error occurred while reading from url 'http://spuri.test' : spuri.test
	at eu.europa.esig.dss.spi.client.http.NativeDataLoaderCall.call(NativeDataLoaderCall.java:119)
	at eu.europa.esig.dss.spi.client.http.NativeDataLoaderCall.call(NativeDataLoaderCall.java:37)
	at eu.europa.esig.dss.spi.client.http.NativeHTTPDataLoader.request(NativeHTTPDataLoader.java:147)
	at eu.europa.esig.dss.spi.client.http.NativeHTTPDataLoader.get(NativeHTTPDataLoader.java:199)
	at eu.europa.esig.dss.spi.client.http.NativeHTTPDataLoader.get(NativeHTTPDataLoader.java:185)
	at eu.europa.esig.dss.validation.SignaturePolicyProvider.getSignaturePolicyByUrl(SignaturePolicyProvider.java:104)
	at eu.europa.esig.dss.validation.SignaturePolicyProvider.getSignaturePolicy(SignaturePolicyProvider.java:127)
	at eu.europa.esig.dss.validation.SignedDocumentDiagnosticDataBuilder.extractSignaturePolicyContent(SignedDocumentDiagnosticDataBuilder.java:675)
	at eu.europa.esig.dss.validation.SignedDocumentDiagnosticDataBuilder.getPolicyBuilder(SignedDocumentDiagnosticDataBuilder.java:655)
	at eu.europa.esig.dss.validation.SignedDocumentDiagnosticDataBuilder.setXmlPolicy(SignedDocumentDiagnosticDataBuilder.java:458)
	at eu.europa.esig.dss.validation.SignedDocumentDiagnosticDataBuilder.getXmlSignature(SignedDocumentDiagnosticDataBuilder.java:413)
	at eu.europa.esig.dss.validation.SignedDocumentDiagnosticDataBuilder.buildXmlSignatures(SignedDocumentDiagnosticDataBuilder.java:388)
	at eu.europa.esig.dss.validation.SignedDocumentDiagnosticDataBuilder.build(SignedDocumentDiagnosticDataBuilder.java:285)
	at eu.europa.esig.dss.validation.SignedDocumentValidator.getDiagnosticData(SignedDocumentValidator.java:466)
	at eu.europa.esig.dss.validation.SignedDocumentValidator.validateDocument(SignedDocumentValidator.java:445)
	at eu.europa.esig.dss.validation.SignedDocumentValidator.validateDocument(SignedDocumentValidator.java:413)
	at eu.europa.esig.dss.validation.SignedDocumentValidator.validateDocument(SignedDocumentValidator.java:342)
	at eu.europa.esig.dss.test.validation.AbstractTestValidator.validate(AbstractTestValidator.java:151)
	at eu.europa.esig.dss.test.validation.AbstractTestValidator.validateSignatures(AbstractTestValidator.java:63)
	at java.base/jdk.internal.reflect.DirectMethodHandleAccessor.invoke(DirectMethodHandleAccessor.java:104)
	at java.base/java.lang.reflect.Method.invoke(Method.java:578)
	at org.junit.platform.commons.util.ReflectionUtils.invokeMethod(ReflectionUtils.java:727)
	at org.junit.jupiter.engine.execution.MethodInvocation.proceed(MethodInvocation.java:60)
	at org.junit.jupiter.engine.execution.InvocationInterceptorChain$ValidatingInvocation.proceed(InvocationInterceptorChain.java:131)
	at org.junit.jupiter.engine.extension.TimeoutExtension.intercept(TimeoutExtension.java:156)
	at org.junit.jupiter.engine.extension.TimeoutExtension.interceptTestableMethod(TimeoutExtension.java:147)
	at org.junit.jupiter.engine.extension.TimeoutExtension.interceptTestMethod(TimeoutExtension.java:86)
	at org.junit.jupiter.engine.execution.InterceptingExecutableInvoker$ReflectiveInterceptorCall.lambda$ofVoidMethod$0(InterceptingExecutableInvoker.java:103)
	at org.junit.jupiter.engine.execution.InterceptingExecutableInvoker.lambda$invoke$0(InterceptingExecutableInvoker.java:93)
	at org.junit.jupiter.engine.execution.InvocationInterceptorChain$InterceptedInvocation.proceed(InvocationInterceptorChain.java:106)
	at org.junit.jupiter.engine.execution.InvocationInterceptorChain.proceed(InvocationInterceptorChain.java:64)
	at org.junit.jupiter.engine.execution.InvocationInterceptorChain.chainAndInvoke(InvocationInterceptorChain.java:45)
	at org.junit.jupiter.engine.execution.InvocationInterceptorChain.invoke(InvocationInterceptorChain.java:37)
	at org.junit.jupiter.engine.execution.InterceptingExecutableInvoker.invoke(InterceptingExecutableInvoker.java:92)
	at org.junit.jupiter.engine.execution.InterceptingExecutableInvoker.invoke(InterceptingExecutableInvoker.java:86)
	at org.junit.jupiter.engine.descriptor.TestMethodTestDescriptor.lambda$invokeTestMethod$7(TestMethodTestDescriptor.java:217)
	at org.junit.platform.engine.support.hierarchical.ThrowableCollector.execute(ThrowableCollector.java:73)
	at org.junit.jupiter.engine.descriptor.TestMethodTestDescriptor.invokeTestMethod(TestMethodTestDescriptor.java:213)
	at org.junit.jupiter.engine.descriptor.TestMethodTestDescriptor.execute(TestMethodTestDescriptor.java:138)
	at org.junit.jupiter.engine.descriptor.TestMethodTestDescriptor.execute(TestMethodTestDescriptor.java:68)
	at org.junit.platform.engine.support.hierarchical.NodeTestTask.lambda$executeRecursively$6(NodeTestTask.java:151)
	at org.junit.platform.engine.support.hierarchical.ThrowableCollector.execute(ThrowableCollector.java:73)
	at org.junit.platform.engine.support.hierarchical.NodeTestTask.lambda$executeRecursively$8(NodeTestTask.java:141)
	at org.junit.platform.engine.support.hierarchical.Node.around(Node.java:137)
	at org.junit.platform.engine.support.hierarchical.NodeTestTask.lambda$executeRecursively$9(NodeTestTask.java:139)
	at org.junit.platform.engine.support.hierarchical.ThrowableCollector.execute(ThrowableCollector.java:73)
	at org.junit.platform.engine.support.hierarchical.NodeTestTask.executeRecursively(NodeTestTask.java:138)
	at org.junit.platform.engine.support.hierarchical.NodeTestTask.execute(NodeTestTask.java:95)
	at java.base/java.util.ArrayList.forEach(ArrayList.java:1511)
	at org.junit.platform.engine.support.hierarchical.SameThreadHierarchicalTestExecutorService.invokeAll(SameThreadHierarchicalTestExecutorService.java:41)
	at org.junit.platform.engine.support.hierarchical.NodeTestTask.lambda$executeRecursively$6(NodeTestTask.java:155)
	at org.junit.platform.engine.support.hierarchical.ThrowableCollector.execute(ThrowableCollector.java:73)
	at org.junit.platform.engine.support.hierarchical.NodeTestTask.lambda$executeRecursively$8(NodeTestTask.java:141)
	at org.junit.platform.engine.support.hierarchical.Node.around(Node.java:137)
	at org.junit.platform.engine.support.hierarchical.NodeTestTask.lambda$executeRecursively$9(NodeTestTask.java:139)
	at org.junit.platform.engine.support.hierarchical.ThrowableCollector.execute(ThrowableCollector.java:73)
	at org.junit.platform.engine.support.hierarchical.NodeTestTask.executeRecursively(NodeTestTask.java:138)
	at org.junit.platform.engine.support.hierarchical.NodeTestTask.execute(NodeTestTask.java:95)
	at java.base/java.util.ArrayList.forEach(ArrayList.java:1511)
	at org.junit.platform.engine.support.hierarchical.SameThreadHierarchicalTestExecutorService.invokeAll(SameThreadHierarchicalTestExecutorService.java:41)
	at org.junit.platform.engine.support.hierarchical.NodeTestTask.lambda$executeRecursively$6(NodeTestTask.java:155)
	at org.junit.platform.engine.support.hierarchical.ThrowableCollector.execute(ThrowableCollector.java:73)
	at org.junit.platform.engine.support.hierarchical.NodeTestTask.lambda$executeRecursively$8(NodeTestTask.java:141)
	at org.junit.platform.engine.support.hierarchical.Node.around(Node.java:137)
	at org.junit.platform.engine.support.hierarchical.NodeTestTask.lambda$executeRecursively$9(NodeTestTask.java:139)
	at org.junit.platform.engine.support.hierarchical.ThrowableCollector.execute(ThrowableCollector.java:73)
	at org.junit.platform.engine.support.hierarchical.NodeTestTask.executeRecursively(NodeTestTask.java:138)
	at org.junit.platform.engine.support.hierarchical.NodeTestTask.execute(NodeTestTask.java:95)
	at org.junit.platform.engine.support.hierarchical.SameThreadHierarchicalTestExecutorService.submit(SameThreadHierarchicalTestExecutorService.java:35)
	at org.junit.platform.engine.support.hierarchical.HierarchicalTestExecutor.execute(HierarchicalTestExecutor.java:57)
	at org.junit.platform.engine.support.hierarchical.HierarchicalTestEngine.execute(HierarchicalTestEngine.java:54)
	at org.junit.platform.launcher.core.EngineExecutionOrchestrator.execute(EngineExecutionOrchestrator.java:147)
	at org.junit.platform.launcher.core.EngineExecutionOrchestrator.execute(EngineExecutionOrchestrator.java:127)
	at org.junit.platform.launcher.core.EngineExecutionOrchestrator.execute(EngineExecutionOrchestrator.java:90)
	at org.junit.platform.launcher.core.EngineExecutionOrchestrator.lambda$execute$0(EngineExecutionOrchestrator.java:55)
	at org.junit.platform.launcher.core.EngineExecutionOrchestrator.withInterceptedStreams(EngineExecutionOrchestrator.java:102)
	at org.junit.platform.launcher.core.EngineExecutionOrchestrator.execute(EngineExecutionOrchestrator.java:54)
	at org.junit.platform.launcher.core.DefaultLauncher.execute(DefaultLauncher.java:114)
	at org.junit.platform.launcher.core.DefaultLauncher.execute(DefaultLauncher.java:86)
	at org.junit.platform.launcher.core.DefaultLauncherSession$DelegatingLauncher.execute(DefaultLauncherSession.java:86)
	at org.apache.maven.surefire.junitplatform.LazyLauncher.execute(LazyLauncher.java:55)
	at org.apache.maven.surefire.junitplatform.JUnitPlatformProvider.execute(JUnitPlatformProvider.java:223)
	at org.apache.maven.surefire.junitplatform.JUnitPlatformProvider.invokeAllTests(JUnitPlatformProvider.java:175)
	at org.apache.maven.surefire.junitplatform.JUnitPlatformProvider.invoke(JUnitPlatformProvider.java:139)
	at org.apache.maven.surefire.booter.ForkedBooter.runSuitesInProcess(ForkedBooter.java:456)
	at org.apache.maven.surefire.booter.ForkedBooter.execute(ForkedBooter.java:169)
	at org.apache.maven.surefire.booter.ForkedBooter.run(ForkedBooter.java:595)
	at org.apache.maven.surefire.booter.ForkedBooter.main(ForkedBooter.java:581)
Caused by: java.net.UnknownHostException: spuri.test
	at java.base/sun.nio.ch.NioSocketImpl.connect(NioSocketImpl.java:560)
	at java.base/java.net.Socket.connect(Socket.java:666)
	at java.base/java.net.Socket.connect(Socket.java:600)
	at java.base/sun.net.NetworkClient.doConnect(NetworkClient.java:183)
	at java.base/sun.net.www.http.HttpClient.openServer(HttpClient.java:531)
	at java.base/sun.net.www.http.HttpClient.openServer(HttpClient.java:636)
	at java.base/sun.net.www.http.HttpClient.<init>(HttpClient.java:279)
	at java.base/sun.net.www.http.HttpClient.New(HttpClient.java:384)
	at java.base/sun.net.www.http.HttpClient.New(HttpClient.java:406)
	at java.base/sun.net.www.protocol.http.HttpURLConnection.getNewHttpClient(HttpURLConnection.java:1308)
	at java.base/sun.net.www.protocol.http.HttpURLConnection.plainConnect0(HttpURLConnection.java:1241)
	at java.base/sun.net.www.protocol.http.HttpURLConnection.plainConnect(HttpURLConnection.java:1127)
	at java.base/sun.net.www.protocol.http.HttpURLConnection.connect(HttpURLConnection.java:1056)
	at java.base/sun.net.www.protocol.http.HttpURLConnection.getInputStream0(HttpURLConnection.java:1661)
	at java.base/sun.net.www.protocol.http.HttpURLConnection.getInputStream(HttpURLConnection.java:1585)
	at eu.europa.esig.dss.spi.client.http.NativeDataLoaderCall.call(NativeDataLoaderCall.java:112)
	... 87 common frames omitted
2023-04-28 11:53:06,678  INFO | main | eu.europa.esig.dss.spi.x509.TokenIssuerSelector         | The issuer subject name and subject name does not match (more details in debug mode). 
2023-04-28 11:53:06,678  INFO | main | eu.europa.esig.dss.spi.x509.TokenIssuerSelector         | The issuer subject name and subject name does not match (more details in debug mode). 
2023-04-28 11:53:06,684  INFO | main | e.europa.esig.dss.validation.CommonCertificateVerifier  | + New CommonCertificateVerifier created. 
2023-04-28 11:53:06,687  INFO | main | eu.europa.esig.dss.validation.SignedDocumentValidator   | Document validation... 
2023-04-28 11:53:06,690  INFO | main | e.europa.esig.dss.validation.CommonCertificateVerifier  | + New CommonCertificateVerifier created. 
2023-04-28 11:53:06,697  INFO | main | e.e.esig.dss.xades.validation.XAdESCertificateSource    | +XAdESCertificateSource 
2023-04-28 11:53:06,713  INFO | main | e.europa.esig.dss.validation.CommonCertificateVerifier  | + New CommonCertificateVerifier created. 
2023-04-28 11:53:06,716  WARN | main | e.europa.esig.dss.validation.SignatureValidationContext | POE extraction is skipped for untrusted timestamp : T-5993ED6C3BF08DC15D79A6548776E594540CEB042E4A0248D5C6A68D583D2427. 
2023-04-28 11:53:06,718  WARN | main | e.europa.esig.dss.validation.SignatureValidationContext | POE extraction is skipped for untrusted timestamp : T-04FE8A311AA9514DBA7A8A3039892C2F7641D5B53075266A98B1E33A089F31C0. 
2023-04-28 11:53:06,719  WARN | main | e.europa.esig.dss.validation.SignatureValidationContext | No revocation found for the certificate C-B9B8051A58645938F660EC1261B7534E2DC7422882D873B2876204BBA1078352 
2023-04-28 11:53:06,719  WARN | main | e.europa.esig.dss.validation.SignatureValidationContext | No revocation found for the certificate C-DC1CD75D6E0F8F1D6D33F1F99E1B709693A38DDFA7DC7A357100295A6CF4C955 
2023-04-28 11:53:06,719  WARN | main | e.europa.esig.dss.validation.SignatureValidationContext | No revocation found for the certificate C-FE7DFD7173311743BAFD5D919292663470D94A18FCF4300BE49C80AF0C4180F3 
2023-04-28 11:53:06,719  WARN | main | eu.europa.esig.dss.validation.DiagnosticDataBuilder     | Provided CertificateSource configuration contains none of trusted sources of type TRUSTED_STORE or TRUSTED_LIST! 
2023-04-28 11:53:06,719  INFO | main | eu.europa.esig.dss.validation.SignedDocumentValidator   | Default SignaturePolicyProvider instantiated with NativeHTTPDataLoader. 
2023-04-28 11:53:06,737  INFO | main | e.europa.esig.dss.validation.CommonCertificateVerifier  | + New CommonCertificateVerifier created. 
2023-04-28 11:53:06,741  INFO | main | eu.europa.esig.dss.validation.SignedDocumentValidator   | Document validation... 
2023-04-28 11:53:06,744  INFO | main | e.europa.esig.dss.validation.CommonCertificateVerifier  | + New CommonCertificateVerifier created. 
2023-04-28 11:53:06,745  WARN | main | org.apache.xml.security.signature.Reference             | Verification failed for URI "#xades-id-93ef2bbbf61754c3735a8f0d34aff556" 
2023-04-28 11:53:06,745  WARN | main | org.apache.xml.security.signature.Reference             | Expected Digest: NZpI+dLFqcaP/fZH0uiNtsb4ep88PoPCIvEcUODdP94= 
2023-04-28 11:53:06,745  WARN | main | org.apache.xml.security.signature.Reference             | Actual Digest: 5Anx1vwtAhiDiD/Rq1iWzJcZjKEuILC3JP8EG+iOTME= 
2023-04-28 11:53:06,748  INFO | main | e.e.esig.dss.xades.validation.XAdESCertificateSource    | +XAdESCertificateSource 
2023-04-28 11:53:06,754  INFO | main | e.europa.esig.dss.validation.CommonCertificateVerifier  | + New CommonCertificateVerifier created. 
2023-04-28 11:53:06,755  WARN | main | org.apache.xml.security.signature.XMLSignature          | Signature verification failed. 
2023-04-28 11:53:06,755  WARN | main | org.apache.xml.security.signature.XMLSignature          | Signature verification failed. 
2023-04-28 11:53:06,755  WARN | main | e.europa.esig.dss.spi.x509.SignatureIntegrityValidator  | Determining signing certificate from certificate candidates list failed: [Signature verification failed against the best candidate., Certificate #1: Signature verification failed] 
2023-04-28 11:53:06,756  INFO | main | eu.europa.esig.dss.spi.x509.TokenIssuerSelector         | The issuer subject name and subject name does not match (more details in debug mode). 
2023-04-28 11:53:06,756  WARN | main | e.europa.esig.dss.validation.SignatureValidationContext | POE extraction is skipped for untrusted timestamp : T-40DF5E80FE5C49FD592003903AA30BC007ED36B469C6B5C4DFE2C269713D60C9. 
2023-04-28 11:53:06,756  WARN | main | e.europa.esig.dss.validation.SignatureValidationContext | No revocation found for the certificate C-47412A89AE1B2BA9A58A95F0CC7ABCBB714EB25A03BBAD6915C81B80D169E144 
2023-04-28 11:53:06,756  WARN | main | e.europa.esig.dss.validation.SignatureValidationContext | No revocation found for the certificate C-3D20102A7FE84ED6ADED8D22753F6975DFA156AF2D0C2F72C6E39F4C73507729 
2023-04-28 11:53:06,757  WARN | main | eu.europa.esig.dss.validation.DiagnosticDataBuilder     | Provided CertificateSource configuration contains none of trusted sources of type TRUSTED_STORE or TRUSTED_LIST! 
2023-04-28 11:53:06,757  INFO | main | eu.europa.esig.dss.validation.SignedDocumentValidator   | Default SignaturePolicyProvider instantiated with NativeHTTPDataLoader. 
2023-04-28 11:53:06,766  WARN | main | eu.europa.esig.dss.validation.SignaturePolicyProvider   | Unable to download the signature policy with url 'http://spuri.test' 
eu.europa.esig.dss.spi.exception.DSSExternalResourceException: An error occurred while reading from url 'http://spuri.test' : spuri.test
	at eu.europa.esig.dss.spi.client.http.NativeDataLoaderCall.call(NativeDataLoaderCall.java:119)
	at eu.europa.esig.dss.spi.client.http.NativeDataLoaderCall.call(NativeDataLoaderCall.java:37)
	at eu.europa.esig.dss.spi.client.http.NativeHTTPDataLoader.request(NativeHTTPDataLoader.java:147)
	at eu.europa.esig.dss.spi.client.http.NativeHTTPDataLoader.get(NativeHTTPDataLoader.java:199)
	at eu.europa.esig.dss.spi.client.http.NativeHTTPDataLoader.get(NativeHTTPDataLoader.java:185)
	at eu.europa.esig.dss.validation.SignaturePolicyProvider.getSignaturePolicyByUrl(SignaturePolicyProvider.java:104)
	at eu.europa.esig.dss.validation.SignaturePolicyProvider.getSignaturePolicy(SignaturePolicyProvider.java:127)
	at eu.europa.esig.dss.validation.SignedDocumentDiagnosticDataBuilder.extractSignaturePolicyContent(SignedDocumentDiagnosticDataBuilder.java:675)
	at eu.europa.esig.dss.validation.SignedDocumentDiagnosticDataBuilder.getPolicyBuilder(SignedDocumentDiagnosticDataBuilder.java:655)
	at eu.europa.esig.dss.validation.SignedDocumentDiagnosticDataBuilder.setXmlPolicy(SignedDocumentDiagnosticDataBuilder.java:458)
	at eu.europa.esig.dss.validation.SignedDocumentDiagnosticDataBuilder.getXmlSignature(SignedDocumentDiagnosticDataBuilder.java:413)
	at eu.europa.esig.dss.validation.SignedDocumentDiagnosticDataBuilder.buildXmlSignatures(SignedDocumentDiagnosticDataBuilder.java:388)
	at eu.europa.esig.dss.validation.SignedDocumentDiagnosticDataBuilder.build(SignedDocumentDiagnosticDataBuilder.java:285)
	at eu.europa.esig.dss.validation.SignedDocumentValidator.getDiagnosticData(SignedDocumentValidator.java:466)
	at eu.europa.esig.dss.validation.SignedDocumentValidator.validateDocument(SignedDocumentValidator.java:445)
	at eu.europa.esig.dss.validation.SignedDocumentValidator.validateDocument(SignedDocumentValidator.java:413)
	at eu.europa.esig.dss.validation.SignedDocumentValidator.validateDocument(SignedDocumentValidator.java:342)
	at eu.europa.esig.dss.test.validation.AbstractTestValidator.validate(AbstractTestValidator.java:151)
	at eu.europa.esig.dss.test.validation.AbstractTestValidator.validateSignatures(AbstractTestValidator.java:63)
	at java.base/jdk.internal.reflect.DirectMethodHandleAccessor.invoke(DirectMethodHandleAccessor.java:104)
	at java.base/java.lang.reflect.Method.invoke(Method.java:578)
	at org.junit.platform.commons.util.ReflectionUtils.invokeMethod(ReflectionUtils.java:727)
	at org.junit.jupiter.engine.execution.MethodInvocation.proceed(MethodInvocation.java:60)
	at org.junit.jupiter.engine.execution.InvocationInterceptorChain$ValidatingInvocation.proceed(InvocationInterceptorChain.java:131)
	at org.junit.jupiter.engine.extension.TimeoutExtension.intercept(TimeoutExtension.java:156)
	at org.junit.jupiter.engine.extension.TimeoutExtension.interceptTestableMethod(TimeoutExtension.java:147)
	at org.junit.jupiter.engine.extension.TimeoutExtension.interceptTestMethod(TimeoutExtension.java:86)
	at org.junit.jupiter.engine.execution.InterceptingExecutableInvoker$ReflectiveInterceptorCall.lambda$ofVoidMethod$0(InterceptingExecutableInvoker.java:103)
	at org.junit.jupiter.engine.execution.InterceptingExecutableInvoker.lambda$invoke$0(InterceptingExecutableInvoker.java:93)
	at org.junit.jupiter.engine.execution.InvocationInterceptorChain$InterceptedInvocation.proceed(InvocationInterceptorChain.java:106)
	at org.junit.jupiter.engine.execution.InvocationInterceptorChain.proceed(InvocationInterceptorChain.java:64)
	at org.junit.jupiter.engine.execution.InvocationInterceptorChain.chainAndInvoke(InvocationInterceptorChain.java:45)
	at org.junit.jupiter.engine.execution.InvocationInterceptorChain.invoke(InvocationInterceptorChain.java:37)
	at org.junit.jupiter.engine.execution.InterceptingExecutableInvoker.invoke(InterceptingExecutableInvoker.java:92)
	at org.junit.jupiter.engine.execution.InterceptingExecutableInvoker.invoke(InterceptingExecutableInvoker.java:86)
	at org.junit.jupiter.engine.descriptor.TestMethodTestDescriptor.lambda$invokeTestMethod$7(TestMethodTestDescriptor.java:217)
	at org.junit.platform.engine.support.hierarchical.ThrowableCollector.execute(ThrowableCollector.java:73)
	at org.junit.jupiter.engine.descriptor.TestMethodTestDescriptor.invokeTestMethod(TestMethodTestDescriptor.java:213)
	at org.junit.jupiter.engine.descriptor.TestMethodTestDescriptor.execute(TestMethodTestDescriptor.java:138)
	at org.junit.jupiter.engine.descriptor.TestMethodTestDescriptor.execute(TestMethodTestDescriptor.java:68)
	at org.junit.platform.engine.support.hierarchical.NodeTestTask.lambda$executeRecursively$6(NodeTestTask.java:151)
	at org.junit.platform.engine.support.hierarchical.ThrowableCollector.execute(ThrowableCollector.java:73)
	at org.junit.platform.engine.support.hierarchical.NodeTestTask.lambda$executeRecursively$8(NodeTestTask.java:141)
	at org.junit.platform.engine.support.hierarchical.Node.around(Node.java:137)
	at org.junit.platform.engine.support.hierarchical.NodeTestTask.lambda$executeRecursively$9(NodeTestTask.java:139)
	at org.junit.platform.engine.support.hierarchical.ThrowableCollector.execute(ThrowableCollector.java:73)
	at org.junit.platform.engine.support.hierarchical.NodeTestTask.executeRecursively(NodeTestTask.java:138)
	at org.junit.platform.engine.support.hierarchical.NodeTestTask.execute(NodeTestTask.java:95)
	at java.base/java.util.ArrayList.forEach(ArrayList.java:1511)
	at org.junit.platform.engine.support.hierarchical.SameThreadHierarchicalTestExecutorService.invokeAll(SameThreadHierarchicalTestExecutorService.java:41)
	at org.junit.platform.engine.support.hierarchical.NodeTestTask.lambda$executeRecursively$6(NodeTestTask.java:155)
	at org.junit.platform.engine.support.hierarchical.ThrowableCollector.execute(ThrowableCollector.java:73)
	at org.junit.platform.engine.support.hierarchical.NodeTestTask.lambda$executeRecursively$8(NodeTestTask.java:141)
	at org.junit.platform.engine.support.hierarchical.Node.around(Node.java:137)
	at org.junit.platform.engine.support.hierarchical.NodeTestTask.lambda$executeRecursively$9(NodeTestTask.java:139)
	at org.junit.platform.engine.support.hierarchical.ThrowableCollector.execute(ThrowableCollector.java:73)
	at org.junit.platform.engine.support.hierarchical.NodeTestTask.executeRecursively(NodeTestTask.java:138)
	at org.junit.platform.engine.support.hierarchical.NodeTestTask.execute(NodeTestTask.java:95)
	at java.base/java.util.ArrayList.forEach(ArrayList.java:1511)
	at org.junit.platform.engine.support.hierarchical.SameThreadHierarchicalTestExecutorService.invokeAll(SameThreadHierarchicalTestExecutorService.java:41)
	at org.junit.platform.engine.support.hierarchical.NodeTestTask.lambda$executeRecursively$6(NodeTestTask.java:155)
	at org.junit.platform.engine.support.hierarchical.ThrowableCollector.execute(ThrowableCollector.java:73)
	at org.junit.platform.engine.support.hierarchical.NodeTestTask.lambda$executeRecursively$8(NodeTestTask.java:141)
	at org.junit.platform.engine.support.hierarchical.Node.around(Node.java:137)
	at org.junit.platform.engine.support.hierarchical.NodeTestTask.lambda$executeRecursively$9(NodeTestTask.java:139)
	at org.junit.platform.engine.support.hierarchical.ThrowableCollector.execute(ThrowableCollector.java:73)
	at org.junit.platform.engine.support.hierarchical.NodeTestTask.executeRecursively(NodeTestTask.java:138)
	at org.junit.platform.engine.support.hierarchical.NodeTestTask.execute(NodeTestTask.java:95)
	at org.junit.platform.engine.support.hierarchical.SameThreadHierarchicalTestExecutorService.submit(SameThreadHierarchicalTestExecutorService.java:35)
	at org.junit.platform.engine.support.hierarchical.HierarchicalTestExecutor.execute(HierarchicalTestExecutor.java:57)
	at org.junit.platform.engine.support.hierarchical.HierarchicalTestEngine.execute(HierarchicalTestEngine.java:54)
	at org.junit.platform.launcher.core.EngineExecutionOrchestrator.execute(EngineExecutionOrchestrator.java:147)
	at org.junit.platform.launcher.core.EngineExecutionOrchestrator.execute(EngineExecutionOrchestrator.java:127)
	at org.junit.platform.launcher.core.EngineExecutionOrchestrator.execute(EngineExecutionOrchestrator.java:90)
	at org.junit.platform.launcher.core.EngineExecutionOrchestrator.lambda$execute$0(EngineExecutionOrchestrator.java:55)
	at org.junit.platform.launcher.core.EngineExecutionOrchestrator.withInterceptedStreams(EngineExecutionOrchestrator.java:102)
	at org.junit.platform.launcher.core.EngineExecutionOrchestrator.execute(EngineExecutionOrchestrator.java:54)
	at org.junit.platform.launcher.core.DefaultLauncher.execute(DefaultLauncher.java:114)
	at org.junit.platform.launcher.core.DefaultLauncher.execute(DefaultLauncher.java:86)
	at org.junit.platform.launcher.core.DefaultLauncherSession$DelegatingLauncher.execute(DefaultLauncherSession.java:86)
	at org.apache.maven.surefire.junitplatform.LazyLauncher.execute(LazyLauncher.java:55)
	at org.apache.maven.surefire.junitplatform.JUnitPlatformProvider.execute(JUnitPlatformProvider.java:223)
	at org.apache.maven.surefire.junitplatform.JUnitPlatformProvider.invokeAllTests(JUnitPlatformProvider.java:175)
	at org.apache.maven.surefire.junitplatform.JUnitPlatformProvider.invoke(JUnitPlatformProvider.java:139)
	at org.apache.maven.surefire.booter.ForkedBooter.runSuitesInProcess(ForkedBooter.java:456)
	at org.apache.maven.surefire.booter.ForkedBooter.execute(ForkedBooter.java:169)
	at org.apache.maven.surefire.booter.ForkedBooter.run(ForkedBooter.java:595)
	at org.apache.maven.surefire.booter.ForkedBooter.main(ForkedBooter.java:581)
Caused by: java.net.UnknownHostException: spuri.test
	at java.base/sun.nio.ch.NioSocketImpl.connect(NioSocketImpl.java:560)
	at java.base/java.net.Socket.connect(Socket.java:666)
	at java.base/java.net.Socket.connect(Socket.java:600)
	at java.base/sun.net.NetworkClient.doConnect(NetworkClient.java:183)
	at java.base/sun.net.www.http.HttpClient.openServer(HttpClient.java:531)
	at java.base/sun.net.www.http.HttpClient.openServer(HttpClient.java:636)
	at java.base/sun.net.www.http.HttpClient.<init>(HttpClient.java:279)
	at java.base/sun.net.www.http.HttpClient.New(HttpClient.java:384)
	at java.base/sun.net.www.http.HttpClient.New(HttpClient.java:406)
	at java.base/sun.net.www.protocol.http.HttpURLConnection.getNewHttpClient(HttpURLConnection.java:1308)
	at java.base/sun.net.www.protocol.http.HttpURLConnection.plainConnect0(HttpURLConnection.java:1241)
	at java.base/sun.net.www.protocol.http.HttpURLConnection.plainConnect(HttpURLConnection.java:1127)
	at java.base/sun.net.www.protocol.http.HttpURLConnection.connect(HttpURLConnection.java:1056)
	at java.base/sun.net.www.protocol.http.HttpURLConnection.getInputStream0(HttpURLConnection.java:1661)
	at java.base/sun.net.www.protocol.http.HttpURLConnection.getInputStream(HttpURLConnection.java:1585)
	at eu.europa.esig.dss.spi.client.http.NativeDataLoaderCall.call(NativeDataLoaderCall.java:112)
	... 87 common frames omitted
2023-04-28 11:53:06,766  INFO | main | eu.europa.esig.dss.spi.x509.TokenIssuerSelector         | The issuer subject name and subject name does not match (more details in debug mode). 
2023-04-28 11:53:06,766  INFO | main | eu.europa.esig.dss.spi.x509.TokenIssuerSelector         | The issuer subject name and subject name does not match (more details in debug mode). 
]]></system-out>
  </testcase>
  <testcase name="malformedDocumentValidation" classname="eu.europa.esig.dss.xades.validation.XMLDocumentValidatorTest" time="0.003">
    <system-err><![CDATA[[Fatal Error] :1:1: Invalid byte 2 of 3-byte UTF-8 sequence.
]]></system-err>
  </testcase>
  <testcase name="isSupportedMalformedDocument" classname="eu.europa.esig.dss.xades.validation.XMLDocumentValidatorTest" time="0.001"/>
  <testcase name="validateNoSignatureDocument" classname="eu.europa.esig.dss.xades.validation.XMLDocumentValidatorTest" time="0.011">
    <system-out><![CDATA[2023-04-28 11:53:06,779  INFO | main | e.europa.esig.dss.validation.CommonCertificateVerifier  | + New CommonCertificateVerifier created. 
2023-04-28 11:53:06,781  INFO | main | eu.europa.esig.dss.validation.SignedDocumentValidator   | Document validation... 
2023-04-28 11:53:06,784  INFO | main | e.europa.esig.dss.validation.CommonCertificateVerifier  | + New CommonCertificateVerifier created. 
2023-04-28 11:53:06,784  WARN | main | eu.europa.esig.dss.validation.DiagnosticDataBuilder     | Provided CertificateSource configuration contains none of trusted sources of type TRUSTED_STORE or TRUSTED_LIST! 
2023-04-28 11:53:06,784  INFO | main | eu.europa.esig.dss.validation.SignedDocumentValidator   | Default SignaturePolicyProvider instantiated with NativeHTTPDataLoader. 
]]></system-out>
  </testcase>
  <testcase name="isSupportedOtherTypeDocument" classname="eu.europa.esig.dss.xades.validation.XMLDocumentValidatorTest" time="0.002"/>
  <testcase name="isSupported" classname="eu.europa.esig.dss.xades.validation.XMLDocumentValidatorTest" time="0.001">
    <system-out><![CDATA[2023-04-28 11:53:06,789  WARN | main | eu.europa.esig.dss.spi.DSSUtils                         | Cannot compare first bytes of the document. Reason : The number of read bytes [2] differs from the expected value [4]! The InputStream is too small, corrupted or not accessible! 
2023-04-28 11:53:06,789  WARN | main | eu.europa.esig.dss.spi.DSSUtils                         | Cannot compare first bytes of the document. Reason : The number of read bytes [2] differs from the expected value [4]! The InputStream is too small, corrupted or not accessible! 
2023-04-28 11:53:06,789  WARN | main | eu.europa.esig.dss.spi.DSSUtils                         | Cannot compare first bytes of the document. Reason : The number of read bytes [2] differs from the expected value [4]! The InputStream is too small, corrupted or not accessible! 
2023-04-28 11:53:06,789  WARN | main | eu.europa.esig.dss.spi.DSSUtils                         | Cannot compare first bytes of the document. Reason : The number of read bytes [2] differs from the expected value [4]! The InputStream is too small, corrupted or not accessible! 
2023-04-28 11:53:06,790  WARN | main | eu.europa.esig.dss.spi.DSSUtils                         | Cannot compare first bytes of the document. Reason : The number of read bytes [2] differs from the expected value [4]! The InputStream is too small, corrupted or not accessible! 
]]></system-out>
  </testcase>
</testsuite>