<?xml version="1.0" encoding="UTF-8"?>
<testsuite xmlns:xsi="http://www.w3.org/2001/XMLSchema-instance" xsi:noNamespaceSchemaLocation="https://maven.apache.org/surefire/maven-surefire-plugin/xsd/surefire-test-report-3.0.xsd" version="3.0" name="eu.europa.esig.dss.pades.validation.suite.revocation.PAdESFiveSignaturesDocTest" time="1.152" tests="1" errors="0" skipped="0" failures="0">
  <properties>
[...]
</properties>
  <testcase name="validate" classname="eu.europa.esig.dss.pades.validation.suite.revocation.PAdESFiveSignaturesDocTest" time="1.152">
    <system-out><![CDATA[2023-04-28 12:15:18,321  INFO | main | e.europa.esig.dss.test.AbstractPkiFactoryTestValidation | =================== VALIDATION ================= 
2023-04-28 12:15:18,326  INFO | main | e.europa.esig.dss.validation.CommonCertificateVerifier  | + New CommonCertificateVerifier created. 
2023-04-28 12:15:18,482  INFO | main | eu.europa.esig.dss.pdf.AbstractPDFSignatureService      | Signature fields: [Signature6] 
2023-04-28 12:15:18,547  INFO | main | eu.europa.esig.dss.pdf.AbstractPDFSignatureService      | Signature fields: [Signature5] 
2023-04-28 12:15:18,560  INFO | main | eu.europa.esig.dss.pdf.AbstractPDFSignatureService      | Signature fields: [Signature4] 
2023-04-28 12:15:18,572  INFO | main | eu.europa.esig.dss.pdf.AbstractPDFSignatureService      | Signature fields: [Signature3] 
2023-04-28 12:15:18,581  INFO | main | eu.europa.esig.dss.pdf.AbstractPDFSignatureService      | Signature fields: [Signature2] 
2023-04-28 12:15:18,586  INFO | main | eu.europa.esig.dss.pdf.AbstractPDFSignatureService      | Signature fields: [Signature1] 
2023-04-28 12:15:18,594  INFO | main | e.europa.esig.dss.validation.CommonCertificateVerifier  | + New CommonCertificateVerifier created. 
2023-04-28 12:15:18,596  INFO | main | e.europa.esig.dss.validation.CommonCertificateVerifier  | + New CommonCertificateVerifier created. 
2023-04-28 12:15:18,598  INFO | main | e.europa.esig.dss.validation.CommonCertificateVerifier  | + New CommonCertificateVerifier created. 
2023-04-28 12:15:18,600  INFO | main | e.europa.esig.dss.validation.CommonCertificateVerifier  | + New CommonCertificateVerifier created. 
2023-04-28 12:15:18,602  INFO | main | e.europa.esig.dss.validation.CommonCertificateVerifier  | + New CommonCertificateVerifier created. 
2023-04-28 12:15:18,605  INFO | main | eu.europa.esig.dss.validation.SignedDocumentValidator   | Document validation... 
2023-04-28 12:15:19,295  INFO | main | e.europa.esig.dss.validation.CommonCertificateVerifier  | + New CommonCertificateVerifier created. 
2023-04-28 12:15:19,297  WARN | main | e.europa.esig.dss.spi.x509.SignatureIntegrityValidator  | Determining signing certificate from certificate candidates list failed: [Signature verification failed against the best candidate.] 
2023-04-28 12:15:19,299  WARN | main | e.europa.esig.dss.validation.SignatureValidationContext | POE extraction is skipped for untrusted timestamp : T-CB5412BE5492A458F39CBE92786DB7F07FBC5EDC4500DA66E86448EEAC951D45. 
2023-04-28 12:15:19,300  WARN | main | e.europa.esig.dss.validation.SignatureValidationContext | POE extraction is skipped for untrusted timestamp : T-B3A3D298EFC2086488AE7AA5F0031A75FF08A9EB471AEFA4D3A6B73C7E052C53. 
2023-04-28 12:15:19,302  WARN | main | e.europa.esig.dss.spi.x509.SignatureIntegrityValidator  | Determining signing certificate from certificate candidates list failed: [Signature verification failed against the best candidate.] 
2023-04-28 12:15:19,304  WARN | main | e.europa.esig.dss.validation.SignatureValidationContext | POE extraction is skipped for untrusted timestamp : T-96F801278362C8FD3D60A94AFB282717B9D933C352C0291AFD918B24E1C1F898. 
2023-04-28 12:15:19,306  WARN | main | e.europa.esig.dss.spi.x509.SignatureIntegrityValidator  | Determining signing certificate from certificate candidates list failed: [Signature verification failed against the best candidate.] 
2023-04-28 12:15:19,310  WARN | main | e.europa.esig.dss.spi.x509.SignatureIntegrityValidator  | Determining signing certificate from certificate candidates list failed: [Signature verification failed against the best candidate.] 
2023-04-28 12:15:19,314  WARN | main | e.europa.esig.dss.spi.x509.SignatureIntegrityValidator  | Determining signing certificate from certificate candidates list failed: [Signature verification failed against the best candidate.] 
2023-04-28 12:15:19,320  WARN | main | eu.europa.esig.dss.crl.stream.impl.CRLUtilsStreamImpl   | CRL Signature cannot be validated : Signature length not correct: got 256 but was expecting 512 
2023-04-28 12:15:19,320  WARN | main | eu.europa.esig.dss.crl.stream.impl.CRLUtilsStreamImpl   | CRL Signature cannot be validated : Signature length not correct: got 256 but was expecting 512 
2023-04-28 12:15:19,320  WARN | main | eu.europa.esig.dss.crl.stream.impl.CRLUtilsStreamImpl   | CRL Signature cannot be validated : Signature length not correct: got 256 but was expecting 512 
2023-04-28 12:15:19,320  WARN | main | eu.europa.esig.dss.crl.stream.impl.CRLUtilsStreamImpl   | CRL Signature cannot be validated : Signature length not correct: got 256 but was expecting 512 
2023-04-28 12:15:19,320  WARN | main | eu.europa.esig.dss.crl.stream.impl.CRLUtilsStreamImpl   | CRL Signature cannot be validated : Signature length not correct: got 256 but was expecting 512 
2023-04-28 12:15:19,320  WARN | main | eu.europa.esig.dss.crl.stream.impl.CRLUtilsStreamImpl   | CRL Signature cannot be validated : Signature length not correct: got 256 but was expecting 512 
2023-04-28 12:15:19,320  WARN | main | eu.europa.esig.dss.crl.stream.impl.CRLUtilsStreamImpl   | CRL Signature cannot be validated : Signature length not correct: got 256 but was expecting 512 
2023-04-28 12:15:19,320  WARN | main | eu.europa.esig.dss.crl.stream.impl.CRLUtilsStreamImpl   | CRL Signature cannot be validated : Signature length not correct: got 256 but was expecting 512 
2023-04-28 12:15:19,320  WARN | main | eu.europa.esig.dss.crl.stream.impl.CRLUtilsStreamImpl   | CRL Signature cannot be validated : Signature length not correct: got 256 but was expecting 512 
2023-04-28 12:15:19,320  WARN | main | eu.europa.esig.dss.crl.stream.impl.CRLUtilsStreamImpl   | CRL Signature cannot be validated : Signature length not correct: got 256 but was expecting 512 
2023-04-28 12:15:19,321  WARN | main | eu.europa.esig.dss.crl.stream.impl.CRLUtilsStreamImpl   | CRL Signature cannot be validated : Signature length not correct: got 256 but was expecting 512 
2023-04-28 12:15:19,321  WARN | main | eu.europa.esig.dss.crl.stream.impl.CRLUtilsStreamImpl   | CRL Signature cannot be validated : Signature length not correct: got 256 but was expecting 512 
2023-04-28 12:15:19,321  WARN | main | eu.europa.esig.dss.crl.stream.impl.CRLUtilsStreamImpl   | CRL Signature cannot be validated : Signature length not correct: got 256 but was expecting 512 
2023-04-28 12:15:19,321  WARN | main | eu.europa.esig.dss.crl.stream.impl.CRLUtilsStreamImpl   | CRL Signature cannot be validated : Signature length not correct: got 256 but was expecting 512 
2023-04-28 12:15:19,321  WARN | main | eu.europa.esig.dss.crl.stream.impl.CRLUtilsStreamImpl   | CRL Signature cannot be validated : Signature length not correct: got 256 but was expecting 512 
2023-04-28 12:15:19,321  WARN | main | eu.europa.esig.dss.crl.stream.impl.CRLUtilsStreamImpl   | CRL Signature cannot be validated : Signature length not correct: got 256 but was expecting 512 
2023-04-28 12:15:19,321  WARN | main | eu.europa.esig.dss.crl.stream.impl.CRLUtilsStreamImpl   | CRL Signature cannot be validated : Signature length not correct: got 256 but was expecting 512 
2023-04-28 12:15:19,321  WARN | main | eu.europa.esig.dss.crl.stream.impl.CRLUtilsStreamImpl   | CRL Signature cannot be validated : Signature length not correct: got 256 but was expecting 512 
2023-04-28 12:15:19,321  WARN | main | eu.europa.esig.dss.crl.stream.impl.CRLUtilsStreamImpl   | CRL Signature cannot be validated : Signature length not correct: got 256 but was expecting 512 
2023-04-28 12:15:19,321  WARN | main | eu.europa.esig.dss.crl.stream.impl.CRLUtilsStreamImpl   | CRL Signature cannot be validated : Signature length not correct: got 256 but was expecting 512 
2023-04-28 12:15:19,321  WARN | main | eu.europa.esig.dss.crl.stream.impl.CRLUtilsStreamImpl   | CRL Signature cannot be validated : Signature length not correct: got 256 but was expecting 512 
2023-04-28 12:15:19,321  WARN | main | eu.europa.esig.dss.crl.stream.impl.CRLUtilsStreamImpl   | CRL Signature cannot be validated : Signature length not correct: got 256 but was expecting 512 
2023-04-28 12:15:19,321  WARN | main | eu.europa.esig.dss.crl.stream.impl.CRLUtilsStreamImpl   | CRL Signature cannot be validated : Signature length not correct: got 256 but was expecting 512 
2023-04-28 12:15:19,321  WARN | main | eu.europa.esig.dss.crl.stream.impl.CRLUtilsStreamImpl   | CRL Signature cannot be validated : Signature length not correct: got 256 but was expecting 512 
2023-04-28 12:15:19,322  INFO | main | eu.europa.esig.dss.spi.x509.revocation.ocsp.OCSPToken   | OCSP status is good 
2023-04-28 12:15:19,327  WARN | main | e.europa.esig.dss.validation.SignatureValidationContext | No revocation found for the certificate C-96A544750269FC402373B99305F93B11B81E333D4E4B882BD85347FADA6CD340 
2023-04-28 12:15:19,331  WARN | main | eu.europa.esig.dss.crl.stream.impl.CRLUtilsStreamImpl   | CRL Signature cannot be validated : Signature length not correct: got 256 but was expecting 512 
2023-04-28 12:15:19,331  WARN | main | eu.europa.esig.dss.crl.stream.impl.CRLUtilsStreamImpl   | CRL Signature cannot be validated : Signature length not correct: got 256 but was expecting 512 
2023-04-28 12:15:19,332  WARN | main | eu.europa.esig.dss.crl.stream.impl.CRLUtilsStreamImpl   | CRL Signature cannot be validated : Signature length not correct: got 256 but was expecting 512 
2023-04-28 12:15:19,332  WARN | main | eu.europa.esig.dss.crl.stream.impl.CRLUtilsStreamImpl   | CRL Signature cannot be validated : Signature length not correct: got 256 but was expecting 512 
2023-04-28 12:15:19,332  WARN | main | eu.europa.esig.dss.crl.stream.impl.CRLUtilsStreamImpl   | CRL Signature cannot be validated : Signature length not correct: got 256 but was expecting 512 
2023-04-28 12:15:19,332  WARN | main | eu.europa.esig.dss.crl.stream.impl.CRLUtilsStreamImpl   | CRL Signature cannot be validated : Signature length not correct: got 256 but was expecting 512 
2023-04-28 12:15:19,332  WARN | main | eu.europa.esig.dss.crl.stream.impl.CRLUtilsStreamImpl   | CRL Signature cannot be validated : Signature length not correct: got 256 but was expecting 512 
2023-04-28 12:15:19,332  WARN | main | eu.europa.esig.dss.crl.stream.impl.CRLUtilsStreamImpl   | CRL Signature cannot be validated : Signature length not correct: got 256 but was expecting 512 
2023-04-28 12:15:19,332  WARN | main | eu.europa.esig.dss.crl.stream.impl.CRLUtilsStreamImpl   | CRL Signature cannot be validated : Signature length not correct: got 256 but was expecting 512 
2023-04-28 12:15:19,332  WARN | main | eu.europa.esig.dss.crl.stream.impl.CRLUtilsStreamImpl   | CRL Signature cannot be validated : Signature length not correct: got 256 but was expecting 512 
2023-04-28 12:15:19,332  WARN | main | eu.europa.esig.dss.crl.stream.impl.CRLUtilsStreamImpl   | CRL Signature cannot be validated : Signature length not correct: got 256 but was expecting 512 
2023-04-28 12:15:19,332  WARN | main | eu.europa.esig.dss.crl.stream.impl.CRLUtilsStreamImpl   | CRL Signature cannot be validated : Signature length not correct: got 256 but was expecting 512 
2023-04-28 12:15:19,332  WARN | main | eu.europa.esig.dss.crl.stream.impl.CRLUtilsStreamImpl   | CRL Signature cannot be validated : Signature length not correct: got 256 but was expecting 512 
2023-04-28 12:15:19,332  WARN | main | eu.europa.esig.dss.crl.stream.impl.CRLUtilsStreamImpl   | CRL Signature cannot be validated : Signature length not correct: got 256 but was expecting 512 
2023-04-28 12:15:19,332  WARN | main | eu.europa.esig.dss.crl.stream.impl.CRLUtilsStreamImpl   | CRL Signature cannot be validated : Signature length not correct: got 256 but was expecting 512 
2023-04-28 12:15:19,333  WARN | main | eu.europa.esig.dss.crl.stream.impl.CRLUtilsStreamImpl   | CRL Signature cannot be validated : Signature length not correct: got 256 but was expecting 512 
2023-04-28 12:15:19,333  WARN | main | eu.europa.esig.dss.crl.stream.impl.CRLUtilsStreamImpl   | CRL Signature cannot be validated : Signature length not correct: got 256 but was expecting 512 
2023-04-28 12:15:19,333  WARN | main | eu.europa.esig.dss.crl.stream.impl.CRLUtilsStreamImpl   | CRL Signature cannot be validated : Signature length not correct: got 256 but was expecting 512 
2023-04-28 12:15:19,333  WARN | main | eu.europa.esig.dss.crl.stream.impl.CRLUtilsStreamImpl   | CRL Signature cannot be validated : Signature length not correct: got 256 but was expecting 512 
2023-04-28 12:15:19,333  WARN | main | eu.europa.esig.dss.crl.stream.impl.CRLUtilsStreamImpl   | CRL Signature cannot be validated : Signature length not correct: got 256 but was expecting 512 
2023-04-28 12:15:19,333  WARN | main | eu.europa.esig.dss.crl.stream.impl.CRLUtilsStreamImpl   | CRL Signature cannot be validated : Signature length not correct: got 256 but was expecting 512 
2023-04-28 12:15:19,333  WARN | main | eu.europa.esig.dss.crl.stream.impl.CRLUtilsStreamImpl   | CRL Signature cannot be validated : Signature length not correct: got 256 but was expecting 512 
2023-04-28 12:15:19,333  WARN | main | eu.europa.esig.dss.crl.stream.impl.CRLUtilsStreamImpl   | CRL Signature cannot be validated : Signature length not correct: got 256 but was expecting 512 
2023-04-28 12:15:19,333  WARN | main | eu.europa.esig.dss.crl.stream.impl.CRLUtilsStreamImpl   | CRL Signature cannot be validated : Signature length not correct: got 256 but was expecting 512 
2023-04-28 12:15:19,333  WARN | main | e.europa.esig.dss.validation.SignatureValidationContext | No revocation found for the certificate C-A277F0618B11603B576A9D9B0453FAAA9EC2160172C56FA63D8C9D425FA2C9A5 
2023-04-28 12:15:19,336  WARN | main | eu.europa.esig.dss.crl.stream.impl.CRLUtilsStreamImpl   | CRL Signature cannot be validated : Signature length not correct: got 256 but was expecting 512 
2023-04-28 12:15:19,336  WARN | main | eu.europa.esig.dss.crl.stream.impl.CRLUtilsStreamImpl   | CRL Signature cannot be validated : Signature length not correct: got 256 but was expecting 512 
2023-04-28 12:15:19,336  WARN | main | eu.europa.esig.dss.crl.stream.impl.CRLUtilsStreamImpl   | CRL Signature cannot be validated : Signature length not correct: got 256 but was expecting 512 
2023-04-28 12:15:19,337  WARN | main | eu.europa.esig.dss.crl.stream.impl.CRLUtilsStreamImpl   | CRL Signature cannot be validated : Signature length not correct: got 256 but was expecting 512 
2023-04-28 12:15:19,337  WARN | main | eu.europa.esig.dss.crl.stream.impl.CRLUtilsStreamImpl   | CRL Signature cannot be validated : Signature length not correct: got 256 but was expecting 512 
2023-04-28 12:15:19,337  WARN | main | eu.europa.esig.dss.crl.stream.impl.CRLUtilsStreamImpl   | CRL Signature cannot be validated : Signature length not correct: got 256 but was expecting 512 
2023-04-28 12:15:19,337  WARN | main | eu.europa.esig.dss.crl.stream.impl.CRLUtilsStreamImpl   | CRL Signature cannot be validated : Signature length not correct: got 256 but was expecting 512 
2023-04-28 12:15:19,337  WARN | main | eu.europa.esig.dss.crl.stream.impl.CRLUtilsStreamImpl   | CRL Signature cannot be validated : Signature length not correct: got 256 but was expecting 512 
2023-04-28 12:15:19,337  WARN | main | eu.europa.esig.dss.crl.stream.impl.CRLUtilsStreamImpl   | CRL Signature cannot be validated : Signature length not correct: got 256 but was expecting 512 
2023-04-28 12:15:19,337  WARN | main | eu.europa.esig.dss.crl.stream.impl.CRLUtilsStreamImpl   | CRL Signature cannot be validated : Signature length not correct: got 256 but was expecting 512 
2023-04-28 12:15:19,337  WARN | main | eu.europa.esig.dss.crl.stream.impl.CRLUtilsStreamImpl   | CRL Signature cannot be validated : Signature length not correct: got 256 but was expecting 512 
2023-04-28 12:15:19,337  WARN | main | eu.europa.esig.dss.crl.stream.impl.CRLUtilsStreamImpl   | CRL Signature cannot be validated : Signature length not correct: got 256 but was expecting 512 
2023-04-28 12:15:19,337  WARN | main | eu.europa.esig.dss.crl.stream.impl.CRLUtilsStreamImpl   | CRL Signature cannot be validated : Signature length not correct: got 256 but was expecting 512 
2023-04-28 12:15:19,337  WARN | main | eu.europa.esig.dss.crl.stream.impl.CRLUtilsStreamImpl   | CRL Signature cannot be validated : Signature length not correct: got 256 but was expecting 512 
2023-04-28 12:15:19,337  WARN | main | eu.europa.esig.dss.crl.stream.impl.CRLUtilsStreamImpl   | CRL Signature cannot be validated : Signature length not correct: got 256 but was expecting 512 
2023-04-28 12:15:19,337  WARN | main | eu.europa.esig.dss.crl.stream.impl.CRLUtilsStreamImpl   | CRL Signature cannot be validated : Signature length not correct: got 256 but was expecting 512 
2023-04-28 12:15:19,337  WARN | main | eu.europa.esig.dss.crl.stream.impl.CRLUtilsStreamImpl   | CRL Signature cannot be validated : Signature length not correct: got 256 but was expecting 512 
2023-04-28 12:15:19,338  WARN | main | eu.europa.esig.dss.crl.stream.impl.CRLUtilsStreamImpl   | CRL Signature cannot be validated : Signature length not correct: got 256 but was expecting 512 
2023-04-28 12:15:19,338  WARN | main | eu.europa.esig.dss.crl.stream.impl.CRLUtilsStreamImpl   | CRL Signature cannot be validated : Signature length not correct: got 256 but was expecting 512 
2023-04-28 12:15:19,338  WARN | main | eu.europa.esig.dss.crl.stream.impl.CRLUtilsStreamImpl   | CRL Signature cannot be validated : Signature length not correct: got 256 but was expecting 512 
2023-04-28 12:15:19,338  WARN | main | eu.europa.esig.dss.crl.stream.impl.CRLUtilsStreamImpl   | CRL Signature cannot be validated : Signature length not correct: got 256 but was expecting 512 
2023-04-28 12:15:19,338  WARN | main | eu.europa.esig.dss.crl.stream.impl.CRLUtilsStreamImpl   | CRL Signature cannot be validated : Signature length not correct: got 256 but was expecting 512 
2023-04-28 12:15:19,338  WARN | main | eu.europa.esig.dss.crl.stream.impl.CRLUtilsStreamImpl   | CRL Signature cannot be validated : Signature length not correct: got 256 but was expecting 512 
2023-04-28 12:15:19,338  WARN | main | eu.europa.esig.dss.crl.stream.impl.CRLUtilsStreamImpl   | CRL Signature cannot be validated : Signature length not correct: got 256 but was expecting 512 
2023-04-28 12:15:19,338  WARN | main | e.europa.esig.dss.validation.SignatureValidationContext | No revocation found for the certificate C-81108C44C387F8665C32AF77A0F4890C1474A7DB633B4A49C17CBF24AC982D88 
2023-04-28 12:15:19,341  WARN | main | eu.europa.esig.dss.crl.stream.impl.CRLUtilsStreamImpl   | CRL Signature cannot be validated : Signature length not correct: got 256 but was expecting 512 
2023-04-28 12:15:19,341  WARN | main | eu.europa.esig.dss.crl.stream.impl.CRLUtilsStreamImpl   | CRL Signature cannot be validated : Signature length not correct: got 256 but was expecting 512 
2023-04-28 12:15:19,341  WARN | main | eu.europa.esig.dss.crl.stream.impl.CRLUtilsStreamImpl   | CRL Signature cannot be validated : Signature length not correct: got 256 but was expecting 512 
2023-04-28 12:15:19,341  WARN | main | eu.europa.esig.dss.crl.stream.impl.CRLUtilsStreamImpl   | CRL Signature cannot be validated : Signature length not correct: got 256 but was expecting 512 
2023-04-28 12:15:19,341  WARN | main | eu.europa.esig.dss.crl.stream.impl.CRLUtilsStreamImpl   | CRL Signature cannot be validated : Signature length not correct: got 256 but was expecting 512 
2023-04-28 12:15:19,342  WARN | main | eu.europa.esig.dss.crl.stream.impl.CRLUtilsStreamImpl   | CRL Signature cannot be validated : Signature length not correct: got 256 but was expecting 512 
2023-04-28 12:15:19,342  WARN | main | eu.europa.esig.dss.crl.stream.impl.CRLUtilsStreamImpl   | CRL Signature cannot be validated : Signature length not correct: got 256 but was expecting 512 
2023-04-28 12:15:19,342  WARN | main | eu.europa.esig.dss.crl.stream.impl.CRLUtilsStreamImpl   | CRL Signature cannot be validated : Signature length not correct: got 256 but was expecting 512 
2023-04-28 12:15:19,342  WARN | main | eu.europa.esig.dss.crl.stream.impl.CRLUtilsStreamImpl   | CRL Signature cannot be validated : Signature length not correct: got 256 but was expecting 512 
2023-04-28 12:15:19,342  WARN | main | eu.europa.esig.dss.crl.stream.impl.CRLUtilsStreamImpl   | CRL Signature cannot be validated : Signature length not correct: got 256 but was expecting 512 
2023-04-28 12:15:19,342  WARN | main | eu.europa.esig.dss.crl.stream.impl.CRLUtilsStreamImpl   | CRL Signature cannot be validated : Signature length not correct: got 256 but was expecting 512 
2023-04-28 12:15:19,342  WARN | main | eu.europa.esig.dss.crl.stream.impl.CRLUtilsStreamImpl   | CRL Signature cannot be validated : Signature length not correct: got 256 but was expecting 512 
2023-04-28 12:15:19,342  WARN | main | eu.europa.esig.dss.crl.stream.impl.CRLUtilsStreamImpl   | CRL Signature cannot be validated : Signature length not correct: got 256 but was expecting 512 
2023-04-28 12:15:19,342  WARN | main | eu.europa.esig.dss.crl.stream.impl.CRLUtilsStreamImpl   | CRL Signature cannot be validated : Signature length not correct: got 256 but was expecting 512 
2023-04-28 12:15:19,342  WARN | main | eu.europa.esig.dss.crl.stream.impl.CRLUtilsStreamImpl   | CRL Signature cannot be validated : Signature length not correct: got 256 but was expecting 512 
2023-04-28 12:15:19,342  WARN | main | eu.europa.esig.dss.crl.stream.impl.CRLUtilsStreamImpl   | CRL Signature cannot be validated : Signature length not correct: got 256 but was expecting 512 
2023-04-28 12:15:19,342  WARN | main | eu.europa.esig.dss.crl.stream.impl.CRLUtilsStreamImpl   | CRL Signature cannot be validated : Signature length not correct: got 256 but was expecting 512 
2023-04-28 12:15:19,342  WARN | main | eu.europa.esig.dss.crl.stream.impl.CRLUtilsStreamImpl   | CRL Signature cannot be validated : Signature length not correct: got 256 but was expecting 512 
2023-04-28 12:15:19,342  WARN | main | eu.europa.esig.dss.crl.stream.impl.CRLUtilsStreamImpl   | CRL Signature cannot be validated : Signature length not correct: got 256 but was expecting 512 
2023-04-28 12:15:19,342  WARN | main | eu.europa.esig.dss.crl.stream.impl.CRLUtilsStreamImpl   | CRL Signature cannot be validated : Signature length not correct: got 256 but was expecting 512 
2023-04-28 12:15:19,343  WARN | main | eu.europa.esig.dss.crl.stream.impl.CRLUtilsStreamImpl   | CRL Signature cannot be validated : Signature length not correct: got 256 but was expecting 512 
2023-04-28 12:15:19,343  WARN | main | eu.europa.esig.dss.crl.stream.impl.CRLUtilsStreamImpl   | CRL Signature cannot be validated : Signature length not correct: got 256 but was expecting 512 
2023-04-28 12:15:19,343  WARN | main | eu.europa.esig.dss.crl.stream.impl.CRLUtilsStreamImpl   | CRL Signature cannot be validated : Signature length not correct: got 256 but was expecting 512 
2023-04-28 12:15:19,343  WARN | main | eu.europa.esig.dss.crl.stream.impl.CRLUtilsStreamImpl   | CRL Signature cannot be validated : Signature length not correct: got 256 but was expecting 512 
2023-04-28 12:15:19,343  WARN | main | e.europa.esig.dss.validation.SignatureValidationContext | No revocation found for the certificate C-849A6A6F5AD1F26DD487701A15499A31CE4B911A3FFFA61502787456D06E9772 
2023-04-28 12:15:19,346  WARN | main | eu.europa.esig.dss.crl.stream.impl.CRLUtilsStreamImpl   | CRL Signature cannot be validated : Signature length not correct: got 256 but was expecting 512 
2023-04-28 12:15:19,346  WARN | main | eu.europa.esig.dss.crl.stream.impl.CRLUtilsStreamImpl   | CRL Signature cannot be validated : Signature length not correct: got 256 but was expecting 512 
2023-04-28 12:15:19,346  WARN | main | eu.europa.esig.dss.crl.stream.impl.CRLUtilsStreamImpl   | CRL Signature cannot be validated : Signature length not correct: got 256 but was expecting 512 
2023-04-28 12:15:19,347  WARN | main | eu.europa.esig.dss.crl.stream.impl.CRLUtilsStreamImpl   | CRL Signature cannot be validated : Signature length not correct: got 256 but was expecting 512 
2023-04-28 12:15:19,347  WARN | main | eu.europa.esig.dss.crl.stream.impl.CRLUtilsStreamImpl   | CRL Signature cannot be validated : Signature length not correct: got 256 but was expecting 512 
2023-04-28 12:15:19,347  WARN | main | eu.europa.esig.dss.crl.stream.impl.CRLUtilsStreamImpl   | CRL Signature cannot be validated : Signature length not correct: got 256 but was expecting 512 
2023-04-28 12:15:19,347  WARN | main | eu.europa.esig.dss.crl.stream.impl.CRLUtilsStreamImpl   | CRL Signature cannot be validated : Signature length not correct: got 256 but was expecting 512 
2023-04-28 12:15:19,347  WARN | main | eu.europa.esig.dss.crl.stream.impl.CRLUtilsStreamImpl   | CRL Signature cannot be validated : Signature length not correct: got 256 but was expecting 512 
2023-04-28 12:15:19,347  WARN | main | eu.europa.esig.dss.crl.stream.impl.CRLUtilsStreamImpl   | CRL Signature cannot be validated : Signature length not correct: got 256 but was expecting 512 
2023-04-28 12:15:19,347  WARN | main | eu.europa.esig.dss.crl.stream.impl.CRLUtilsStreamImpl   | CRL Signature cannot be validated : Signature length not correct: got 256 but was expecting 512 
2023-04-28 12:15:19,347  WARN | main | eu.europa.esig.dss.crl.stream.impl.CRLUtilsStreamImpl   | CRL Signature cannot be validated : Signature length not correct: got 256 but was expecting 512 
2023-04-28 12:15:19,347  WARN | main | eu.europa.esig.dss.crl.stream.impl.CRLUtilsStreamImpl   | CRL Signature cannot be validated : Signature length not correct: got 256 but was expecting 512 
2023-04-28 12:15:19,347  WARN | main | eu.europa.esig.dss.crl.stream.impl.CRLUtilsStreamImpl   | CRL Signature cannot be validated : Signature length not correct: got 256 but was expecting 512 
2023-04-28 12:15:19,347  WARN | main | eu.europa.esig.dss.crl.stream.impl.CRLUtilsStreamImpl   | CRL Signature cannot be validated : Signature length not correct: got 256 but was expecting 512 
2023-04-28 12:15:19,347  WARN | main | eu.europa.esig.dss.crl.stream.impl.CRLUtilsStreamImpl   | CRL Signature cannot be validated : Signature length not correct: got 256 but was expecting 512 
2023-04-28 12:15:19,347  WARN | main | eu.europa.esig.dss.crl.stream.impl.CRLUtilsStreamImpl   | CRL Signature cannot be validated : Signature length not correct: got 256 but was expecting 512 
2023-04-28 12:15:19,348  WARN | main | eu.europa.esig.dss.crl.stream.impl.CRLUtilsStreamImpl   | CRL Signature cannot be validated : Signature length not correct: got 256 but was expecting 512 
2023-04-28 12:15:19,348  WARN | main | eu.europa.esig.dss.crl.stream.impl.CRLUtilsStreamImpl   | CRL Signature cannot be validated : Signature length not correct: got 256 but was expecting 512 
2023-04-28 12:15:19,348  WARN | main | eu.europa.esig.dss.crl.stream.impl.CRLUtilsStreamImpl   | CRL Signature cannot be validated : Signature length not correct: got 256 but was expecting 512 
2023-04-28 12:15:19,348  WARN | main | eu.europa.esig.dss.crl.stream.impl.CRLUtilsStreamImpl   | CRL Signature cannot be validated : Signature length not correct: got 256 but was expecting 512 
2023-04-28 12:15:19,348  WARN | main | eu.europa.esig.dss.crl.stream.impl.CRLUtilsStreamImpl   | CRL Signature cannot be validated : Signature length not correct: got 256 but was expecting 512 
2023-04-28 12:15:19,348  WARN | main | eu.europa.esig.dss.crl.stream.impl.CRLUtilsStreamImpl   | CRL Signature cannot be validated : Signature length not correct: got 256 but was expecting 512 
2023-04-28 12:15:19,348  WARN | main | eu.europa.esig.dss.crl.stream.impl.CRLUtilsStreamImpl   | CRL Signature cannot be validated : Signature length not correct: got 256 but was expecting 512 
2023-04-28 12:15:19,348  WARN | main | eu.europa.esig.dss.crl.stream.impl.CRLUtilsStreamImpl   | CRL Signature cannot be validated : Signature length not correct: got 256 but was expecting 512 
2023-04-28 12:15:19,348  WARN | main | e.europa.esig.dss.validation.SignatureValidationContext | No revocation found for the certificate C-3A67305AE710BB5C3BEA33F0E09C21FD4F87EB9772CE9CC4949C53006A648AEB 
2023-04-28 12:15:19,351  INFO | main | eu.europa.esig.dss.spi.x509.revocation.ocsp.OCSPToken   | OCSP status revoked 
2023-04-28 12:15:19,354  WARN | main | eu.europa.esig.dss.crl.stream.impl.CRLUtilsStreamImpl   | CRL Signature cannot be validated : Signature length not correct: got 256 but was expecting 512 
2023-04-28 12:15:19,354  WARN | main | eu.europa.esig.dss.crl.stream.impl.CRLUtilsStreamImpl   | CRL Signature cannot be validated : Signature length not correct: got 256 but was expecting 512 
2023-04-28 12:15:19,354  WARN | main | eu.europa.esig.dss.crl.stream.impl.CRLUtilsStreamImpl   | CRL Signature cannot be validated : Signature length not correct: got 256 but was expecting 512 
2023-04-28 12:15:19,354  WARN | main | eu.europa.esig.dss.crl.stream.impl.CRLUtilsStreamImpl   | CRL Signature cannot be validated : Signature length not correct: got 256 but was expecting 512 
2023-04-28 12:15:19,354  WARN | main | eu.europa.esig.dss.crl.stream.impl.CRLUtilsStreamImpl   | CRL Signature cannot be validated : Signature length not correct: got 256 but was expecting 512 
2023-04-28 12:15:19,354  WARN | main | eu.europa.esig.dss.crl.stream.impl.CRLUtilsStreamImpl   | CRL Signature cannot be validated : Signature length not correct: got 256 but was expecting 512 
2023-04-28 12:15:19,354  WARN | main | eu.europa.esig.dss.crl.stream.impl.CRLUtilsStreamImpl   | CRL Signature cannot be validated : Signature length not correct: got 256 but was expecting 512 
2023-04-28 12:15:19,354  WARN | main | eu.europa.esig.dss.crl.stream.impl.CRLUtilsStreamImpl   | CRL Signature cannot be validated : Signature length not correct: got 256 but was expecting 512 
2023-04-28 12:15:19,354  WARN | main | eu.europa.esig.dss.crl.stream.impl.CRLUtilsStreamImpl   | CRL Signature cannot be validated : Signature length not correct: got 256 but was expecting 512 
2023-04-28 12:15:19,354  WARN | main | eu.europa.esig.dss.crl.stream.impl.CRLUtilsStreamImpl   | CRL Signature cannot be validated : Signature length not correct: got 256 but was expecting 512 
2023-04-28 12:15:19,354  WARN | main | eu.europa.esig.dss.crl.stream.impl.CRLUtilsStreamImpl   | CRL Signature cannot be validated : Signature length not correct: got 256 but was expecting 512 
2023-04-28 12:15:19,354  WARN | main | eu.europa.esig.dss.crl.stream.impl.CRLUtilsStreamImpl   | CRL Signature cannot be validated : Signature length not correct: got 256 but was expecting 512 
2023-04-28 12:15:19,354  WARN | main | eu.europa.esig.dss.crl.stream.impl.CRLUtilsStreamImpl   | CRL Signature cannot be validated : Signature length not correct: got 256 but was expecting 512 
2023-04-28 12:15:19,355  WARN | main | eu.europa.esig.dss.crl.stream.impl.CRLUtilsStreamImpl   | CRL Signature cannot be validated : Signature length not correct: got 256 but was expecting 512 
2023-04-28 12:15:19,355  WARN | main | eu.europa.esig.dss.crl.stream.impl.CRLUtilsStreamImpl   | CRL Signature cannot be validated : Signature length not correct: got 256 but was expecting 512 
2023-04-28 12:15:19,355  WARN | main | eu.europa.esig.dss.crl.stream.impl.CRLUtilsStreamImpl   | CRL Signature cannot be validated : Signature length not correct: got 256 but was expecting 512 
2023-04-28 12:15:19,355  WARN | main | eu.europa.esig.dss.crl.stream.impl.CRLUtilsStreamImpl   | CRL Signature cannot be validated : Signature length not correct: got 256 but was expecting 512 
2023-04-28 12:15:19,355  WARN | main | eu.europa.esig.dss.crl.stream.impl.CRLUtilsStreamImpl   | CRL Signature cannot be validated : Signature length not correct: got 256 but was expecting 512 
2023-04-28 12:15:19,355  WARN | main | eu.europa.esig.dss.crl.stream.impl.CRLUtilsStreamImpl   | CRL Signature cannot be validated : Signature length not correct: got 256 but was expecting 512 
2023-04-28 12:15:19,355  WARN | main | eu.europa.esig.dss.crl.stream.impl.CRLUtilsStreamImpl   | CRL Signature cannot be validated : Signature length not correct: got 256 but was expecting 512 
2023-04-28 12:15:19,355  WARN | main | eu.europa.esig.dss.crl.stream.impl.CRLUtilsStreamImpl   | CRL Signature cannot be validated : Signature length not correct: got 256 but was expecting 512 
2023-04-28 12:15:19,355  WARN | main | eu.europa.esig.dss.crl.stream.impl.CRLUtilsStreamImpl   | CRL Signature cannot be validated : Signature length not correct: got 256 but was expecting 512 
2023-04-28 12:15:19,355  WARN | main | eu.europa.esig.dss.crl.stream.impl.CRLUtilsStreamImpl   | CRL Signature cannot be validated : Signature length not correct: got 256 but was expecting 512 
2023-04-28 12:15:19,355  WARN | main | eu.europa.esig.dss.crl.stream.impl.CRLUtilsStreamImpl   | CRL Signature cannot be validated : Signature length not correct: got 256 but was expecting 512 
2023-04-28 12:15:19,356  WARN | main | e.europa.esig.dss.validation.SignatureValidationContext | No revocation found for the certificate C-F230BECB27B1EE22EB4B83E84B548904AF2E55A529F06D5B315A42A7F9AF5E1B 
2023-04-28 12:15:19,359  WARN | main | e.e.e.d.p.validation.PAdESBaselineRequirementsChecker   | commitment-type-indication attribute shall not be incorporated in the CMS signature when entry with a key Reason is used for PAdES-BASELINE-B signature! (requirement (d)) 
2023-04-28 12:15:19,361  WARN | main | e.e.e.d.p.validation.PAdESBaselineRequirementsChecker   | commitment-type-indication attribute shall not be incorporated in the CMS signature when entry with a key Reason is used for PAdES-BASELINE-B signature! (requirement (d)) 
2023-04-28 12:15:19,363  WARN | main | e.e.e.d.p.validation.PAdESBaselineRequirementsChecker   | commitment-type-indication attribute shall not be incorporated in the CMS signature when entry with a key Reason is used for PAdES-BASELINE-B signature! (requirement (d)) 
2023-04-28 12:15:19,364  WARN | main | e.e.e.d.p.validation.PAdESBaselineRequirementsChecker   | commitment-type-indication attribute shall not be incorporated in the CMS signature when entry with a key Reason is used for PAdES-BASELINE-B signature! (requirement (d)) 
2023-04-28 12:15:19,366  WARN | main | e.e.e.d.p.validation.PAdESBaselineRequirementsChecker   | commitment-type-indication attribute shall not be incorporated in the CMS signature when entry with a key Reason is used for PAdES-BASELINE-B signature! (requirement (d)) 
]]></system-out>
  </testcase>
</testsuite>