<?xml version="1.0" encoding="UTF-8"?>
<testsuite xmlns:xsi="http://www.w3.org/2001/XMLSchema-instance" xsi:noNamespaceSchemaLocation="https://maven.apache.org/surefire/maven-surefire-plugin/xsd/surefire-test-report-3.0.xsd" version="3.0" name="eu.europa.esig.dss.cades.signature.CAdESLevelLTADetachedDigestTest" time="8.94" tests="9" errors="0" skipped="0" failures="0">
  <properties>
[...]
</properties>
  <testcase name="testSignWithDigestExtendWithCompleteDocument" classname="eu.europa.esig.dss.cades.signature.CAdESLevelLTADetachedDigestTest" time="0.947">
    <system-out><![CDATA[2023-04-28 11:57:28,578  INFO | main | e.europa.esig.dss.validation.CommonCertificateVerifier  | + New CommonCertificateVerifier created. 
2023-04-28 11:57:28,927  INFO | main | e.e.esig.dss.token.AbstractSignatureTokenConnection     | Signature algorithm : SHA256withRSA 
2023-04-28 11:57:28,935  INFO | main | e.europa.esig.dss.validation.CommonCertificateVerifier  | + New CommonCertificateVerifier created. 
2023-04-28 11:57:28,945  INFO | main | eu.europa.esig.dss.validation.SignedDocumentValidator   | Document validation... 
2023-04-28 11:57:28,949  INFO | main | e.europa.esig.dss.validation.CommonCertificateVerifier  | + New CommonCertificateVerifier created. 
2023-04-28 11:57:28,954  INFO | main | e.europa.esig.dss.validation.CommonCertificateVerifier  | + New CommonCertificateVerifier created. 
2023-04-28 11:57:28,957  INFO | main | eu.europa.esig.dss.spi.x509.revocation.ocsp.OCSPToken   | OCSP status is good 
2023-04-28 11:57:28,957  INFO | main | e.e.e.d.spi.x509.revocation.RepositoryRevocationSource  | Revocation token for certificate with Id 'C-96DB5CFA7ABACEB5C97C131CBBFB341DDD8E64FE68B587558AA8F082AB2670F2' has been loaded from the cache 
2023-04-28 11:57:28,957  WARN | main | eu.europa.esig.dss.service.ocsp.OnlineOCSPSource        | No OCSP location found for C-FCBFEBCB6B78113DFD4C6CCFCBC2B1482992DF4C48E9DE1B3B7F16F33332BFCB 
2023-04-28 11:57:28,959  INFO | main | e.e.e.d.spi.x509.revocation.RepositoryRevocationSource  | Revocation token for certificate with Id 'C-FCBFEBCB6B78113DFD4C6CCFCBC2B1482992DF4C48E9DE1B3B7F16F33332BFCB' has been loaded from the cache 
2023-04-28 11:57:28,959  INFO | main | eu.europa.esig.dss.validation.SignedDocumentValidator   | Default SignaturePolicyProvider instantiated with NativeHTTPDataLoader. 
2023-04-28 11:57:28,966  INFO | main | e.europa.esig.dss.validation.CommonCertificateVerifier  | + New CommonCertificateVerifier created. 
2023-04-28 11:57:28,973  INFO | main | eu.europa.esig.dss.validation.SignedDocumentValidator   | Document validation... 
2023-04-28 11:57:28,975  INFO | main | e.europa.esig.dss.validation.CommonCertificateVerifier  | + New CommonCertificateVerifier created. 
2023-04-28 11:57:28,979  INFO | main | e.europa.esig.dss.validation.CommonCertificateVerifier  | + New CommonCertificateVerifier created. 
2023-04-28 11:57:28,980  INFO | main | eu.europa.esig.dss.spi.x509.revocation.ocsp.OCSPToken   | OCSP status is good 
2023-04-28 11:57:28,981  INFO | main | e.e.e.d.spi.x509.revocation.RepositoryRevocationSource  | Revocation token for certificate with Id 'C-96DB5CFA7ABACEB5C97C131CBBFB341DDD8E64FE68B587558AA8F082AB2670F2' has been loaded from the cache 
2023-04-28 11:57:28,981  WARN | main | eu.europa.esig.dss.service.ocsp.OnlineOCSPSource        | No OCSP location found for C-FCBFEBCB6B78113DFD4C6CCFCBC2B1482992DF4C48E9DE1B3B7F16F33332BFCB 
2023-04-28 11:57:28,981  INFO | main | e.e.e.d.spi.x509.revocation.RepositoryRevocationSource  | Revocation token for certificate with Id 'C-FCBFEBCB6B78113DFD4C6CCFCBC2B1482992DF4C48E9DE1B3B7F16F33332BFCB' has been loaded from the cache 
2023-04-28 11:57:28,983  INFO | main | eu.europa.esig.dss.validation.SignedDocumentValidator   | Default SignaturePolicyProvider instantiated with NativeHTTPDataLoader. 
2023-04-28 11:57:28,989  INFO | main | e.europa.esig.dss.validation.CommonCertificateVerifier  | + New CommonCertificateVerifier created. 
2023-04-28 11:57:28,995  INFO | main | eu.europa.esig.dss.validation.SignedDocumentValidator   | Document validation... 
2023-04-28 11:57:28,998  INFO | main | e.europa.esig.dss.validation.CommonCertificateVerifier  | + New CommonCertificateVerifier created. 
2023-04-28 11:57:29,002  INFO | main | e.europa.esig.dss.validation.CommonCertificateVerifier  | + New CommonCertificateVerifier created. 
2023-04-28 11:57:29,004  INFO | main | eu.europa.esig.dss.spi.x509.revocation.ocsp.OCSPToken   | OCSP status is good 
2023-04-28 11:57:29,004  INFO | main | e.e.e.d.spi.x509.revocation.RepositoryRevocationSource  | Revocation token for certificate with Id 'C-96DB5CFA7ABACEB5C97C131CBBFB341DDD8E64FE68B587558AA8F082AB2670F2' has been loaded from the cache 
2023-04-28 11:57:29,005  WARN | main | eu.europa.esig.dss.service.ocsp.OnlineOCSPSource        | No OCSP location found for C-FCBFEBCB6B78113DFD4C6CCFCBC2B1482992DF4C48E9DE1B3B7F16F33332BFCB 
2023-04-28 11:57:29,005  INFO | main | e.e.e.d.spi.x509.revocation.RepositoryRevocationSource  | Revocation token for certificate with Id 'C-FCBFEBCB6B78113DFD4C6CCFCBC2B1482992DF4C48E9DE1B3B7F16F33332BFCB' has been loaded from the cache 
2023-04-28 11:57:29,006  INFO | main | eu.europa.esig.dss.validation.SignedDocumentValidator   | Default SignaturePolicyProvider instantiated with NativeHTTPDataLoader. 
2023-04-28 11:57:29,012  INFO | main | e.europa.esig.dss.validation.CommonCertificateVerifier  | + New CommonCertificateVerifier created. 
2023-04-28 11:57:29,021  INFO | main | eu.europa.esig.dss.validation.SignedDocumentValidator   | Document validation... 
2023-04-28 11:57:29,024  INFO | main | e.europa.esig.dss.validation.CommonCertificateVerifier  | + New CommonCertificateVerifier created. 
2023-04-28 11:57:29,025  WARN | main | e.europa.esig.dss.spi.x509.SignatureIntegrityValidator  | Determining signing certificate from certificate candidates list failed: [Best candidate validation failed : Unable to validate CMS Signature : message-digest attribute value does not match calculated value] 
2023-04-28 11:57:29,028  INFO | main | e.europa.esig.dss.validation.CommonCertificateVerifier  | + New CommonCertificateVerifier created. 
2023-04-28 11:57:29,029  INFO | main | eu.europa.esig.dss.spi.x509.revocation.ocsp.OCSPToken   | OCSP status is good 
2023-04-28 11:57:29,030  INFO | main | e.e.e.d.spi.x509.revocation.RepositoryRevocationSource  | Revocation token for certificate with Id 'C-96DB5CFA7ABACEB5C97C131CBBFB341DDD8E64FE68B587558AA8F082AB2670F2' has been loaded from the cache 
2023-04-28 11:57:29,030  WARN | main | eu.europa.esig.dss.service.ocsp.OnlineOCSPSource        | No OCSP location found for C-FCBFEBCB6B78113DFD4C6CCFCBC2B1482992DF4C48E9DE1B3B7F16F33332BFCB 
2023-04-28 11:57:29,031  INFO | main | e.e.e.d.spi.x509.revocation.RepositoryRevocationSource  | Revocation token for certificate with Id 'C-FCBFEBCB6B78113DFD4C6CCFCBC2B1482992DF4C48E9DE1B3B7F16F33332BFCB' has been loaded from the cache 
2023-04-28 11:57:29,032  INFO | main | eu.europa.esig.dss.validation.SignedDocumentValidator   | Default SignaturePolicyProvider instantiated with NativeHTTPDataLoader. 
2023-04-28 11:57:29,035  INFO | main | e.e.esig.dss.cades.signature.CAdESSignatureExtension    | EXTEND CMS SIGNATURES. 
2023-04-28 11:57:29,039  INFO | main | e.europa.esig.dss.validation.CommonCertificateVerifier  | + New CommonCertificateVerifier created. 
2023-04-28 11:57:29,043  INFO | main | e.europa.esig.dss.validation.CommonCertificateVerifier  | + New CommonCertificateVerifier created. 
2023-04-28 11:57:29,048  INFO | main | e.europa.esig.dss.validation.CommonCertificateVerifier  | + New CommonCertificateVerifier created. 
2023-04-28 11:57:29,052  INFO | main | e.europa.esig.dss.validation.CommonCertificateVerifier  | + New CommonCertificateVerifier created. 
2023-04-28 11:57:29,195  INFO | main | eu.europa.esig.dss.service.tsp.OnlineTSPSource          | TSP Status: Operation Okay 
2023-04-28 11:57:29,195  INFO | main | eu.europa.esig.dss.service.tsp.OnlineTSPSource          | TSP SID : SN 500, Issuer CN=root-ca,O=Nowina Solutions,OU=PKI-TEST,C=LU 
2023-04-28 11:57:29,199  INFO | main | e.europa.esig.dss.validation.CommonCertificateVerifier  | + New CommonCertificateVerifier created. 
2023-04-28 11:57:29,204  INFO | main | eu.europa.esig.dss.spi.x509.revocation.ocsp.OCSPToken   | OCSP status is good 
2023-04-28 11:57:29,205  INFO | main | e.e.e.d.spi.x509.revocation.RepositoryRevocationSource  | Revocation token for certificate with Id 'C-96DB5CFA7ABACEB5C97C131CBBFB341DDD8E64FE68B587558AA8F082AB2670F2' has been loaded from the cache 
2023-04-28 11:57:29,205  WARN | main | eu.europa.esig.dss.service.ocsp.OnlineOCSPSource        | No OCSP location found for C-AA02B99F9C4B57291E3C1744E44647709293D0FE17BB4EED28C99E973C7E8473 
2023-04-28 11:57:29,206  INFO | main | e.e.e.d.spi.x509.revocation.RepositoryRevocationSource  | Revocation token for certificate with Id 'C-AA02B99F9C4B57291E3C1744E44647709293D0FE17BB4EED28C99E973C7E8473' has been loaded from the cache 
2023-04-28 11:57:29,207  WARN | main | eu.europa.esig.dss.service.ocsp.OnlineOCSPSource        | No OCSP location found for C-FCBFEBCB6B78113DFD4C6CCFCBC2B1482992DF4C48E9DE1B3B7F16F33332BFCB 
2023-04-28 11:57:29,208  INFO | main | e.e.e.d.spi.x509.revocation.RepositoryRevocationSource  | Revocation token for certificate with Id 'C-FCBFEBCB6B78113DFD4C6CCFCBC2B1482992DF4C48E9DE1B3B7F16F33332BFCB' has been loaded from the cache 
2023-04-28 11:57:29,208  WARN | main | eu.europa.esig.dss.alert.handler.LogHandler             | Revocation data is missing for one or more POE(s). NextUpdate time : 2023-10-28T09:53:48Z [C-AA02B99F9C4B57291E3C1744E44647709293D0FE17BB4EED28C99E973C7E8473: No revocation data found after the best signature time [2023-04-28T09:57:29Z]! The nextUpdate available after : [2023-10-28T09:53:48Z]] 
2023-04-28 11:57:29,209  WARN | main | eu.europa.esig.dss.alert.handler.LogHandler             | Fresh revocation data is missing for one or more certificate(s). NextUpdate time : 2023-10-28T09:53:48Z [C-FCBFEBCB6B78113DFD4C6CCFCBC2B1482992DF4C48E9DE1B3B7F16F33332BFCB: No revocation data found after the best signature time [2023-04-28T09:57:29Z]! The nextUpdate available after : [2023-10-28T09:53:48Z]; C-96DB5CFA7ABACEB5C97C131CBBFB341DDD8E64FE68B587558AA8F082AB2670F2: No revocation data found after the best signature time [2023-04-28T09:57:29Z]!] 
2023-04-28 11:57:29,213  INFO | main | e.europa.esig.dss.validation.CommonCertificateVerifier  | + New CommonCertificateVerifier created. 
2023-04-28 11:57:29,347  INFO | main | eu.europa.esig.dss.service.tsp.OnlineTSPSource          | TSP Status: Operation Okay 
2023-04-28 11:57:29,347  INFO | main | eu.europa.esig.dss.service.tsp.OnlineTSPSource          | TSP SID : SN 500, Issuer CN=root-ca,O=Nowina Solutions,OU=PKI-TEST,C=LU 
2023-04-28 11:57:29,354  INFO | main | e.europa.esig.dss.validation.CommonCertificateVerifier  | + New CommonCertificateVerifier created. 
2023-04-28 11:57:29,362  INFO | main | eu.europa.esig.dss.validation.SignedDocumentValidator   | Document validation... 
2023-04-28 11:57:29,364  INFO | main | e.europa.esig.dss.validation.CommonCertificateVerifier  | + New CommonCertificateVerifier created. 
2023-04-28 11:57:29,372  INFO | main | e.europa.esig.dss.validation.CommonCertificateVerifier  | + New CommonCertificateVerifier created. 
2023-04-28 11:57:29,374  INFO | main | eu.europa.esig.dss.spi.x509.revocation.ocsp.OCSPToken   | OCSP status is good 
2023-04-28 11:57:29,376  INFO | main | eu.europa.esig.dss.spi.x509.revocation.ocsp.OCSPToken   | OCSP status is good 
2023-04-28 11:57:29,376  INFO | main | e.e.e.d.spi.x509.revocation.RepositoryRevocationSource  | Revocation token for certificate with Id 'C-96DB5CFA7ABACEB5C97C131CBBFB341DDD8E64FE68B587558AA8F082AB2670F2' has been loaded from the cache 
2023-04-28 11:57:29,377  WARN | main | eu.europa.esig.dss.service.ocsp.OnlineOCSPSource        | No OCSP location found for C-AA02B99F9C4B57291E3C1744E44647709293D0FE17BB4EED28C99E973C7E8473 
2023-04-28 11:57:29,377  INFO | main | e.e.e.d.spi.x509.revocation.RepositoryRevocationSource  | Revocation token for certificate with Id 'C-AA02B99F9C4B57291E3C1744E44647709293D0FE17BB4EED28C99E973C7E8473' has been loaded from the cache 
2023-04-28 11:57:29,378  WARN | main | eu.europa.esig.dss.service.ocsp.OnlineOCSPSource        | No OCSP location found for C-FCBFEBCB6B78113DFD4C6CCFCBC2B1482992DF4C48E9DE1B3B7F16F33332BFCB 
2023-04-28 11:57:29,378  INFO | main | e.e.e.d.spi.x509.revocation.RepositoryRevocationSource  | Revocation token for certificate with Id 'C-FCBFEBCB6B78113DFD4C6CCFCBC2B1482992DF4C48E9DE1B3B7F16F33332BFCB' has been loaded from the cache 
2023-04-28 11:57:29,379  INFO | main | eu.europa.esig.dss.validation.SignedDocumentValidator   | Default SignaturePolicyProvider instantiated with NativeHTTPDataLoader. 
2023-04-28 11:57:29,397  INFO | main | e.europa.esig.dss.validation.CommonCertificateVerifier  | + New CommonCertificateVerifier created. 
2023-04-28 11:57:29,406  INFO | main | eu.europa.esig.dss.validation.SignedDocumentValidator   | Document validation... 
2023-04-28 11:57:29,409  INFO | main | e.europa.esig.dss.validation.CommonCertificateVerifier  | + New CommonCertificateVerifier created. 
2023-04-28 11:57:29,418  INFO | main | e.europa.esig.dss.validation.CommonCertificateVerifier  | + New CommonCertificateVerifier created. 
2023-04-28 11:57:29,421  INFO | main | eu.europa.esig.dss.spi.x509.revocation.ocsp.OCSPToken   | OCSP status is good 
2023-04-28 11:57:29,424  INFO | main | eu.europa.esig.dss.spi.x509.revocation.ocsp.OCSPToken   | OCSP status is good 
2023-04-28 11:57:29,424  INFO | main | e.e.e.d.spi.x509.revocation.RepositoryRevocationSource  | Revocation token for certificate with Id 'C-96DB5CFA7ABACEB5C97C131CBBFB341DDD8E64FE68B587558AA8F082AB2670F2' has been loaded from the cache 
2023-04-28 11:57:29,425  WARN | main | eu.europa.esig.dss.service.ocsp.OnlineOCSPSource        | No OCSP location found for C-AA02B99F9C4B57291E3C1744E44647709293D0FE17BB4EED28C99E973C7E8473 
2023-04-28 11:57:29,426  INFO | main | e.e.e.d.spi.x509.revocation.RepositoryRevocationSource  | Revocation token for certificate with Id 'C-AA02B99F9C4B57291E3C1744E44647709293D0FE17BB4EED28C99E973C7E8473' has been loaded from the cache 
2023-04-28 11:57:29,427  WARN | main | eu.europa.esig.dss.service.ocsp.OnlineOCSPSource        | No OCSP location found for C-FCBFEBCB6B78113DFD4C6CCFCBC2B1482992DF4C48E9DE1B3B7F16F33332BFCB 
2023-04-28 11:57:29,428  INFO | main | e.e.e.d.spi.x509.revocation.RepositoryRevocationSource  | Revocation token for certificate with Id 'C-FCBFEBCB6B78113DFD4C6CCFCBC2B1482992DF4C48E9DE1B3B7F16F33332BFCB' has been loaded from the cache 
2023-04-28 11:57:29,428  INFO | main | eu.europa.esig.dss.validation.SignedDocumentValidator   | Default SignaturePolicyProvider instantiated with NativeHTTPDataLoader. 
2023-04-28 11:57:29,445  INFO | main | e.europa.esig.dss.validation.CommonCertificateVerifier  | + New CommonCertificateVerifier created. 
2023-04-28 11:57:29,453  INFO | main | eu.europa.esig.dss.validation.SignedDocumentValidator   | Document validation... 
2023-04-28 11:57:29,456  INFO | main | e.europa.esig.dss.validation.CommonCertificateVerifier  | + New CommonCertificateVerifier created. 
2023-04-28 11:57:29,466  INFO | main | e.europa.esig.dss.validation.CommonCertificateVerifier  | + New CommonCertificateVerifier created. 
2023-04-28 11:57:29,469  INFO | main | eu.europa.esig.dss.spi.x509.revocation.ocsp.OCSPToken   | OCSP status is good 
2023-04-28 11:57:29,470  INFO | main | eu.europa.esig.dss.spi.x509.revocation.ocsp.OCSPToken   | OCSP status is good 
2023-04-28 11:57:29,471  INFO | main | e.e.e.d.spi.x509.revocation.RepositoryRevocationSource  | Revocation token for certificate with Id 'C-96DB5CFA7ABACEB5C97C131CBBFB341DDD8E64FE68B587558AA8F082AB2670F2' has been loaded from the cache 
2023-04-28 11:57:29,471  WARN | main | eu.europa.esig.dss.service.ocsp.OnlineOCSPSource        | No OCSP location found for C-AA02B99F9C4B57291E3C1744E44647709293D0FE17BB4EED28C99E973C7E8473 
2023-04-28 11:57:29,472  INFO | main | e.e.e.d.spi.x509.revocation.RepositoryRevocationSource  | Revocation token for certificate with Id 'C-AA02B99F9C4B57291E3C1744E44647709293D0FE17BB4EED28C99E973C7E8473' has been loaded from the cache 
2023-04-28 11:57:29,472  WARN | main | eu.europa.esig.dss.service.ocsp.OnlineOCSPSource        | No OCSP location found for C-FCBFEBCB6B78113DFD4C6CCFCBC2B1482992DF4C48E9DE1B3B7F16F33332BFCB 
2023-04-28 11:57:29,473  INFO | main | e.e.e.d.spi.x509.revocation.RepositoryRevocationSource  | Revocation token for certificate with Id 'C-FCBFEBCB6B78113DFD4C6CCFCBC2B1482992DF4C48E9DE1B3B7F16F33332BFCB' has been loaded from the cache 
2023-04-28 11:57:29,474  INFO | main | eu.europa.esig.dss.validation.SignedDocumentValidator   | Default SignaturePolicyProvider instantiated with NativeHTTPDataLoader. 
2023-04-28 11:57:29,486  INFO | main | e.europa.esig.dss.validation.CommonCertificateVerifier  | + New CommonCertificateVerifier created. 
2023-04-28 11:57:29,496  INFO | main | eu.europa.esig.dss.validation.SignedDocumentValidator   | Document validation... 
2023-04-28 11:57:29,499  INFO | main | e.europa.esig.dss.validation.CommonCertificateVerifier  | + New CommonCertificateVerifier created. 
2023-04-28 11:57:29,502  WARN | main | e.europa.esig.dss.spi.x509.SignatureIntegrityValidator  | Determining signing certificate from certificate candidates list failed: [Best candidate validation failed : Unable to validate CMS Signature : message-digest attribute value does not match calculated value] 
2023-04-28 11:57:29,504  WARN | main | eu.europa.esig.dss.validation.timestamp.TimestampToken  | Provided digest value for TimestampToken matchData : J7nuicgr8d83+NZcnrNZc+CuVZbqPj2NzWQu3I5CNZ8= 
2023-04-28 11:57:29,504  WARN | main | eu.europa.esig.dss.validation.timestamp.TimestampToken  | Digest (SHA256) present in TimestampToken : JN6rZQa8/UxjE/mEAHvI8DdtkVsfhxYKM3P4oBtr70A= 
2023-04-28 11:57:29,504  WARN | main | eu.europa.esig.dss.validation.timestamp.TimestampToken  | Digest in TimestampToken matches digest of extracted data from document: false 
2023-04-28 11:57:29,507  INFO | main | e.europa.esig.dss.validation.CommonCertificateVerifier  | + New CommonCertificateVerifier created. 
2023-04-28 11:57:29,509  WARN | main | e.europa.esig.dss.validation.SignatureValidationContext | POE extraction is skipped for timestamp : T-C891363F6FBF3AE3FBAE2E106F41C7F988541FA16619407A27288031712A50DD. The message-imprint is not intact! 
2023-04-28 11:57:29,510  INFO | main | eu.europa.esig.dss.spi.x509.revocation.ocsp.OCSPToken   | OCSP status is good 
2023-04-28 11:57:29,511  INFO | main | eu.europa.esig.dss.spi.x509.revocation.ocsp.OCSPToken   | OCSP status is good 
2023-04-28 11:57:29,511  INFO | main | e.e.e.d.spi.x509.revocation.RepositoryRevocationSource  | Revocation token for certificate with Id 'C-96DB5CFA7ABACEB5C97C131CBBFB341DDD8E64FE68B587558AA8F082AB2670F2' has been loaded from the cache 
2023-04-28 11:57:29,513  WARN | main | eu.europa.esig.dss.service.ocsp.OnlineOCSPSource        | No OCSP location found for C-AA02B99F9C4B57291E3C1744E44647709293D0FE17BB4EED28C99E973C7E8473 
2023-04-28 11:57:29,513  INFO | main | e.e.e.d.spi.x509.revocation.RepositoryRevocationSource  | Revocation token for certificate with Id 'C-AA02B99F9C4B57291E3C1744E44647709293D0FE17BB4EED28C99E973C7E8473' has been loaded from the cache 
2023-04-28 11:57:29,513  WARN | main | eu.europa.esig.dss.service.ocsp.OnlineOCSPSource        | No OCSP location found for C-FCBFEBCB6B78113DFD4C6CCFCBC2B1482992DF4C48E9DE1B3B7F16F33332BFCB 
2023-04-28 11:57:29,514  INFO | main | e.e.e.d.spi.x509.revocation.RepositoryRevocationSource  | Revocation token for certificate with Id 'C-FCBFEBCB6B78113DFD4C6CCFCBC2B1482992DF4C48E9DE1B3B7F16F33332BFCB' has been loaded from the cache 
2023-04-28 11:57:29,514  INFO | main | eu.europa.esig.dss.validation.SignedDocumentValidator   | Default SignaturePolicyProvider instantiated with NativeHTTPDataLoader. 
]]></system-out>
  </testcase>
  <testcase name="testSignWithCompleteDocumentNoNameExtendWithDigest" classname="eu.europa.esig.dss.cades.signature.CAdESLevelLTADetachedDigestTest" time="0.962">
    <system-out><![CDATA[2023-04-28 11:57:29,526  INFO | main | e.europa.esig.dss.validation.CommonCertificateVerifier  | + New CommonCertificateVerifier created. 
2023-04-28 11:57:29,885  INFO | main | e.e.esig.dss.token.AbstractSignatureTokenConnection     | Signature algorithm : SHA256withRSA 
2023-04-28 11:57:29,891  INFO | main | e.europa.esig.dss.validation.CommonCertificateVerifier  | + New CommonCertificateVerifier created. 
2023-04-28 11:57:29,898  INFO | main | eu.europa.esig.dss.validation.SignedDocumentValidator   | Document validation... 
2023-04-28 11:57:29,901  INFO | main | e.europa.esig.dss.validation.CommonCertificateVerifier  | + New CommonCertificateVerifier created. 
2023-04-28 11:57:29,904  INFO | main | e.europa.esig.dss.validation.CommonCertificateVerifier  | + New CommonCertificateVerifier created. 
2023-04-28 11:57:29,905  INFO | main | eu.europa.esig.dss.spi.x509.revocation.ocsp.OCSPToken   | OCSP status is good 
2023-04-28 11:57:29,906  INFO | main | e.e.e.d.spi.x509.revocation.RepositoryRevocationSource  | Revocation token for certificate with Id 'C-96DB5CFA7ABACEB5C97C131CBBFB341DDD8E64FE68B587558AA8F082AB2670F2' has been loaded from the cache 
2023-04-28 11:57:29,906  WARN | main | eu.europa.esig.dss.service.ocsp.OnlineOCSPSource        | No OCSP location found for C-FCBFEBCB6B78113DFD4C6CCFCBC2B1482992DF4C48E9DE1B3B7F16F33332BFCB 
2023-04-28 11:57:29,908  INFO | main | e.e.e.d.spi.x509.revocation.RepositoryRevocationSource  | Revocation token for certificate with Id 'C-FCBFEBCB6B78113DFD4C6CCFCBC2B1482992DF4C48E9DE1B3B7F16F33332BFCB' has been loaded from the cache 
2023-04-28 11:57:29,908  INFO | main | eu.europa.esig.dss.validation.SignedDocumentValidator   | Default SignaturePolicyProvider instantiated with NativeHTTPDataLoader. 
2023-04-28 11:57:29,914  INFO | main | e.europa.esig.dss.validation.CommonCertificateVerifier  | + New CommonCertificateVerifier created. 
2023-04-28 11:57:29,924  INFO | main | eu.europa.esig.dss.validation.SignedDocumentValidator   | Document validation... 
2023-04-28 11:57:29,926  INFO | main | e.europa.esig.dss.validation.CommonCertificateVerifier  | + New CommonCertificateVerifier created. 
2023-04-28 11:57:29,929  INFO | main | e.europa.esig.dss.validation.CommonCertificateVerifier  | + New CommonCertificateVerifier created. 
2023-04-28 11:57:29,932  INFO | main | eu.europa.esig.dss.spi.x509.revocation.ocsp.OCSPToken   | OCSP status is good 
2023-04-28 11:57:29,932  INFO | main | e.e.e.d.spi.x509.revocation.RepositoryRevocationSource  | Revocation token for certificate with Id 'C-96DB5CFA7ABACEB5C97C131CBBFB341DDD8E64FE68B587558AA8F082AB2670F2' has been loaded from the cache 
2023-04-28 11:57:29,933  WARN | main | eu.europa.esig.dss.service.ocsp.OnlineOCSPSource        | No OCSP location found for C-FCBFEBCB6B78113DFD4C6CCFCBC2B1482992DF4C48E9DE1B3B7F16F33332BFCB 
2023-04-28 11:57:29,935  INFO | main | e.e.e.d.spi.x509.revocation.RepositoryRevocationSource  | Revocation token for certificate with Id 'C-FCBFEBCB6B78113DFD4C6CCFCBC2B1482992DF4C48E9DE1B3B7F16F33332BFCB' has been loaded from the cache 
2023-04-28 11:57:29,936  INFO | main | eu.europa.esig.dss.validation.SignedDocumentValidator   | Default SignaturePolicyProvider instantiated with NativeHTTPDataLoader. 
2023-04-28 11:57:29,944  INFO | main | e.europa.esig.dss.validation.CommonCertificateVerifier  | + New CommonCertificateVerifier created. 
2023-04-28 11:57:29,951  INFO | main | eu.europa.esig.dss.validation.SignedDocumentValidator   | Document validation... 
2023-04-28 11:57:29,954  INFO | main | e.europa.esig.dss.validation.CommonCertificateVerifier  | + New CommonCertificateVerifier created. 
2023-04-28 11:57:29,957  INFO | main | e.europa.esig.dss.validation.CommonCertificateVerifier  | + New CommonCertificateVerifier created. 
2023-04-28 11:57:29,958  INFO | main | eu.europa.esig.dss.spi.x509.revocation.ocsp.OCSPToken   | OCSP status is good 
2023-04-28 11:57:29,959  INFO | main | e.e.e.d.spi.x509.revocation.RepositoryRevocationSource  | Revocation token for certificate with Id 'C-96DB5CFA7ABACEB5C97C131CBBFB341DDD8E64FE68B587558AA8F082AB2670F2' has been loaded from the cache 
2023-04-28 11:57:29,959  WARN | main | eu.europa.esig.dss.service.ocsp.OnlineOCSPSource        | No OCSP location found for C-FCBFEBCB6B78113DFD4C6CCFCBC2B1482992DF4C48E9DE1B3B7F16F33332BFCB 
2023-04-28 11:57:29,960  INFO | main | e.e.e.d.spi.x509.revocation.RepositoryRevocationSource  | Revocation token for certificate with Id 'C-FCBFEBCB6B78113DFD4C6CCFCBC2B1482992DF4C48E9DE1B3B7F16F33332BFCB' has been loaded from the cache 
2023-04-28 11:57:29,960  INFO | main | eu.europa.esig.dss.validation.SignedDocumentValidator   | Default SignaturePolicyProvider instantiated with NativeHTTPDataLoader. 
2023-04-28 11:57:29,966  INFO | main | e.europa.esig.dss.validation.CommonCertificateVerifier  | + New CommonCertificateVerifier created. 
2023-04-28 11:57:29,973  INFO | main | eu.europa.esig.dss.validation.SignedDocumentValidator   | Document validation... 
2023-04-28 11:57:29,975  INFO | main | e.europa.esig.dss.validation.CommonCertificateVerifier  | + New CommonCertificateVerifier created. 
2023-04-28 11:57:29,976  WARN | main | e.europa.esig.dss.spi.x509.SignatureIntegrityValidator  | Determining signing certificate from certificate candidates list failed: [Best candidate validation failed : Unable to validate CMS Signature : message-digest attribute value does not match calculated value] 
2023-04-28 11:57:29,978  INFO | main | e.europa.esig.dss.validation.CommonCertificateVerifier  | + New CommonCertificateVerifier created. 
2023-04-28 11:57:29,979  INFO | main | eu.europa.esig.dss.spi.x509.revocation.ocsp.OCSPToken   | OCSP status is good 
2023-04-28 11:57:29,980  INFO | main | e.e.e.d.spi.x509.revocation.RepositoryRevocationSource  | Revocation token for certificate with Id 'C-96DB5CFA7ABACEB5C97C131CBBFB341DDD8E64FE68B587558AA8F082AB2670F2' has been loaded from the cache 
2023-04-28 11:57:29,980  WARN | main | eu.europa.esig.dss.service.ocsp.OnlineOCSPSource        | No OCSP location found for C-FCBFEBCB6B78113DFD4C6CCFCBC2B1482992DF4C48E9DE1B3B7F16F33332BFCB 
2023-04-28 11:57:29,981  INFO | main | e.e.e.d.spi.x509.revocation.RepositoryRevocationSource  | Revocation token for certificate with Id 'C-FCBFEBCB6B78113DFD4C6CCFCBC2B1482992DF4C48E9DE1B3B7F16F33332BFCB' has been loaded from the cache 
2023-04-28 11:57:29,982  INFO | main | eu.europa.esig.dss.validation.SignedDocumentValidator   | Default SignaturePolicyProvider instantiated with NativeHTTPDataLoader. 
2023-04-28 11:57:29,985  INFO | main | e.e.esig.dss.cades.signature.CAdESSignatureExtension    | EXTEND CMS SIGNATURES. 
2023-04-28 11:57:29,989  INFO | main | e.europa.esig.dss.validation.CommonCertificateVerifier  | + New CommonCertificateVerifier created. 
2023-04-28 11:57:29,992  INFO | main | e.europa.esig.dss.validation.CommonCertificateVerifier  | + New CommonCertificateVerifier created. 
2023-04-28 11:57:29,995  INFO | main | e.europa.esig.dss.validation.CommonCertificateVerifier  | + New CommonCertificateVerifier created. 
2023-04-28 11:57:29,998  INFO | main | e.europa.esig.dss.validation.CommonCertificateVerifier  | + New CommonCertificateVerifier created. 
2023-04-28 11:57:30,137  INFO | main | eu.europa.esig.dss.service.tsp.OnlineTSPSource          | TSP Status: Operation Okay 
2023-04-28 11:57:30,137  INFO | main | eu.europa.esig.dss.service.tsp.OnlineTSPSource          | TSP SID : SN 500, Issuer CN=root-ca,O=Nowina Solutions,OU=PKI-TEST,C=LU 
2023-04-28 11:57:30,141  INFO | main | e.europa.esig.dss.validation.CommonCertificateVerifier  | + New CommonCertificateVerifier created. 
2023-04-28 11:57:30,145  INFO | main | eu.europa.esig.dss.spi.x509.revocation.ocsp.OCSPToken   | OCSP status is good 
2023-04-28 11:57:30,146  INFO | main | e.e.e.d.spi.x509.revocation.RepositoryRevocationSource  | Revocation token for certificate with Id 'C-96DB5CFA7ABACEB5C97C131CBBFB341DDD8E64FE68B587558AA8F082AB2670F2' has been loaded from the cache 
2023-04-28 11:57:30,146  WARN | main | eu.europa.esig.dss.service.ocsp.OnlineOCSPSource        | No OCSP location found for C-AA02B99F9C4B57291E3C1744E44647709293D0FE17BB4EED28C99E973C7E8473 
2023-04-28 11:57:30,147  INFO | main | e.e.e.d.spi.x509.revocation.RepositoryRevocationSource  | Revocation token for certificate with Id 'C-AA02B99F9C4B57291E3C1744E44647709293D0FE17BB4EED28C99E973C7E8473' has been loaded from the cache 
2023-04-28 11:57:30,147  WARN | main | eu.europa.esig.dss.service.ocsp.OnlineOCSPSource        | No OCSP location found for C-FCBFEBCB6B78113DFD4C6CCFCBC2B1482992DF4C48E9DE1B3B7F16F33332BFCB 
2023-04-28 11:57:30,149  INFO | main | e.e.e.d.spi.x509.revocation.RepositoryRevocationSource  | Revocation token for certificate with Id 'C-FCBFEBCB6B78113DFD4C6CCFCBC2B1482992DF4C48E9DE1B3B7F16F33332BFCB' has been loaded from the cache 
2023-04-28 11:57:30,150  WARN | main | eu.europa.esig.dss.alert.handler.LogHandler             | Revocation data is missing for one or more POE(s). NextUpdate time : 2023-10-28T09:53:48Z [C-AA02B99F9C4B57291E3C1744E44647709293D0FE17BB4EED28C99E973C7E8473: No revocation data found after the best signature time [2023-04-28T09:57:30Z]! The nextUpdate available after : [2023-10-28T09:53:48Z]] 
2023-04-28 11:57:30,150  WARN | main | eu.europa.esig.dss.alert.handler.LogHandler             | Fresh revocation data is missing for one or more certificate(s). NextUpdate time : 2023-10-28T09:53:48Z [C-FCBFEBCB6B78113DFD4C6CCFCBC2B1482992DF4C48E9DE1B3B7F16F33332BFCB: No revocation data found after the best signature time [2023-04-28T09:57:30Z]! The nextUpdate available after : [2023-10-28T09:53:48Z]; C-96DB5CFA7ABACEB5C97C131CBBFB341DDD8E64FE68B587558AA8F082AB2670F2: No revocation data found after the best signature time [2023-04-28T09:57:30Z]!] 
2023-04-28 11:57:30,154  INFO | main | e.europa.esig.dss.validation.CommonCertificateVerifier  | + New CommonCertificateVerifier created. 
2023-04-28 11:57:30,290  INFO | main | eu.europa.esig.dss.service.tsp.OnlineTSPSource          | TSP Status: Operation Okay 
2023-04-28 11:57:30,290  INFO | main | eu.europa.esig.dss.service.tsp.OnlineTSPSource          | TSP SID : SN 500, Issuer CN=root-ca,O=Nowina Solutions,OU=PKI-TEST,C=LU 
2023-04-28 11:57:30,298  INFO | main | e.europa.esig.dss.validation.CommonCertificateVerifier  | + New CommonCertificateVerifier created. 
2023-04-28 11:57:30,307  INFO | main | eu.europa.esig.dss.validation.SignedDocumentValidator   | Document validation... 
2023-04-28 11:57:30,311  INFO | main | e.europa.esig.dss.validation.CommonCertificateVerifier  | + New CommonCertificateVerifier created. 
2023-04-28 11:57:30,325  INFO | main | e.europa.esig.dss.validation.CommonCertificateVerifier  | + New CommonCertificateVerifier created. 
2023-04-28 11:57:30,329  INFO | main | eu.europa.esig.dss.spi.x509.revocation.ocsp.OCSPToken   | OCSP status is good 
2023-04-28 11:57:30,331  INFO | main | eu.europa.esig.dss.spi.x509.revocation.ocsp.OCSPToken   | OCSP status is good 
2023-04-28 11:57:30,331  INFO | main | e.e.e.d.spi.x509.revocation.RepositoryRevocationSource  | Revocation token for certificate with Id 'C-96DB5CFA7ABACEB5C97C131CBBFB341DDD8E64FE68B587558AA8F082AB2670F2' has been loaded from the cache 
2023-04-28 11:57:30,332  WARN | main | eu.europa.esig.dss.service.ocsp.OnlineOCSPSource        | No OCSP location found for C-AA02B99F9C4B57291E3C1744E44647709293D0FE17BB4EED28C99E973C7E8473 
2023-04-28 11:57:30,333  INFO | main | e.e.e.d.spi.x509.revocation.RepositoryRevocationSource  | Revocation token for certificate with Id 'C-AA02B99F9C4B57291E3C1744E44647709293D0FE17BB4EED28C99E973C7E8473' has been loaded from the cache 
2023-04-28 11:57:30,334  WARN | main | eu.europa.esig.dss.service.ocsp.OnlineOCSPSource        | No OCSP location found for C-FCBFEBCB6B78113DFD4C6CCFCBC2B1482992DF4C48E9DE1B3B7F16F33332BFCB 
2023-04-28 11:57:30,335  INFO | main | e.e.e.d.spi.x509.revocation.RepositoryRevocationSource  | Revocation token for certificate with Id 'C-FCBFEBCB6B78113DFD4C6CCFCBC2B1482992DF4C48E9DE1B3B7F16F33332BFCB' has been loaded from the cache 
2023-04-28 11:57:30,336  INFO | main | eu.europa.esig.dss.validation.SignedDocumentValidator   | Default SignaturePolicyProvider instantiated with NativeHTTPDataLoader. 
2023-04-28 11:57:30,351  INFO | main | e.europa.esig.dss.validation.CommonCertificateVerifier  | + New CommonCertificateVerifier created. 
2023-04-28 11:57:30,360  INFO | main | eu.europa.esig.dss.validation.SignedDocumentValidator   | Document validation... 
2023-04-28 11:57:30,363  INFO | main | e.europa.esig.dss.validation.CommonCertificateVerifier  | + New CommonCertificateVerifier created. 
2023-04-28 11:57:30,375  INFO | main | e.europa.esig.dss.validation.CommonCertificateVerifier  | + New CommonCertificateVerifier created. 
2023-04-28 11:57:30,380  INFO | main | eu.europa.esig.dss.spi.x509.revocation.ocsp.OCSPToken   | OCSP status is good 
2023-04-28 11:57:30,382  INFO | main | eu.europa.esig.dss.spi.x509.revocation.ocsp.OCSPToken   | OCSP status is good 
2023-04-28 11:57:30,383  INFO | main | e.e.e.d.spi.x509.revocation.RepositoryRevocationSource  | Revocation token for certificate with Id 'C-96DB5CFA7ABACEB5C97C131CBBFB341DDD8E64FE68B587558AA8F082AB2670F2' has been loaded from the cache 
2023-04-28 11:57:30,385  WARN | main | eu.europa.esig.dss.service.ocsp.OnlineOCSPSource        | No OCSP location found for C-AA02B99F9C4B57291E3C1744E44647709293D0FE17BB4EED28C99E973C7E8473 
2023-04-28 11:57:30,386  INFO | main | e.e.e.d.spi.x509.revocation.RepositoryRevocationSource  | Revocation token for certificate with Id 'C-AA02B99F9C4B57291E3C1744E44647709293D0FE17BB4EED28C99E973C7E8473' has been loaded from the cache 
2023-04-28 11:57:30,386  WARN | main | eu.europa.esig.dss.service.ocsp.OnlineOCSPSource        | No OCSP location found for C-FCBFEBCB6B78113DFD4C6CCFCBC2B1482992DF4C48E9DE1B3B7F16F33332BFCB 
2023-04-28 11:57:30,387  INFO | main | e.e.e.d.spi.x509.revocation.RepositoryRevocationSource  | Revocation token for certificate with Id 'C-FCBFEBCB6B78113DFD4C6CCFCBC2B1482992DF4C48E9DE1B3B7F16F33332BFCB' has been loaded from the cache 
2023-04-28 11:57:30,388  INFO | main | eu.europa.esig.dss.validation.SignedDocumentValidator   | Default SignaturePolicyProvider instantiated with NativeHTTPDataLoader. 
2023-04-28 11:57:30,402  INFO | main | e.europa.esig.dss.validation.CommonCertificateVerifier  | + New CommonCertificateVerifier created. 
2023-04-28 11:57:30,409  INFO | main | eu.europa.esig.dss.validation.SignedDocumentValidator   | Document validation... 
2023-04-28 11:57:30,412  INFO | main | e.europa.esig.dss.validation.CommonCertificateVerifier  | + New CommonCertificateVerifier created. 
2023-04-28 11:57:30,418  INFO | main | e.europa.esig.dss.validation.CommonCertificateVerifier  | + New CommonCertificateVerifier created. 
2023-04-28 11:57:30,421  INFO | main | eu.europa.esig.dss.spi.x509.revocation.ocsp.OCSPToken   | OCSP status is good 
2023-04-28 11:57:30,424  INFO | main | eu.europa.esig.dss.spi.x509.revocation.ocsp.OCSPToken   | OCSP status is good 
2023-04-28 11:57:30,424  INFO | main | e.e.e.d.spi.x509.revocation.RepositoryRevocationSource  | Revocation token for certificate with Id 'C-96DB5CFA7ABACEB5C97C131CBBFB341DDD8E64FE68B587558AA8F082AB2670F2' has been loaded from the cache 
2023-04-28 11:57:30,425  WARN | main | eu.europa.esig.dss.service.ocsp.OnlineOCSPSource        | No OCSP location found for C-AA02B99F9C4B57291E3C1744E44647709293D0FE17BB4EED28C99E973C7E8473 
2023-04-28 11:57:30,426  INFO | main | e.e.e.d.spi.x509.revocation.RepositoryRevocationSource  | Revocation token for certificate with Id 'C-AA02B99F9C4B57291E3C1744E44647709293D0FE17BB4EED28C99E973C7E8473' has been loaded from the cache 
2023-04-28 11:57:30,427  WARN | main | eu.europa.esig.dss.service.ocsp.OnlineOCSPSource        | No OCSP location found for C-FCBFEBCB6B78113DFD4C6CCFCBC2B1482992DF4C48E9DE1B3B7F16F33332BFCB 
2023-04-28 11:57:30,428  INFO | main | e.e.e.d.spi.x509.revocation.RepositoryRevocationSource  | Revocation token for certificate with Id 'C-FCBFEBCB6B78113DFD4C6CCFCBC2B1482992DF4C48E9DE1B3B7F16F33332BFCB' has been loaded from the cache 
2023-04-28 11:57:30,428  INFO | main | eu.europa.esig.dss.validation.SignedDocumentValidator   | Default SignaturePolicyProvider instantiated with NativeHTTPDataLoader. 
2023-04-28 11:57:30,445  INFO | main | e.europa.esig.dss.validation.CommonCertificateVerifier  | + New CommonCertificateVerifier created. 
2023-04-28 11:57:30,453  INFO | main | eu.europa.esig.dss.validation.SignedDocumentValidator   | Document validation... 
2023-04-28 11:57:30,455  INFO | main | e.europa.esig.dss.validation.CommonCertificateVerifier  | + New CommonCertificateVerifier created. 
2023-04-28 11:57:30,457  WARN | main | e.europa.esig.dss.spi.x509.SignatureIntegrityValidator  | Determining signing certificate from certificate candidates list failed: [Best candidate validation failed : Unable to validate CMS Signature : message-digest attribute value does not match calculated value] 
2023-04-28 11:57:30,460  WARN | main | eu.europa.esig.dss.validation.timestamp.TimestampToken  | Provided digest value for TimestampToken matchData : YSpiVoL9Rlhu4ax/1gvGYMij/TOoxesCG0QD4FSL3o4= 
2023-04-28 11:57:30,460  WARN | main | eu.europa.esig.dss.validation.timestamp.TimestampToken  | Digest (SHA256) present in TimestampToken : LU02o3AvMem5BvnbYZe64EqSEx9W9IRd+2fae/UHpAQ= 
2023-04-28 11:57:30,460  WARN | main | eu.europa.esig.dss.validation.timestamp.TimestampToken  | Digest in TimestampToken matches digest of extracted data from document: false 
2023-04-28 11:57:30,463  INFO | main | e.europa.esig.dss.validation.CommonCertificateVerifier  | + New CommonCertificateVerifier created. 
2023-04-28 11:57:30,465  WARN | main | e.europa.esig.dss.validation.SignatureValidationContext | POE extraction is skipped for timestamp : T-C312750D5358D13C8778DACDFD892E6CBB4638A28C63529603A58E504417659A. The message-imprint is not intact! 
2023-04-28 11:57:30,467  INFO | main | eu.europa.esig.dss.spi.x509.revocation.ocsp.OCSPToken   | OCSP status is good 
2023-04-28 11:57:30,470  INFO | main | eu.europa.esig.dss.spi.x509.revocation.ocsp.OCSPToken   | OCSP status is good 
2023-04-28 11:57:30,470  INFO | main | e.e.e.d.spi.x509.revocation.RepositoryRevocationSource  | Revocation token for certificate with Id 'C-96DB5CFA7ABACEB5C97C131CBBFB341DDD8E64FE68B587558AA8F082AB2670F2' has been loaded from the cache 
2023-04-28 11:57:30,472  WARN | main | eu.europa.esig.dss.service.ocsp.OnlineOCSPSource        | No OCSP location found for C-AA02B99F9C4B57291E3C1744E44647709293D0FE17BB4EED28C99E973C7E8473 
2023-04-28 11:57:30,473  INFO | main | e.e.e.d.spi.x509.revocation.RepositoryRevocationSource  | Revocation token for certificate with Id 'C-AA02B99F9C4B57291E3C1744E44647709293D0FE17BB4EED28C99E973C7E8473' has been loaded from the cache 
2023-04-28 11:57:30,474  WARN | main | eu.europa.esig.dss.service.ocsp.OnlineOCSPSource        | No OCSP location found for C-FCBFEBCB6B78113DFD4C6CCFCBC2B1482992DF4C48E9DE1B3B7F16F33332BFCB 
2023-04-28 11:57:30,475  INFO | main | e.e.e.d.spi.x509.revocation.RepositoryRevocationSource  | Revocation token for certificate with Id 'C-FCBFEBCB6B78113DFD4C6CCFCBC2B1482992DF4C48E9DE1B3B7F16F33332BFCB' has been loaded from the cache 
2023-04-28 11:57:30,475  INFO | main | eu.europa.esig.dss.validation.SignedDocumentValidator   | Default SignaturePolicyProvider instantiated with NativeHTTPDataLoader. 
]]></system-out>
  </testcase>
  <testcase name="testSignWithDigestExtendWithDigest" classname="eu.europa.esig.dss.cades.signature.CAdESLevelLTADetachedDigestTest" time="0.968">
    <system-out><![CDATA[2023-04-28 11:57:30,491  INFO | main | e.europa.esig.dss.validation.CommonCertificateVerifier  | + New CommonCertificateVerifier created. 
2023-04-28 11:57:30,870  INFO | main | e.e.esig.dss.token.AbstractSignatureTokenConnection     | Signature algorithm : SHA256withRSA 
2023-04-28 11:57:30,878  INFO | main | e.europa.esig.dss.validation.CommonCertificateVerifier  | + New CommonCertificateVerifier created. 
2023-04-28 11:57:30,888  INFO | main | eu.europa.esig.dss.validation.SignedDocumentValidator   | Document validation... 
2023-04-28 11:57:30,891  INFO | main | e.europa.esig.dss.validation.CommonCertificateVerifier  | + New CommonCertificateVerifier created. 
2023-04-28 11:57:30,896  INFO | main | e.europa.esig.dss.validation.CommonCertificateVerifier  | + New CommonCertificateVerifier created. 
2023-04-28 11:57:30,898  INFO | main | eu.europa.esig.dss.spi.x509.revocation.ocsp.OCSPToken   | OCSP status is good 
2023-04-28 11:57:30,898  INFO | main | e.e.e.d.spi.x509.revocation.RepositoryRevocationSource  | Revocation token for certificate with Id 'C-96DB5CFA7ABACEB5C97C131CBBFB341DDD8E64FE68B587558AA8F082AB2670F2' has been loaded from the cache 
2023-04-28 11:57:30,899  WARN | main | eu.europa.esig.dss.service.ocsp.OnlineOCSPSource        | No OCSP location found for C-FCBFEBCB6B78113DFD4C6CCFCBC2B1482992DF4C48E9DE1B3B7F16F33332BFCB 
2023-04-28 11:57:30,900  INFO | main | e.e.e.d.spi.x509.revocation.RepositoryRevocationSource  | Revocation token for certificate with Id 'C-FCBFEBCB6B78113DFD4C6CCFCBC2B1482992DF4C48E9DE1B3B7F16F33332BFCB' has been loaded from the cache 
2023-04-28 11:57:30,901  INFO | main | eu.europa.esig.dss.validation.SignedDocumentValidator   | Default SignaturePolicyProvider instantiated with NativeHTTPDataLoader. 
2023-04-28 11:57:30,909  INFO | main | e.europa.esig.dss.validation.CommonCertificateVerifier  | + New CommonCertificateVerifier created. 
2023-04-28 11:57:30,918  INFO | main | eu.europa.esig.dss.validation.SignedDocumentValidator   | Document validation... 
2023-04-28 11:57:30,922  INFO | main | e.europa.esig.dss.validation.CommonCertificateVerifier  | + New CommonCertificateVerifier created. 
2023-04-28 11:57:30,927  INFO | main | e.europa.esig.dss.validation.CommonCertificateVerifier  | + New CommonCertificateVerifier created. 
2023-04-28 11:57:30,930  INFO | main | eu.europa.esig.dss.spi.x509.revocation.ocsp.OCSPToken   | OCSP status is good 
2023-04-28 11:57:30,930  INFO | main | e.e.e.d.spi.x509.revocation.RepositoryRevocationSource  | Revocation token for certificate with Id 'C-96DB5CFA7ABACEB5C97C131CBBFB341DDD8E64FE68B587558AA8F082AB2670F2' has been loaded from the cache 
2023-04-28 11:57:30,931  WARN | main | eu.europa.esig.dss.service.ocsp.OnlineOCSPSource        | No OCSP location found for C-FCBFEBCB6B78113DFD4C6CCFCBC2B1482992DF4C48E9DE1B3B7F16F33332BFCB 
2023-04-28 11:57:30,932  INFO | main | e.e.e.d.spi.x509.revocation.RepositoryRevocationSource  | Revocation token for certificate with Id 'C-FCBFEBCB6B78113DFD4C6CCFCBC2B1482992DF4C48E9DE1B3B7F16F33332BFCB' has been loaded from the cache 
2023-04-28 11:57:30,933  INFO | main | eu.europa.esig.dss.validation.SignedDocumentValidator   | Default SignaturePolicyProvider instantiated with NativeHTTPDataLoader. 
2023-04-28 11:57:30,940  INFO | main | e.europa.esig.dss.validation.CommonCertificateVerifier  | + New CommonCertificateVerifier created. 
2023-04-28 11:57:30,947  INFO | main | eu.europa.esig.dss.validation.SignedDocumentValidator   | Document validation... 
2023-04-28 11:57:30,949  INFO | main | e.europa.esig.dss.validation.CommonCertificateVerifier  | + New CommonCertificateVerifier created. 
2023-04-28 11:57:30,953  INFO | main | e.europa.esig.dss.validation.CommonCertificateVerifier  | + New CommonCertificateVerifier created. 
2023-04-28 11:57:30,954  INFO | main | eu.europa.esig.dss.spi.x509.revocation.ocsp.OCSPToken   | OCSP status is good 
2023-04-28 11:57:30,955  INFO | main | e.e.e.d.spi.x509.revocation.RepositoryRevocationSource  | Revocation token for certificate with Id 'C-96DB5CFA7ABACEB5C97C131CBBFB341DDD8E64FE68B587558AA8F082AB2670F2' has been loaded from the cache 
2023-04-28 11:57:30,955  WARN | main | eu.europa.esig.dss.service.ocsp.OnlineOCSPSource        | No OCSP location found for C-FCBFEBCB6B78113DFD4C6CCFCBC2B1482992DF4C48E9DE1B3B7F16F33332BFCB 
2023-04-28 11:57:30,956  INFO | main | e.e.e.d.spi.x509.revocation.RepositoryRevocationSource  | Revocation token for certificate with Id 'C-FCBFEBCB6B78113DFD4C6CCFCBC2B1482992DF4C48E9DE1B3B7F16F33332BFCB' has been loaded from the cache 
2023-04-28 11:57:30,956  INFO | main | eu.europa.esig.dss.validation.SignedDocumentValidator   | Default SignaturePolicyProvider instantiated with NativeHTTPDataLoader. 
2023-04-28 11:57:30,963  INFO | main | e.europa.esig.dss.validation.CommonCertificateVerifier  | + New CommonCertificateVerifier created. 
2023-04-28 11:57:30,970  INFO | main | eu.europa.esig.dss.validation.SignedDocumentValidator   | Document validation... 
2023-04-28 11:57:30,973  INFO | main | e.europa.esig.dss.validation.CommonCertificateVerifier  | + New CommonCertificateVerifier created. 
2023-04-28 11:57:30,973  WARN | main | e.europa.esig.dss.spi.x509.SignatureIntegrityValidator  | Determining signing certificate from certificate candidates list failed: [Best candidate validation failed : Unable to validate CMS Signature : message-digest attribute value does not match calculated value] 
2023-04-28 11:57:30,976  INFO | main | e.europa.esig.dss.validation.CommonCertificateVerifier  | + New CommonCertificateVerifier created. 
2023-04-28 11:57:30,977  INFO | main | eu.europa.esig.dss.spi.x509.revocation.ocsp.OCSPToken   | OCSP status is good 
2023-04-28 11:57:30,978  INFO | main | e.e.e.d.spi.x509.revocation.RepositoryRevocationSource  | Revocation token for certificate with Id 'C-96DB5CFA7ABACEB5C97C131CBBFB341DDD8E64FE68B587558AA8F082AB2670F2' has been loaded from the cache 
2023-04-28 11:57:30,978  WARN | main | eu.europa.esig.dss.service.ocsp.OnlineOCSPSource        | No OCSP location found for C-FCBFEBCB6B78113DFD4C6CCFCBC2B1482992DF4C48E9DE1B3B7F16F33332BFCB 
2023-04-28 11:57:30,979  INFO | main | e.e.e.d.spi.x509.revocation.RepositoryRevocationSource  | Revocation token for certificate with Id 'C-FCBFEBCB6B78113DFD4C6CCFCBC2B1482992DF4C48E9DE1B3B7F16F33332BFCB' has been loaded from the cache 
2023-04-28 11:57:30,979  INFO | main | eu.europa.esig.dss.validation.SignedDocumentValidator   | Default SignaturePolicyProvider instantiated with NativeHTTPDataLoader. 
2023-04-28 11:57:30,982  INFO | main | e.e.esig.dss.cades.signature.CAdESSignatureExtension    | EXTEND CMS SIGNATURES. 
2023-04-28 11:57:30,985  INFO | main | e.europa.esig.dss.validation.CommonCertificateVerifier  | + New CommonCertificateVerifier created. 
2023-04-28 11:57:30,989  INFO | main | e.europa.esig.dss.validation.CommonCertificateVerifier  | + New CommonCertificateVerifier created. 
2023-04-28 11:57:30,992  INFO | main | e.europa.esig.dss.validation.CommonCertificateVerifier  | + New CommonCertificateVerifier created. 
2023-04-28 11:57:30,995  INFO | main | e.europa.esig.dss.validation.CommonCertificateVerifier  | + New CommonCertificateVerifier created. 
2023-04-28 11:57:31,129  INFO | main | eu.europa.esig.dss.service.tsp.OnlineTSPSource          | TSP Status: Operation Okay 
2023-04-28 11:57:31,130  INFO | main | eu.europa.esig.dss.service.tsp.OnlineTSPSource          | TSP SID : SN 500, Issuer CN=root-ca,O=Nowina Solutions,OU=PKI-TEST,C=LU 
2023-04-28 11:57:31,135  INFO | main | e.europa.esig.dss.validation.CommonCertificateVerifier  | + New CommonCertificateVerifier created. 
2023-04-28 11:57:31,140  INFO | main | eu.europa.esig.dss.spi.x509.revocation.ocsp.OCSPToken   | OCSP status is good 
2023-04-28 11:57:31,140  INFO | main | e.e.e.d.spi.x509.revocation.RepositoryRevocationSource  | Revocation token for certificate with Id 'C-96DB5CFA7ABACEB5C97C131CBBFB341DDD8E64FE68B587558AA8F082AB2670F2' has been loaded from the cache 
2023-04-28 11:57:31,141  WARN | main | eu.europa.esig.dss.service.ocsp.OnlineOCSPSource        | No OCSP location found for C-AA02B99F9C4B57291E3C1744E44647709293D0FE17BB4EED28C99E973C7E8473 
2023-04-28 11:57:31,142  INFO | main | e.e.e.d.spi.x509.revocation.RepositoryRevocationSource  | Revocation token for certificate with Id 'C-AA02B99F9C4B57291E3C1744E44647709293D0FE17BB4EED28C99E973C7E8473' has been loaded from the cache 
2023-04-28 11:57:31,142  WARN | main | eu.europa.esig.dss.service.ocsp.OnlineOCSPSource        | No OCSP location found for C-FCBFEBCB6B78113DFD4C6CCFCBC2B1482992DF4C48E9DE1B3B7F16F33332BFCB 
2023-04-28 11:57:31,143  INFO | main | e.e.e.d.spi.x509.revocation.RepositoryRevocationSource  | Revocation token for certificate with Id 'C-FCBFEBCB6B78113DFD4C6CCFCBC2B1482992DF4C48E9DE1B3B7F16F33332BFCB' has been loaded from the cache 
2023-04-28 11:57:31,144  WARN | main | eu.europa.esig.dss.alert.handler.LogHandler             | Revocation data is missing for one or more POE(s). NextUpdate time : 2023-10-28T09:53:48Z [C-AA02B99F9C4B57291E3C1744E44647709293D0FE17BB4EED28C99E973C7E8473: No revocation data found after the best signature time [2023-04-28T09:57:31Z]! The nextUpdate available after : [2023-10-28T09:53:48Z]] 
2023-04-28 11:57:31,144  WARN | main | eu.europa.esig.dss.alert.handler.LogHandler             | Fresh revocation data is missing for one or more certificate(s). NextUpdate time : 2023-10-28T09:53:48Z [C-FCBFEBCB6B78113DFD4C6CCFCBC2B1482992DF4C48E9DE1B3B7F16F33332BFCB: No revocation data found after the best signature time [2023-04-28T09:57:31Z]! The nextUpdate available after : [2023-10-28T09:53:48Z]; C-96DB5CFA7ABACEB5C97C131CBBFB341DDD8E64FE68B587558AA8F082AB2670F2: No revocation data found after the best signature time [2023-04-28T09:57:31Z]!] 
2023-04-28 11:57:31,148  INFO | main | e.europa.esig.dss.validation.CommonCertificateVerifier  | + New CommonCertificateVerifier created. 
2023-04-28 11:57:31,285  INFO | main | eu.europa.esig.dss.service.tsp.OnlineTSPSource          | TSP Status: Operation Okay 
2023-04-28 11:57:31,285  INFO | main | eu.europa.esig.dss.service.tsp.OnlineTSPSource          | TSP SID : SN 500, Issuer CN=root-ca,O=Nowina Solutions,OU=PKI-TEST,C=LU 
2023-04-28 11:57:31,292  INFO | main | e.europa.esig.dss.validation.CommonCertificateVerifier  | + New CommonCertificateVerifier created. 
2023-04-28 11:57:31,300  INFO | main | eu.europa.esig.dss.validation.SignedDocumentValidator   | Document validation... 
2023-04-28 11:57:31,302  INFO | main | e.europa.esig.dss.validation.CommonCertificateVerifier  | + New CommonCertificateVerifier created. 
2023-04-28 11:57:31,309  INFO | main | e.europa.esig.dss.validation.CommonCertificateVerifier  | + New CommonCertificateVerifier created. 
2023-04-28 11:57:31,311  INFO | main | eu.europa.esig.dss.spi.x509.revocation.ocsp.OCSPToken   | OCSP status is good 
2023-04-28 11:57:31,313  INFO | main | eu.europa.esig.dss.spi.x509.revocation.ocsp.OCSPToken   | OCSP status is good 
2023-04-28 11:57:31,313  INFO | main | e.e.e.d.spi.x509.revocation.RepositoryRevocationSource  | Revocation token for certificate with Id 'C-96DB5CFA7ABACEB5C97C131CBBFB341DDD8E64FE68B587558AA8F082AB2670F2' has been loaded from the cache 
2023-04-28 11:57:31,313  WARN | main | eu.europa.esig.dss.service.ocsp.OnlineOCSPSource        | No OCSP location found for C-AA02B99F9C4B57291E3C1744E44647709293D0FE17BB4EED28C99E973C7E8473 
2023-04-28 11:57:31,314  INFO | main | e.e.e.d.spi.x509.revocation.RepositoryRevocationSource  | Revocation token for certificate with Id 'C-AA02B99F9C4B57291E3C1744E44647709293D0FE17BB4EED28C99E973C7E8473' has been loaded from the cache 
2023-04-28 11:57:31,315  WARN | main | eu.europa.esig.dss.service.ocsp.OnlineOCSPSource        | No OCSP location found for C-FCBFEBCB6B78113DFD4C6CCFCBC2B1482992DF4C48E9DE1B3B7F16F33332BFCB 
2023-04-28 11:57:31,316  INFO | main | e.e.e.d.spi.x509.revocation.RepositoryRevocationSource  | Revocation token for certificate with Id 'C-FCBFEBCB6B78113DFD4C6CCFCBC2B1482992DF4C48E9DE1B3B7F16F33332BFCB' has been loaded from the cache 
2023-04-28 11:57:31,316  INFO | main | eu.europa.esig.dss.validation.SignedDocumentValidator   | Default SignaturePolicyProvider instantiated with NativeHTTPDataLoader. 
2023-04-28 11:57:31,333  INFO | main | e.europa.esig.dss.validation.CommonCertificateVerifier  | + New CommonCertificateVerifier created. 
2023-04-28 11:57:31,344  INFO | main | eu.europa.esig.dss.validation.SignedDocumentValidator   | Document validation... 
2023-04-28 11:57:31,348  INFO | main | e.europa.esig.dss.validation.CommonCertificateVerifier  | + New CommonCertificateVerifier created. 
2023-04-28 11:57:31,357  INFO | main | e.europa.esig.dss.validation.CommonCertificateVerifier  | + New CommonCertificateVerifier created. 
2023-04-28 11:57:31,359  INFO | main | eu.europa.esig.dss.spi.x509.revocation.ocsp.OCSPToken   | OCSP status is good 
2023-04-28 11:57:31,361  INFO | main | eu.europa.esig.dss.spi.x509.revocation.ocsp.OCSPToken   | OCSP status is good 
2023-04-28 11:57:31,361  INFO | main | e.e.e.d.spi.x509.revocation.RepositoryRevocationSource  | Revocation token for certificate with Id 'C-96DB5CFA7ABACEB5C97C131CBBFB341DDD8E64FE68B587558AA8F082AB2670F2' has been loaded from the cache 
2023-04-28 11:57:31,362  WARN | main | eu.europa.esig.dss.service.ocsp.OnlineOCSPSource        | No OCSP location found for C-AA02B99F9C4B57291E3C1744E44647709293D0FE17BB4EED28C99E973C7E8473 
2023-04-28 11:57:31,363  INFO | main | e.e.e.d.spi.x509.revocation.RepositoryRevocationSource  | Revocation token for certificate with Id 'C-AA02B99F9C4B57291E3C1744E44647709293D0FE17BB4EED28C99E973C7E8473' has been loaded from the cache 
2023-04-28 11:57:31,363  WARN | main | eu.europa.esig.dss.service.ocsp.OnlineOCSPSource        | No OCSP location found for C-FCBFEBCB6B78113DFD4C6CCFCBC2B1482992DF4C48E9DE1B3B7F16F33332BFCB 
2023-04-28 11:57:31,364  INFO | main | e.e.e.d.spi.x509.revocation.RepositoryRevocationSource  | Revocation token for certificate with Id 'C-FCBFEBCB6B78113DFD4C6CCFCBC2B1482992DF4C48E9DE1B3B7F16F33332BFCB' has been loaded from the cache 
2023-04-28 11:57:31,365  INFO | main | eu.europa.esig.dss.validation.SignedDocumentValidator   | Default SignaturePolicyProvider instantiated with NativeHTTPDataLoader. 
2023-04-28 11:57:31,379  INFO | main | e.europa.esig.dss.validation.CommonCertificateVerifier  | + New CommonCertificateVerifier created. 
2023-04-28 11:57:31,387  INFO | main | eu.europa.esig.dss.validation.SignedDocumentValidator   | Document validation... 
2023-04-28 11:57:31,389  INFO | main | e.europa.esig.dss.validation.CommonCertificateVerifier  | + New CommonCertificateVerifier created. 
2023-04-28 11:57:31,395  INFO | main | e.europa.esig.dss.validation.CommonCertificateVerifier  | + New CommonCertificateVerifier created. 
2023-04-28 11:57:31,397  INFO | main | eu.europa.esig.dss.spi.x509.revocation.ocsp.OCSPToken   | OCSP status is good 
2023-04-28 11:57:31,399  INFO | main | eu.europa.esig.dss.spi.x509.revocation.ocsp.OCSPToken   | OCSP status is good 
2023-04-28 11:57:31,399  INFO | main | e.e.e.d.spi.x509.revocation.RepositoryRevocationSource  | Revocation token for certificate with Id 'C-96DB5CFA7ABACEB5C97C131CBBFB341DDD8E64FE68B587558AA8F082AB2670F2' has been loaded from the cache 
2023-04-28 11:57:31,400  WARN | main | eu.europa.esig.dss.service.ocsp.OnlineOCSPSource        | No OCSP location found for C-AA02B99F9C4B57291E3C1744E44647709293D0FE17BB4EED28C99E973C7E8473 
2023-04-28 11:57:31,401  INFO | main | e.e.e.d.spi.x509.revocation.RepositoryRevocationSource  | Revocation token for certificate with Id 'C-AA02B99F9C4B57291E3C1744E44647709293D0FE17BB4EED28C99E973C7E8473' has been loaded from the cache 
2023-04-28 11:57:31,402  WARN | main | eu.europa.esig.dss.service.ocsp.OnlineOCSPSource        | No OCSP location found for C-FCBFEBCB6B78113DFD4C6CCFCBC2B1482992DF4C48E9DE1B3B7F16F33332BFCB 
2023-04-28 11:57:31,402  INFO | main | e.e.e.d.spi.x509.revocation.RepositoryRevocationSource  | Revocation token for certificate with Id 'C-FCBFEBCB6B78113DFD4C6CCFCBC2B1482992DF4C48E9DE1B3B7F16F33332BFCB' has been loaded from the cache 
2023-04-28 11:57:31,403  INFO | main | eu.europa.esig.dss.validation.SignedDocumentValidator   | Default SignaturePolicyProvider instantiated with NativeHTTPDataLoader. 
2023-04-28 11:57:31,416  INFO | main | e.europa.esig.dss.validation.CommonCertificateVerifier  | + New CommonCertificateVerifier created. 
2023-04-28 11:57:31,425  INFO | main | eu.europa.esig.dss.validation.SignedDocumentValidator   | Document validation... 
2023-04-28 11:57:31,429  INFO | main | e.europa.esig.dss.validation.CommonCertificateVerifier  | + New CommonCertificateVerifier created. 
2023-04-28 11:57:31,431  WARN | main | e.europa.esig.dss.spi.x509.SignatureIntegrityValidator  | Determining signing certificate from certificate candidates list failed: [Best candidate validation failed : Unable to validate CMS Signature : message-digest attribute value does not match calculated value] 
2023-04-28 11:57:31,434  WARN | main | eu.europa.esig.dss.validation.timestamp.TimestampToken  | Provided digest value for TimestampToken matchData : YuwRhRGgAD/rSQVTO6y2Gfy3T/dTceINj8gH6EFABNY= 
2023-04-28 11:57:31,434  WARN | main | eu.europa.esig.dss.validation.timestamp.TimestampToken  | Digest (SHA256) present in TimestampToken : jbaXCVI8RrPpKo37DxnjWZsw2ylbS0J7RZLd+noAGNU= 
2023-04-28 11:57:31,434  WARN | main | eu.europa.esig.dss.validation.timestamp.TimestampToken  | Digest in TimestampToken matches digest of extracted data from document: false 
2023-04-28 11:57:31,437  INFO | main | e.europa.esig.dss.validation.CommonCertificateVerifier  | + New CommonCertificateVerifier created. 
2023-04-28 11:57:31,438  WARN | main | e.europa.esig.dss.validation.SignatureValidationContext | POE extraction is skipped for timestamp : T-D60873445540A6F3E71DF7DD02AFB5442ABA8C325FE2E41EDCF62092FE09129C. The message-imprint is not intact! 
2023-04-28 11:57:31,439  INFO | main | eu.europa.esig.dss.spi.x509.revocation.ocsp.OCSPToken   | OCSP status is good 
2023-04-28 11:57:31,442  INFO | main | eu.europa.esig.dss.spi.x509.revocation.ocsp.OCSPToken   | OCSP status is good 
2023-04-28 11:57:31,442  INFO | main | e.e.e.d.spi.x509.revocation.RepositoryRevocationSource  | Revocation token for certificate with Id 'C-96DB5CFA7ABACEB5C97C131CBBFB341DDD8E64FE68B587558AA8F082AB2670F2' has been loaded from the cache 
2023-04-28 11:57:31,444  WARN | main | eu.europa.esig.dss.service.ocsp.OnlineOCSPSource        | No OCSP location found for C-AA02B99F9C4B57291E3C1744E44647709293D0FE17BB4EED28C99E973C7E8473 
2023-04-28 11:57:31,445  INFO | main | e.e.e.d.spi.x509.revocation.RepositoryRevocationSource  | Revocation token for certificate with Id 'C-AA02B99F9C4B57291E3C1744E44647709293D0FE17BB4EED28C99E973C7E8473' has been loaded from the cache 
2023-04-28 11:57:31,446  WARN | main | eu.europa.esig.dss.service.ocsp.OnlineOCSPSource        | No OCSP location found for C-FCBFEBCB6B78113DFD4C6CCFCBC2B1482992DF4C48E9DE1B3B7F16F33332BFCB 
2023-04-28 11:57:31,446  INFO | main | e.e.e.d.spi.x509.revocation.RepositoryRevocationSource  | Revocation token for certificate with Id 'C-FCBFEBCB6B78113DFD4C6CCFCBC2B1482992DF4C48E9DE1B3B7F16F33332BFCB' has been loaded from the cache 
2023-04-28 11:57:31,447  INFO | main | eu.europa.esig.dss.validation.SignedDocumentValidator   | Default SignaturePolicyProvider instantiated with NativeHTTPDataLoader. 
]]></system-out>
  </testcase>
  <testcase name="testSignWithCompleteDocumentNoNameExtendWithCompleteDocumentNoName" classname="eu.europa.esig.dss.cades.signature.CAdESLevelLTADetachedDigestTest" time="1.023">
    <system-out><![CDATA[2023-04-28 11:57:31,460  INFO | main | e.europa.esig.dss.validation.CommonCertificateVerifier  | + New CommonCertificateVerifier created. 
2023-04-28 11:57:31,864  INFO | main | e.e.esig.dss.token.AbstractSignatureTokenConnection     | Signature algorithm : SHA256withRSA 
2023-04-28 11:57:31,871  INFO | main | e.europa.esig.dss.validation.CommonCertificateVerifier  | + New CommonCertificateVerifier created. 
2023-04-28 11:57:31,879  INFO | main | eu.europa.esig.dss.validation.SignedDocumentValidator   | Document validation... 
2023-04-28 11:57:31,881  INFO | main | e.europa.esig.dss.validation.CommonCertificateVerifier  | + New CommonCertificateVerifier created. 
2023-04-28 11:57:31,886  INFO | main | e.europa.esig.dss.validation.CommonCertificateVerifier  | + New CommonCertificateVerifier created. 
2023-04-28 11:57:31,888  INFO | main | eu.europa.esig.dss.spi.x509.revocation.ocsp.OCSPToken   | OCSP status is good 
2023-04-28 11:57:31,888  INFO | main | e.e.e.d.spi.x509.revocation.RepositoryRevocationSource  | Revocation token for certificate with Id 'C-96DB5CFA7ABACEB5C97C131CBBFB341DDD8E64FE68B587558AA8F082AB2670F2' has been loaded from the cache 
2023-04-28 11:57:31,889  WARN | main | eu.europa.esig.dss.service.ocsp.OnlineOCSPSource        | No OCSP location found for C-FCBFEBCB6B78113DFD4C6CCFCBC2B1482992DF4C48E9DE1B3B7F16F33332BFCB 
2023-04-28 11:57:31,890  INFO | main | e.e.e.d.spi.x509.revocation.RepositoryRevocationSource  | Revocation token for certificate with Id 'C-FCBFEBCB6B78113DFD4C6CCFCBC2B1482992DF4C48E9DE1B3B7F16F33332BFCB' has been loaded from the cache 
2023-04-28 11:57:31,890  INFO | main | eu.europa.esig.dss.validation.SignedDocumentValidator   | Default SignaturePolicyProvider instantiated with NativeHTTPDataLoader. 
2023-04-28 11:57:31,898  INFO | main | e.europa.esig.dss.validation.CommonCertificateVerifier  | + New CommonCertificateVerifier created. 
2023-04-28 11:57:31,908  INFO | main | eu.europa.esig.dss.validation.SignedDocumentValidator   | Document validation... 
2023-04-28 11:57:31,912  INFO | main | e.europa.esig.dss.validation.CommonCertificateVerifier  | + New CommonCertificateVerifier created. 
2023-04-28 11:57:31,918  INFO | main | e.europa.esig.dss.validation.CommonCertificateVerifier  | + New CommonCertificateVerifier created. 
2023-04-28 11:57:31,920  INFO | main | eu.europa.esig.dss.spi.x509.revocation.ocsp.OCSPToken   | OCSP status is good 
2023-04-28 11:57:31,921  INFO | main | e.e.e.d.spi.x509.revocation.RepositoryRevocationSource  | Revocation token for certificate with Id 'C-96DB5CFA7ABACEB5C97C131CBBFB341DDD8E64FE68B587558AA8F082AB2670F2' has been loaded from the cache 
2023-04-28 11:57:31,921  WARN | main | eu.europa.esig.dss.service.ocsp.OnlineOCSPSource        | No OCSP location found for C-FCBFEBCB6B78113DFD4C6CCFCBC2B1482992DF4C48E9DE1B3B7F16F33332BFCB 
2023-04-28 11:57:31,923  INFO | main | e.e.e.d.spi.x509.revocation.RepositoryRevocationSource  | Revocation token for certificate with Id 'C-FCBFEBCB6B78113DFD4C6CCFCBC2B1482992DF4C48E9DE1B3B7F16F33332BFCB' has been loaded from the cache 
2023-04-28 11:57:31,924  INFO | main | eu.europa.esig.dss.validation.SignedDocumentValidator   | Default SignaturePolicyProvider instantiated with NativeHTTPDataLoader. 
2023-04-28 11:57:31,934  INFO | main | e.europa.esig.dss.validation.CommonCertificateVerifier  | + New CommonCertificateVerifier created. 
2023-04-28 11:57:31,944  INFO | main | eu.europa.esig.dss.validation.SignedDocumentValidator   | Document validation... 
2023-04-28 11:57:31,949  INFO | main | e.europa.esig.dss.validation.CommonCertificateVerifier  | + New CommonCertificateVerifier created. 
2023-04-28 11:57:31,952  INFO | main | e.europa.esig.dss.validation.CommonCertificateVerifier  | + New CommonCertificateVerifier created. 
2023-04-28 11:57:31,955  INFO | main | eu.europa.esig.dss.spi.x509.revocation.ocsp.OCSPToken   | OCSP status is good 
2023-04-28 11:57:31,955  INFO | main | e.e.e.d.spi.x509.revocation.RepositoryRevocationSource  | Revocation token for certificate with Id 'C-96DB5CFA7ABACEB5C97C131CBBFB341DDD8E64FE68B587558AA8F082AB2670F2' has been loaded from the cache 
2023-04-28 11:57:31,956  WARN | main | eu.europa.esig.dss.service.ocsp.OnlineOCSPSource        | No OCSP location found for C-FCBFEBCB6B78113DFD4C6CCFCBC2B1482992DF4C48E9DE1B3B7F16F33332BFCB 
2023-04-28 11:57:31,957  INFO | main | e.e.e.d.spi.x509.revocation.RepositoryRevocationSource  | Revocation token for certificate with Id 'C-FCBFEBCB6B78113DFD4C6CCFCBC2B1482992DF4C48E9DE1B3B7F16F33332BFCB' has been loaded from the cache 
2023-04-28 11:57:31,958  INFO | main | eu.europa.esig.dss.validation.SignedDocumentValidator   | Default SignaturePolicyProvider instantiated with NativeHTTPDataLoader. 
2023-04-28 11:57:31,967  INFO | main | e.europa.esig.dss.validation.CommonCertificateVerifier  | + New CommonCertificateVerifier created. 
2023-04-28 11:57:31,976  INFO | main | eu.europa.esig.dss.validation.SignedDocumentValidator   | Document validation... 
2023-04-28 11:57:31,978  INFO | main | e.europa.esig.dss.validation.CommonCertificateVerifier  | + New CommonCertificateVerifier created. 
2023-04-28 11:57:31,979  WARN | main | e.europa.esig.dss.spi.x509.SignatureIntegrityValidator  | Determining signing certificate from certificate candidates list failed: [Best candidate validation failed : Unable to validate CMS Signature : message-digest attribute value does not match calculated value] 
2023-04-28 11:57:31,981  INFO | main | e.europa.esig.dss.validation.CommonCertificateVerifier  | + New CommonCertificateVerifier created. 
2023-04-28 11:57:31,984  INFO | main | eu.europa.esig.dss.spi.x509.revocation.ocsp.OCSPToken   | OCSP status is good 
2023-04-28 11:57:31,984  INFO | main | e.e.e.d.spi.x509.revocation.RepositoryRevocationSource  | Revocation token for certificate with Id 'C-96DB5CFA7ABACEB5C97C131CBBFB341DDD8E64FE68B587558AA8F082AB2670F2' has been loaded from the cache 
2023-04-28 11:57:31,985  WARN | main | eu.europa.esig.dss.service.ocsp.OnlineOCSPSource        | No OCSP location found for C-FCBFEBCB6B78113DFD4C6CCFCBC2B1482992DF4C48E9DE1B3B7F16F33332BFCB 
2023-04-28 11:57:31,986  INFO | main | e.e.e.d.spi.x509.revocation.RepositoryRevocationSource  | Revocation token for certificate with Id 'C-FCBFEBCB6B78113DFD4C6CCFCBC2B1482992DF4C48E9DE1B3B7F16F33332BFCB' has been loaded from the cache 
2023-04-28 11:57:31,987  INFO | main | eu.europa.esig.dss.validation.SignedDocumentValidator   | Default SignaturePolicyProvider instantiated with NativeHTTPDataLoader. 
2023-04-28 11:57:31,989  INFO | main | e.e.esig.dss.cades.signature.CAdESSignatureExtension    | EXTEND CMS SIGNATURES. 
2023-04-28 11:57:31,993  INFO | main | e.europa.esig.dss.validation.CommonCertificateVerifier  | + New CommonCertificateVerifier created. 
2023-04-28 11:57:31,998  INFO | main | e.europa.esig.dss.validation.CommonCertificateVerifier  | + New CommonCertificateVerifier created. 
2023-04-28 11:57:32,005  INFO | main | e.europa.esig.dss.validation.CommonCertificateVerifier  | + New CommonCertificateVerifier created. 
2023-04-28 11:57:32,010  INFO | main | e.europa.esig.dss.validation.CommonCertificateVerifier  | + New CommonCertificateVerifier created. 
2023-04-28 11:57:32,145  INFO | main | eu.europa.esig.dss.service.tsp.OnlineTSPSource          | TSP Status: Operation Okay 
2023-04-28 11:57:32,145  INFO | main | eu.europa.esig.dss.service.tsp.OnlineTSPSource          | TSP SID : SN 500, Issuer CN=root-ca,O=Nowina Solutions,OU=PKI-TEST,C=LU 
2023-04-28 11:57:32,150  INFO | main | e.europa.esig.dss.validation.CommonCertificateVerifier  | + New CommonCertificateVerifier created. 
2023-04-28 11:57:32,156  INFO | main | eu.europa.esig.dss.spi.x509.revocation.ocsp.OCSPToken   | OCSP status is good 
2023-04-28 11:57:32,157  INFO | main | e.e.e.d.spi.x509.revocation.RepositoryRevocationSource  | Revocation token for certificate with Id 'C-96DB5CFA7ABACEB5C97C131CBBFB341DDD8E64FE68B587558AA8F082AB2670F2' has been loaded from the cache 
2023-04-28 11:57:32,158  WARN | main | eu.europa.esig.dss.service.ocsp.OnlineOCSPSource        | No OCSP location found for C-AA02B99F9C4B57291E3C1744E44647709293D0FE17BB4EED28C99E973C7E8473 
2023-04-28 11:57:32,159  INFO | main | e.e.e.d.spi.x509.revocation.RepositoryRevocationSource  | Revocation token for certificate with Id 'C-AA02B99F9C4B57291E3C1744E44647709293D0FE17BB4EED28C99E973C7E8473' has been loaded from the cache 
2023-04-28 11:57:32,159  WARN | main | eu.europa.esig.dss.service.ocsp.OnlineOCSPSource        | No OCSP location found for C-FCBFEBCB6B78113DFD4C6CCFCBC2B1482992DF4C48E9DE1B3B7F16F33332BFCB 
2023-04-28 11:57:32,161  INFO | main | e.e.e.d.spi.x509.revocation.RepositoryRevocationSource  | Revocation token for certificate with Id 'C-FCBFEBCB6B78113DFD4C6CCFCBC2B1482992DF4C48E9DE1B3B7F16F33332BFCB' has been loaded from the cache 
2023-04-28 11:57:32,162  WARN | main | eu.europa.esig.dss.alert.handler.LogHandler             | Revocation data is missing for one or more POE(s). NextUpdate time : 2023-10-28T09:53:48Z [C-AA02B99F9C4B57291E3C1744E44647709293D0FE17BB4EED28C99E973C7E8473: No revocation data found after the best signature time [2023-04-28T09:57:32Z]! The nextUpdate available after : [2023-10-28T09:53:48Z]] 
2023-04-28 11:57:32,162  WARN | main | eu.europa.esig.dss.alert.handler.LogHandler             | Fresh revocation data is missing for one or more certificate(s). NextUpdate time : 2023-10-28T09:53:48Z [C-FCBFEBCB6B78113DFD4C6CCFCBC2B1482992DF4C48E9DE1B3B7F16F33332BFCB: No revocation data found after the best signature time [2023-04-28T09:57:32Z]! The nextUpdate available after : [2023-10-28T09:53:48Z]; C-96DB5CFA7ABACEB5C97C131CBBFB341DDD8E64FE68B587558AA8F082AB2670F2: No revocation data found after the best signature time [2023-04-28T09:57:32Z]!] 
2023-04-28 11:57:32,166  INFO | main | e.europa.esig.dss.validation.CommonCertificateVerifier  | + New CommonCertificateVerifier created. 
2023-04-28 11:57:32,303  INFO | main | eu.europa.esig.dss.service.tsp.OnlineTSPSource          | TSP Status: Operation Okay 
2023-04-28 11:57:32,303  INFO | main | eu.europa.esig.dss.service.tsp.OnlineTSPSource          | TSP SID : SN 500, Issuer CN=root-ca,O=Nowina Solutions,OU=PKI-TEST,C=LU 
2023-04-28 11:57:32,312  INFO | main | e.europa.esig.dss.validation.CommonCertificateVerifier  | + New CommonCertificateVerifier created. 
2023-04-28 11:57:32,321  INFO | main | eu.europa.esig.dss.validation.SignedDocumentValidator   | Document validation... 
2023-04-28 11:57:32,326  INFO | main | e.europa.esig.dss.validation.CommonCertificateVerifier  | + New CommonCertificateVerifier created. 
2023-04-28 11:57:32,337  INFO | main | e.europa.esig.dss.validation.CommonCertificateVerifier  | + New CommonCertificateVerifier created. 
2023-04-28 11:57:32,340  INFO | main | eu.europa.esig.dss.spi.x509.revocation.ocsp.OCSPToken   | OCSP status is good 
2023-04-28 11:57:32,341  INFO | main | eu.europa.esig.dss.spi.x509.revocation.ocsp.OCSPToken   | OCSP status is good 
2023-04-28 11:57:32,342  INFO | main | e.e.e.d.spi.x509.revocation.RepositoryRevocationSource  | Revocation token for certificate with Id 'C-96DB5CFA7ABACEB5C97C131CBBFB341DDD8E64FE68B587558AA8F082AB2670F2' has been loaded from the cache 
2023-04-28 11:57:32,343  WARN | main | eu.europa.esig.dss.service.ocsp.OnlineOCSPSource        | No OCSP location found for C-AA02B99F9C4B57291E3C1744E44647709293D0FE17BB4EED28C99E973C7E8473 
2023-04-28 11:57:32,343  INFO | main | e.e.e.d.spi.x509.revocation.RepositoryRevocationSource  | Revocation token for certificate with Id 'C-AA02B99F9C4B57291E3C1744E44647709293D0FE17BB4EED28C99E973C7E8473' has been loaded from the cache 
2023-04-28 11:57:32,344  WARN | main | eu.europa.esig.dss.service.ocsp.OnlineOCSPSource        | No OCSP location found for C-FCBFEBCB6B78113DFD4C6CCFCBC2B1482992DF4C48E9DE1B3B7F16F33332BFCB 
2023-04-28 11:57:32,344  INFO | main | e.e.e.d.spi.x509.revocation.RepositoryRevocationSource  | Revocation token for certificate with Id 'C-FCBFEBCB6B78113DFD4C6CCFCBC2B1482992DF4C48E9DE1B3B7F16F33332BFCB' has been loaded from the cache 
2023-04-28 11:57:32,344  INFO | main | eu.europa.esig.dss.validation.SignedDocumentValidator   | Default SignaturePolicyProvider instantiated with NativeHTTPDataLoader. 
2023-04-28 11:57:32,357  INFO | main | e.europa.esig.dss.validation.CommonCertificateVerifier  | + New CommonCertificateVerifier created. 
2023-04-28 11:57:32,364  INFO | main | eu.europa.esig.dss.validation.SignedDocumentValidator   | Document validation... 
2023-04-28 11:57:32,366  INFO | main | e.europa.esig.dss.validation.CommonCertificateVerifier  | + New CommonCertificateVerifier created. 
2023-04-28 11:57:32,373  INFO | main | e.europa.esig.dss.validation.CommonCertificateVerifier  | + New CommonCertificateVerifier created. 
2023-04-28 11:57:32,378  INFO | main | eu.europa.esig.dss.spi.x509.revocation.ocsp.OCSPToken   | OCSP status is good 
2023-04-28 11:57:32,380  INFO | main | eu.europa.esig.dss.spi.x509.revocation.ocsp.OCSPToken   | OCSP status is good 
2023-04-28 11:57:32,380  INFO | main | e.e.e.d.spi.x509.revocation.RepositoryRevocationSource  | Revocation token for certificate with Id 'C-96DB5CFA7ABACEB5C97C131CBBFB341DDD8E64FE68B587558AA8F082AB2670F2' has been loaded from the cache 
2023-04-28 11:57:32,381  WARN | main | eu.europa.esig.dss.service.ocsp.OnlineOCSPSource        | No OCSP location found for C-AA02B99F9C4B57291E3C1744E44647709293D0FE17BB4EED28C99E973C7E8473 
2023-04-28 11:57:32,383  INFO | main | e.e.e.d.spi.x509.revocation.RepositoryRevocationSource  | Revocation token for certificate with Id 'C-AA02B99F9C4B57291E3C1744E44647709293D0FE17BB4EED28C99E973C7E8473' has been loaded from the cache 
2023-04-28 11:57:32,383  WARN | main | eu.europa.esig.dss.service.ocsp.OnlineOCSPSource        | No OCSP location found for C-FCBFEBCB6B78113DFD4C6CCFCBC2B1482992DF4C48E9DE1B3B7F16F33332BFCB 
2023-04-28 11:57:32,385  INFO | main | e.e.e.d.spi.x509.revocation.RepositoryRevocationSource  | Revocation token for certificate with Id 'C-FCBFEBCB6B78113DFD4C6CCFCBC2B1482992DF4C48E9DE1B3B7F16F33332BFCB' has been loaded from the cache 
2023-04-28 11:57:32,385  INFO | main | eu.europa.esig.dss.validation.SignedDocumentValidator   | Default SignaturePolicyProvider instantiated with NativeHTTPDataLoader. 
2023-04-28 11:57:32,398  INFO | main | e.europa.esig.dss.validation.CommonCertificateVerifier  | + New CommonCertificateVerifier created. 
2023-04-28 11:57:32,405  INFO | main | eu.europa.esig.dss.validation.SignedDocumentValidator   | Document validation... 
2023-04-28 11:57:32,407  INFO | main | e.europa.esig.dss.validation.CommonCertificateVerifier  | + New CommonCertificateVerifier created. 
2023-04-28 11:57:32,415  INFO | main | e.europa.esig.dss.validation.CommonCertificateVerifier  | + New CommonCertificateVerifier created. 
2023-04-28 11:57:32,420  INFO | main | eu.europa.esig.dss.spi.x509.revocation.ocsp.OCSPToken   | OCSP status is good 
2023-04-28 11:57:32,422  INFO | main | eu.europa.esig.dss.spi.x509.revocation.ocsp.OCSPToken   | OCSP status is good 
2023-04-28 11:57:32,423  INFO | main | e.e.e.d.spi.x509.revocation.RepositoryRevocationSource  | Revocation token for certificate with Id 'C-96DB5CFA7ABACEB5C97C131CBBFB341DDD8E64FE68B587558AA8F082AB2670F2' has been loaded from the cache 
2023-04-28 11:57:32,423  WARN | main | eu.europa.esig.dss.service.ocsp.OnlineOCSPSource        | No OCSP location found for C-AA02B99F9C4B57291E3C1744E44647709293D0FE17BB4EED28C99E973C7E8473 
2023-04-28 11:57:32,425  INFO | main | e.e.e.d.spi.x509.revocation.RepositoryRevocationSource  | Revocation token for certificate with Id 'C-AA02B99F9C4B57291E3C1744E44647709293D0FE17BB4EED28C99E973C7E8473' has been loaded from the cache 
2023-04-28 11:57:32,425  WARN | main | eu.europa.esig.dss.service.ocsp.OnlineOCSPSource        | No OCSP location found for C-FCBFEBCB6B78113DFD4C6CCFCBC2B1482992DF4C48E9DE1B3B7F16F33332BFCB 
2023-04-28 11:57:32,426  INFO | main | e.e.e.d.spi.x509.revocation.RepositoryRevocationSource  | Revocation token for certificate with Id 'C-FCBFEBCB6B78113DFD4C6CCFCBC2B1482992DF4C48E9DE1B3B7F16F33332BFCB' has been loaded from the cache 
2023-04-28 11:57:32,426  INFO | main | eu.europa.esig.dss.validation.SignedDocumentValidator   | Default SignaturePolicyProvider instantiated with NativeHTTPDataLoader. 
2023-04-28 11:57:32,442  INFO | main | e.europa.esig.dss.validation.CommonCertificateVerifier  | + New CommonCertificateVerifier created. 
2023-04-28 11:57:32,450  INFO | main | eu.europa.esig.dss.validation.SignedDocumentValidator   | Document validation... 
2023-04-28 11:57:32,453  INFO | main | e.europa.esig.dss.validation.CommonCertificateVerifier  | + New CommonCertificateVerifier created. 
2023-04-28 11:57:32,455  WARN | main | e.europa.esig.dss.spi.x509.SignatureIntegrityValidator  | Determining signing certificate from certificate candidates list failed: [Best candidate validation failed : Unable to validate CMS Signature : message-digest attribute value does not match calculated value] 
2023-04-28 11:57:32,457  WARN | main | eu.europa.esig.dss.validation.timestamp.TimestampToken  | Provided digest value for TimestampToken matchData : HBj8uoazxkMZZEWEE1KH9sabtXpn+wVTVvI34o8m028= 
2023-04-28 11:57:32,457  WARN | main | eu.europa.esig.dss.validation.timestamp.TimestampToken  | Digest (SHA256) present in TimestampToken : 2hGcUf+K1HJiqmWbHC1DpJ2yvLXLNpID9KTj01guWlY= 
2023-04-28 11:57:32,457  WARN | main | eu.europa.esig.dss.validation.timestamp.TimestampToken  | Digest in TimestampToken matches digest of extracted data from document: false 
2023-04-28 11:57:32,460  INFO | main | e.europa.esig.dss.validation.CommonCertificateVerifier  | + New CommonCertificateVerifier created. 
2023-04-28 11:57:32,463  WARN | main | e.europa.esig.dss.validation.SignatureValidationContext | POE extraction is skipped for timestamp : T-FE472DE50FE54AC690E0F9859D0864ACC81205A45C57FB4EFAFC729015292317. The message-imprint is not intact! 
2023-04-28 11:57:32,464  INFO | main | eu.europa.esig.dss.spi.x509.revocation.ocsp.OCSPToken   | OCSP status is good 
2023-04-28 11:57:32,466  INFO | main | eu.europa.esig.dss.spi.x509.revocation.ocsp.OCSPToken   | OCSP status is good 
2023-04-28 11:57:32,467  INFO | main | e.e.e.d.spi.x509.revocation.RepositoryRevocationSource  | Revocation token for certificate with Id 'C-96DB5CFA7ABACEB5C97C131CBBFB341DDD8E64FE68B587558AA8F082AB2670F2' has been loaded from the cache 
2023-04-28 11:57:32,468  WARN | main | eu.europa.esig.dss.service.ocsp.OnlineOCSPSource        | No OCSP location found for C-AA02B99F9C4B57291E3C1744E44647709293D0FE17BB4EED28C99E973C7E8473 
2023-04-28 11:57:32,468  INFO | main | e.e.e.d.spi.x509.revocation.RepositoryRevocationSource  | Revocation token for certificate with Id 'C-AA02B99F9C4B57291E3C1744E44647709293D0FE17BB4EED28C99E973C7E8473' has been loaded from the cache 
2023-04-28 11:57:32,470  WARN | main | eu.europa.esig.dss.service.ocsp.OnlineOCSPSource        | No OCSP location found for C-FCBFEBCB6B78113DFD4C6CCFCBC2B1482992DF4C48E9DE1B3B7F16F33332BFCB 
2023-04-28 11:57:32,470  INFO | main | e.e.e.d.spi.x509.revocation.RepositoryRevocationSource  | Revocation token for certificate with Id 'C-FCBFEBCB6B78113DFD4C6CCFCBC2B1482992DF4C48E9DE1B3B7F16F33332BFCB' has been loaded from the cache 
2023-04-28 11:57:32,471  INFO | main | eu.europa.esig.dss.validation.SignedDocumentValidator   | Default SignaturePolicyProvider instantiated with NativeHTTPDataLoader. 
]]></system-out>
  </testcase>
[...]
]]></system-out>
  </testcase>
  <testcase name="testSignWithCompleteDocumentNoNameExtendWithCompleteDocument" classname="eu.europa.esig.dss.cades.signature.CAdESLevelLTADetachedDigestTest" time="1.034">
    <system-out><![CDATA[2023-04-28 11:57:36,484  INFO | main | e.europa.esig.dss.validation.CommonCertificateVerifier  | + New CommonCertificateVerifier created. 
2023-04-28 11:57:36,854  INFO | main | e.e.esig.dss.token.AbstractSignatureTokenConnection     | Signature algorithm : SHA256withRSA 
2023-04-28 11:57:36,860  INFO | main | e.europa.esig.dss.validation.CommonCertificateVerifier  | + New CommonCertificateVerifier created. 
2023-04-28 11:57:36,869  INFO | main | eu.europa.esig.dss.validation.SignedDocumentValidator   | Document validation... 
2023-04-28 11:57:36,874  INFO | main | e.europa.esig.dss.validation.CommonCertificateVerifier  | + New CommonCertificateVerifier created. 
2023-04-28 11:57:36,879  INFO | main | e.europa.esig.dss.validation.CommonCertificateVerifier  | + New CommonCertificateVerifier created. 
2023-04-28 11:57:36,881  INFO | main | eu.europa.esig.dss.spi.x509.revocation.ocsp.OCSPToken   | OCSP status is good 
2023-04-28 11:57:36,881  INFO | main | e.e.e.d.spi.x509.revocation.RepositoryRevocationSource  | Revocation token for certificate with Id 'C-96DB5CFA7ABACEB5C97C131CBBFB341DDD8E64FE68B587558AA8F082AB2670F2' has been loaded from the cache 
2023-04-28 11:57:36,882  WARN | main | eu.europa.esig.dss.service.ocsp.OnlineOCSPSource        | No OCSP location found for C-FCBFEBCB6B78113DFD4C6CCFCBC2B1482992DF4C48E9DE1B3B7F16F33332BFCB 
2023-04-28 11:57:36,882  INFO | main | e.e.e.d.spi.x509.revocation.RepositoryRevocationSource  | Revocation token for certificate with Id 'C-FCBFEBCB6B78113DFD4C6CCFCBC2B1482992DF4C48E9DE1B3B7F16F33332BFCB' has been loaded from the cache 
2023-04-28 11:57:36,883  INFO | main | eu.europa.esig.dss.validation.SignedDocumentValidator   | Default SignaturePolicyProvider instantiated with NativeHTTPDataLoader. 
2023-04-28 11:57:36,896  INFO | main | e.europa.esig.dss.validation.CommonCertificateVerifier  | + New CommonCertificateVerifier created. 
2023-04-28 11:57:36,905  INFO | main | eu.europa.esig.dss.validation.SignedDocumentValidator   | Document validation... 
2023-04-28 11:57:36,909  INFO | main | e.europa.esig.dss.validation.CommonCertificateVerifier  | + New CommonCertificateVerifier created. 
2023-04-28 11:57:36,914  INFO | main | e.europa.esig.dss.validation.CommonCertificateVerifier  | + New CommonCertificateVerifier created. 
2023-04-28 11:57:36,917  INFO | main | eu.europa.esig.dss.spi.x509.revocation.ocsp.OCSPToken   | OCSP status is good 
2023-04-28 11:57:36,918  INFO | main | e.e.e.d.spi.x509.revocation.RepositoryRevocationSource  | Revocation token for certificate with Id 'C-96DB5CFA7ABACEB5C97C131CBBFB341DDD8E64FE68B587558AA8F082AB2670F2' has been loaded from the cache 
2023-04-28 11:57:36,919  WARN | main | eu.europa.esig.dss.service.ocsp.OnlineOCSPSource        | No OCSP location found for C-FCBFEBCB6B78113DFD4C6CCFCBC2B1482992DF4C48E9DE1B3B7F16F33332BFCB 
2023-04-28 11:57:36,920  INFO | main | e.e.e.d.spi.x509.revocation.RepositoryRevocationSource  | Revocation token for certificate with Id 'C-FCBFEBCB6B78113DFD4C6CCFCBC2B1482992DF4C48E9DE1B3B7F16F33332BFCB' has been loaded from the cache 
2023-04-28 11:57:36,921  INFO | main | eu.europa.esig.dss.validation.SignedDocumentValidator   | Default SignaturePolicyProvider instantiated with NativeHTTPDataLoader. 
2023-04-28 11:57:36,931  INFO | main | e.europa.esig.dss.validation.CommonCertificateVerifier  | + New CommonCertificateVerifier created. 
2023-04-28 11:57:36,942  INFO | main | eu.europa.esig.dss.validation.SignedDocumentValidator   | Document validation... 
2023-04-28 11:57:36,946  INFO | main | e.europa.esig.dss.validation.CommonCertificateVerifier  | + New CommonCertificateVerifier created. 
2023-04-28 11:57:36,951  INFO | main | e.europa.esig.dss.validation.CommonCertificateVerifier  | + New CommonCertificateVerifier created. 
2023-04-28 11:57:36,953  INFO | main | eu.europa.esig.dss.spi.x509.revocation.ocsp.OCSPToken   | OCSP status is good 
2023-04-28 11:57:36,953  INFO | main | e.e.e.d.spi.x509.revocation.RepositoryRevocationSource  | Revocation token for certificate with Id 'C-96DB5CFA7ABACEB5C97C131CBBFB341DDD8E64FE68B587558AA8F082AB2670F2' has been loaded from the cache 
2023-04-28 11:57:36,954  WARN | main | eu.europa.esig.dss.service.ocsp.OnlineOCSPSource        | No OCSP location found for C-FCBFEBCB6B78113DFD4C6CCFCBC2B1482992DF4C48E9DE1B3B7F16F33332BFCB 
2023-04-28 11:57:36,956  INFO | main | e.e.e.d.spi.x509.revocation.RepositoryRevocationSource  | Revocation token for certificate with Id 'C-FCBFEBCB6B78113DFD4C6CCFCBC2B1482992DF4C48E9DE1B3B7F16F33332BFCB' has been loaded from the cache 
2023-04-28 11:57:36,958  INFO | main | eu.europa.esig.dss.validation.SignedDocumentValidator   | Default SignaturePolicyProvider instantiated with NativeHTTPDataLoader. 
2023-04-28 11:57:36,967  INFO | main | e.europa.esig.dss.validation.CommonCertificateVerifier  | + New CommonCertificateVerifier created. 
2023-04-28 11:57:36,976  INFO | main | eu.europa.esig.dss.validation.SignedDocumentValidator   | Document validation... 
2023-04-28 11:57:36,981  INFO | main | e.europa.esig.dss.validation.CommonCertificateVerifier  | + New CommonCertificateVerifier created. 
2023-04-28 11:57:36,982  WARN | main | e.europa.esig.dss.spi.x509.SignatureIntegrityValidator  | Determining signing certificate from certificate candidates list failed: [Best candidate validation failed : Unable to validate CMS Signature : message-digest attribute value does not match calculated value] 
2023-04-28 11:57:36,988  INFO | main | e.europa.esig.dss.validation.CommonCertificateVerifier  | + New CommonCertificateVerifier created. 
2023-04-28 11:57:36,991  INFO | main | eu.europa.esig.dss.spi.x509.revocation.ocsp.OCSPToken   | OCSP status is good 
2023-04-28 11:57:36,991  INFO | main | e.e.e.d.spi.x509.revocation.RepositoryRevocationSource  | Revocation token for certificate with Id 'C-96DB5CFA7ABACEB5C97C131CBBFB341DDD8E64FE68B587558AA8F082AB2670F2' has been loaded from the cache 
2023-04-28 11:57:36,992  WARN | main | eu.europa.esig.dss.service.ocsp.OnlineOCSPSource        | No OCSP location found for C-FCBFEBCB6B78113DFD4C6CCFCBC2B1482992DF4C48E9DE1B3B7F16F33332BFCB 
2023-04-28 11:57:36,993  INFO | main | e.e.e.d.spi.x509.revocation.RepositoryRevocationSource  | Revocation token for certificate with Id 'C-FCBFEBCB6B78113DFD4C6CCFCBC2B1482992DF4C48E9DE1B3B7F16F33332BFCB' has been loaded from the cache 
2023-04-28 11:57:36,994  INFO | main | eu.europa.esig.dss.validation.SignedDocumentValidator   | Default SignaturePolicyProvider instantiated with NativeHTTPDataLoader. 
2023-04-28 11:57:36,998  INFO | main | e.e.esig.dss.cades.signature.CAdESSignatureExtension    | EXTEND CMS SIGNATURES. 
2023-04-28 11:57:37,002  INFO | main | e.europa.esig.dss.validation.CommonCertificateVerifier  | + New CommonCertificateVerifier created. 
2023-04-28 11:57:37,007  INFO | main | e.europa.esig.dss.validation.CommonCertificateVerifier  | + New CommonCertificateVerifier created. 
2023-04-28 11:57:37,012  INFO | main | e.europa.esig.dss.validation.CommonCertificateVerifier  | + New CommonCertificateVerifier created. 
2023-04-28 11:57:37,016  INFO | main | e.europa.esig.dss.validation.CommonCertificateVerifier  | + New CommonCertificateVerifier created. 
2023-04-28 11:57:37,153  INFO | main | eu.europa.esig.dss.service.tsp.OnlineTSPSource          | TSP Status: Operation Okay 
2023-04-28 11:57:37,153  INFO | main | eu.europa.esig.dss.service.tsp.OnlineTSPSource          | TSP SID : SN 500, Issuer CN=root-ca,O=Nowina Solutions,OU=PKI-TEST,C=LU 
2023-04-28 11:57:37,159  INFO | main | e.europa.esig.dss.validation.CommonCertificateVerifier  | + New CommonCertificateVerifier created. 
2023-04-28 11:57:37,164  INFO | main | eu.europa.esig.dss.spi.x509.revocation.ocsp.OCSPToken   | OCSP status is good 
2023-04-28 11:57:37,165  INFO | main | e.e.e.d.spi.x509.revocation.RepositoryRevocationSource  | Revocation token for certificate with Id 'C-96DB5CFA7ABACEB5C97C131CBBFB341DDD8E64FE68B587558AA8F082AB2670F2' has been loaded from the cache 
2023-04-28 11:57:37,166  WARN | main | eu.europa.esig.dss.service.ocsp.OnlineOCSPSource        | No OCSP location found for C-AA02B99F9C4B57291E3C1744E44647709293D0FE17BB4EED28C99E973C7E8473 
2023-04-28 11:57:37,167  INFO | main | e.e.e.d.spi.x509.revocation.RepositoryRevocationSource  | Revocation token for certificate with Id 'C-AA02B99F9C4B57291E3C1744E44647709293D0FE17BB4EED28C99E973C7E8473' has been loaded from the cache 
2023-04-28 11:57:37,167  WARN | main | eu.europa.esig.dss.service.ocsp.OnlineOCSPSource        | No OCSP location found for C-FCBFEBCB6B78113DFD4C6CCFCBC2B1482992DF4C48E9DE1B3B7F16F33332BFCB 
2023-04-28 11:57:37,168  INFO | main | e.e.e.d.spi.x509.revocation.RepositoryRevocationSource  | Revocation token for certificate with Id 'C-FCBFEBCB6B78113DFD4C6CCFCBC2B1482992DF4C48E9DE1B3B7F16F33332BFCB' has been loaded from the cache 
2023-04-28 11:57:37,169  WARN | main | eu.europa.esig.dss.alert.handler.LogHandler             | Revocation data is missing for one or more POE(s). NextUpdate time : 2023-10-28T09:53:48Z [C-AA02B99F9C4B57291E3C1744E44647709293D0FE17BB4EED28C99E973C7E8473: No revocation data found after the best signature time [2023-04-28T09:57:37Z]! The nextUpdate available after : [2023-10-28T09:53:48Z]] 
2023-04-28 11:57:37,169  WARN | main | eu.europa.esig.dss.alert.handler.LogHandler             | Fresh revocation data is missing for one or more certificate(s). NextUpdate time : 2023-10-28T09:53:48Z [C-FCBFEBCB6B78113DFD4C6CCFCBC2B1482992DF4C48E9DE1B3B7F16F33332BFCB: No revocation data found after the best signature time [2023-04-28T09:57:37Z]! The nextUpdate available after : [2023-10-28T09:53:48Z]; C-96DB5CFA7ABACEB5C97C131CBBFB341DDD8E64FE68B587558AA8F082AB2670F2: No revocation data found after the best signature time [2023-04-28T09:57:37Z]!] 
2023-04-28 11:57:37,174  INFO | main | e.europa.esig.dss.validation.CommonCertificateVerifier  | + New CommonCertificateVerifier created. 
2023-04-28 11:57:37,314  INFO | main | eu.europa.esig.dss.service.tsp.OnlineTSPSource          | TSP Status: Operation Okay 
2023-04-28 11:57:37,314  INFO | main | eu.europa.esig.dss.service.tsp.OnlineTSPSource          | TSP SID : SN 500, Issuer CN=root-ca,O=Nowina Solutions,OU=PKI-TEST,C=LU 
2023-04-28 11:57:37,323  INFO | main | e.europa.esig.dss.validation.CommonCertificateVerifier  | + New CommonCertificateVerifier created. 
2023-04-28 11:57:37,333  INFO | main | eu.europa.esig.dss.validation.SignedDocumentValidator   | Document validation... 
2023-04-28 11:57:37,337  INFO | main | e.europa.esig.dss.validation.CommonCertificateVerifier  | + New CommonCertificateVerifier created. 
2023-04-28 11:57:37,344  INFO | main | e.europa.esig.dss.validation.CommonCertificateVerifier  | + New CommonCertificateVerifier created. 
2023-04-28 11:57:37,346  INFO | main | eu.europa.esig.dss.spi.x509.revocation.ocsp.OCSPToken   | OCSP status is good 
2023-04-28 11:57:37,348  INFO | main | eu.europa.esig.dss.spi.x509.revocation.ocsp.OCSPToken   | OCSP status is good 
2023-04-28 11:57:37,349  INFO | main | e.e.e.d.spi.x509.revocation.RepositoryRevocationSource  | Revocation token for certificate with Id 'C-96DB5CFA7ABACEB5C97C131CBBFB341DDD8E64FE68B587558AA8F082AB2670F2' has been loaded from the cache 
2023-04-28 11:57:37,350  WARN | main | eu.europa.esig.dss.service.ocsp.OnlineOCSPSource        | No OCSP location found for C-AA02B99F9C4B57291E3C1744E44647709293D0FE17BB4EED28C99E973C7E8473 
2023-04-28 11:57:37,351  INFO | main | e.e.e.d.spi.x509.revocation.RepositoryRevocationSource  | Revocation token for certificate with Id 'C-AA02B99F9C4B57291E3C1744E44647709293D0FE17BB4EED28C99E973C7E8473' has been loaded from the cache 
2023-04-28 11:57:37,352  WARN | main | eu.europa.esig.dss.service.ocsp.OnlineOCSPSource        | No OCSP location found for C-FCBFEBCB6B78113DFD4C6CCFCBC2B1482992DF4C48E9DE1B3B7F16F33332BFCB 
2023-04-28 11:57:37,354  INFO | main | e.e.e.d.spi.x509.revocation.RepositoryRevocationSource  | Revocation token for certificate with Id 'C-FCBFEBCB6B78113DFD4C6CCFCBC2B1482992DF4C48E9DE1B3B7F16F33332BFCB' has been loaded from the cache 
2023-04-28 11:57:37,354  INFO | main | eu.europa.esig.dss.validation.SignedDocumentValidator   | Default SignaturePolicyProvider instantiated with NativeHTTPDataLoader. 
2023-04-28 11:57:37,373  INFO | main | e.europa.esig.dss.validation.CommonCertificateVerifier  | + New CommonCertificateVerifier created. 
2023-04-28 11:57:37,382  INFO | main | eu.europa.esig.dss.validation.SignedDocumentValidator   | Document validation... 
2023-04-28 11:57:37,386  INFO | main | e.europa.esig.dss.validation.CommonCertificateVerifier  | + New CommonCertificateVerifier created. 
2023-04-28 11:57:37,398  INFO | main | e.europa.esig.dss.validation.CommonCertificateVerifier  | + New CommonCertificateVerifier created. 
2023-04-28 11:57:37,402  INFO | main | eu.europa.esig.dss.spi.x509.revocation.ocsp.OCSPToken   | OCSP status is good 
2023-04-28 11:57:37,402  INFO | main | eu.europa.esig.dss.spi.x509.revocation.ocsp.OCSPToken   | OCSP status is good 
2023-04-28 11:57:37,403  INFO | main | e.e.e.d.spi.x509.revocation.RepositoryRevocationSource  | Revocation token for certificate with Id 'C-96DB5CFA7ABACEB5C97C131CBBFB341DDD8E64FE68B587558AA8F082AB2670F2' has been loaded from the cache 
2023-04-28 11:57:37,403  WARN | main | eu.europa.esig.dss.service.ocsp.OnlineOCSPSource        | No OCSP location found for C-AA02B99F9C4B57291E3C1744E44647709293D0FE17BB4EED28C99E973C7E8473 
2023-04-28 11:57:37,405  INFO | main | e.e.e.d.spi.x509.revocation.RepositoryRevocationSource  | Revocation token for certificate with Id 'C-AA02B99F9C4B57291E3C1744E44647709293D0FE17BB4EED28C99E973C7E8473' has been loaded from the cache 
2023-04-28 11:57:37,406  WARN | main | eu.europa.esig.dss.service.ocsp.OnlineOCSPSource        | No OCSP location found for C-FCBFEBCB6B78113DFD4C6CCFCBC2B1482992DF4C48E9DE1B3B7F16F33332BFCB 
2023-04-28 11:57:37,407  INFO | main | e.e.e.d.spi.x509.revocation.RepositoryRevocationSource  | Revocation token for certificate with Id 'C-FCBFEBCB6B78113DFD4C6CCFCBC2B1482992DF4C48E9DE1B3B7F16F33332BFCB' has been loaded from the cache 
2023-04-28 11:57:37,407  INFO | main | eu.europa.esig.dss.validation.SignedDocumentValidator   | Default SignaturePolicyProvider instantiated with NativeHTTPDataLoader. 
2023-04-28 11:57:37,426  INFO | main | e.europa.esig.dss.validation.CommonCertificateVerifier  | + New CommonCertificateVerifier created. 
2023-04-28 11:57:37,436  INFO | main | eu.europa.esig.dss.validation.SignedDocumentValidator   | Document validation... 
2023-04-28 11:57:37,439  INFO | main | e.europa.esig.dss.validation.CommonCertificateVerifier  | + New CommonCertificateVerifier created. 
2023-04-28 11:57:37,446  INFO | main | e.europa.esig.dss.validation.CommonCertificateVerifier  | + New CommonCertificateVerifier created. 
2023-04-28 11:57:37,448  INFO | main | eu.europa.esig.dss.spi.x509.revocation.ocsp.OCSPToken   | OCSP status is good 
2023-04-28 11:57:37,450  INFO | main | eu.europa.esig.dss.spi.x509.revocation.ocsp.OCSPToken   | OCSP status is good 
2023-04-28 11:57:37,451  INFO | main | e.e.e.d.spi.x509.revocation.RepositoryRevocationSource  | Revocation token for certificate with Id 'C-96DB5CFA7ABACEB5C97C131CBBFB341DDD8E64FE68B587558AA8F082AB2670F2' has been loaded from the cache 
2023-04-28 11:57:37,451  WARN | main | eu.europa.esig.dss.service.ocsp.OnlineOCSPSource        | No OCSP location found for C-AA02B99F9C4B57291E3C1744E44647709293D0FE17BB4EED28C99E973C7E8473 
2023-04-28 11:57:37,452  INFO | main | e.e.e.d.spi.x509.revocation.RepositoryRevocationSource  | Revocation token for certificate with Id 'C-AA02B99F9C4B57291E3C1744E44647709293D0FE17BB4EED28C99E973C7E8473' has been loaded from the cache 
2023-04-28 11:57:37,453  WARN | main | eu.europa.esig.dss.service.ocsp.OnlineOCSPSource        | No OCSP location found for C-FCBFEBCB6B78113DFD4C6CCFCBC2B1482992DF4C48E9DE1B3B7F16F33332BFCB 
2023-04-28 11:57:37,454  INFO | main | e.e.e.d.spi.x509.revocation.RepositoryRevocationSource  | Revocation token for certificate with Id 'C-FCBFEBCB6B78113DFD4C6CCFCBC2B1482992DF4C48E9DE1B3B7F16F33332BFCB' has been loaded from the cache 
2023-04-28 11:57:37,455  INFO | main | eu.europa.esig.dss.validation.SignedDocumentValidator   | Default SignaturePolicyProvider instantiated with NativeHTTPDataLoader. 
2023-04-28 11:57:37,474  INFO | main | e.europa.esig.dss.validation.CommonCertificateVerifier  | + New CommonCertificateVerifier created. 
2023-04-28 11:57:37,484  INFO | main | eu.europa.esig.dss.validation.SignedDocumentValidator   | Document validation... 
2023-04-28 11:57:37,488  INFO | main | e.europa.esig.dss.validation.CommonCertificateVerifier  | + New CommonCertificateVerifier created. 
2023-04-28 11:57:37,490  WARN | main | e.europa.esig.dss.spi.x509.SignatureIntegrityValidator  | Determining signing certificate from certificate candidates list failed: [Best candidate validation failed : Unable to validate CMS Signature : message-digest attribute value does not match calculated value] 
2023-04-28 11:57:37,492  WARN | main | eu.europa.esig.dss.validation.timestamp.TimestampToken  | Provided digest value for TimestampToken matchData : MY4cVmBcpyxpMe/UgemBFd9z9nz6Gr4xPZ7mXjzn3S4= 
2023-04-28 11:57:37,493  WARN | main | eu.europa.esig.dss.validation.timestamp.TimestampToken  | Digest (SHA256) present in TimestampToken : cQGbR7EKbZ0D7esE0YC7r7SP7T3O8THDSjblk3GQP+o= 
2023-04-28 11:57:37,493  WARN | main | eu.europa.esig.dss.validation.timestamp.TimestampToken  | Digest in TimestampToken matches digest of extracted data from document: false 
2023-04-28 11:57:37,495  INFO | main | e.europa.esig.dss.validation.CommonCertificateVerifier  | + New CommonCertificateVerifier created. 
2023-04-28 11:57:37,497  WARN | main | e.europa.esig.dss.validation.SignatureValidationContext | POE extraction is skipped for timestamp : T-CBCABD702F4CF4E388E78E77F0A9216263F2A2F96FB0620F48D4937FFC2E2640. The message-imprint is not intact! 
2023-04-28 11:57:37,498  INFO | main | eu.europa.esig.dss.spi.x509.revocation.ocsp.OCSPToken   | OCSP status is good 
2023-04-28 11:57:37,500  INFO | main | eu.europa.esig.dss.spi.x509.revocation.ocsp.OCSPToken   | OCSP status is good 
2023-04-28 11:57:37,500  INFO | main | e.e.e.d.spi.x509.revocation.RepositoryRevocationSource  | Revocation token for certificate with Id 'C-96DB5CFA7ABACEB5C97C131CBBFB341DDD8E64FE68B587558AA8F082AB2670F2' has been loaded from the cache 
2023-04-28 11:57:37,502  WARN | main | eu.europa.esig.dss.service.ocsp.OnlineOCSPSource        | No OCSP location found for C-AA02B99F9C4B57291E3C1744E44647709293D0FE17BB4EED28C99E973C7E8473 
2023-04-28 11:57:37,502  INFO | main | e.e.e.d.spi.x509.revocation.RepositoryRevocationSource  | Revocation token for certificate with Id 'C-AA02B99F9C4B57291E3C1744E44647709293D0FE17BB4EED28C99E973C7E8473' has been loaded from the cache 
2023-04-28 11:57:37,503  WARN | main | eu.europa.esig.dss.service.ocsp.OnlineOCSPSource        | No OCSP location found for C-FCBFEBCB6B78113DFD4C6CCFCBC2B1482992DF4C48E9DE1B3B7F16F33332BFCB 
2023-04-28 11:57:37,505  INFO | main | e.e.e.d.spi.x509.revocation.RepositoryRevocationSource  | Revocation token for certificate with Id 'C-FCBFEBCB6B78113DFD4C6CCFCBC2B1482992DF4C48E9DE1B3B7F16F33332BFCB' has been loaded from the cache 
2023-04-28 11:57:37,505  INFO | main | eu.europa.esig.dss.validation.SignedDocumentValidator   | Default SignaturePolicyProvider instantiated with NativeHTTPDataLoader. 
]]></system-out>
  </testcase>
</testsuite>