<?xml version="1.0" encoding="UTF-8"?>
<testsuite xmlns:xsi="http://www.w3.org/2001/XMLSchema-instance" xsi:noNamespaceSchemaLocation="https://maven.apache.org/surefire/maven-surefire-plugin/xsd/surefire-test-report-3.0.xsd" version="3.0" name="eu.europa.esig.dss.cades.signature.CAdESServiceTest" time="9.709" tests="3" errors="0" skipped="0" failures="0">
  <properties>
[...]
</properties>
  <testcase name="addSignaturePolicyStoreTest" classname="eu.europa.esig.dss.cades.signature.CAdESServiceTest" time="0.348">
    <system-out><![CDATA[2023-04-28 11:57:56,419  INFO | main | e.europa.esig.dss.validation.CommonCertificateVerifier  | + New CommonCertificateVerifier created. 
2023-04-28 11:57:56,711  INFO | main | e.e.esig.dss.token.AbstractSignatureTokenConnection     | Signature algorithm : SHA256withRSA 
2023-04-28 11:57:56,720  INFO | main | e.europa.esig.dss.validation.CommonCertificateVerifier  | + New CommonCertificateVerifier created. 
2023-04-28 11:57:56,726  WARN | main | e.e.e.d.c.signature.CAdESSignaturePolicyStoreBuilder    | Signature policy's digest SHA256:#58E266481CB11B8FC62712C04A00E3BAEC65F8E3F2689E2073706EE15868A2A1 doesn't match the digest extracted from document SHA256:#C0535E4BE2B79FFD93291305436BF889314E4A3FAEC05ECFFCBB7DF31AD9E51A for signature with Id : S-8EC0B6CDF498AD2768FB102F81649FB1490677E92C35E228DC48192F49446AF3 
2023-04-28 11:57:56,729  INFO | main | e.europa.esig.dss.validation.CommonCertificateVerifier  | + New CommonCertificateVerifier created. 
2023-04-28 11:57:56,735  INFO | main | e.europa.esig.dss.validation.CommonCertificateVerifier  | + New CommonCertificateVerifier created. 
2023-04-28 11:57:56,741  INFO | main | eu.europa.esig.dss.validation.SignedDocumentValidator   | Document validation... 
2023-04-28 11:57:56,744  INFO | main | e.europa.esig.dss.validation.CommonCertificateVerifier  | + New CommonCertificateVerifier created. 
2023-04-28 11:57:56,747  INFO | main | e.europa.esig.dss.validation.CommonCertificateVerifier  | + New CommonCertificateVerifier created. 
2023-04-28 11:57:56,747  INFO | main | eu.europa.esig.dss.validation.AIACertificateSource      | Retrieving C-96DB5CFA7ABACEB5C97C131CBBFB341DDD8E64FE68B587558AA8F082AB2670F2 certificate's issuer using AIA. 
2023-04-28 11:57:56,748  INFO | main | eu.europa.esig.dss.spi.x509.aia.RepositoryAIASource     | Certificate tokens with AIA '[http://dss.nowina.lu/pki-factory/crt/good-ca.crt]' have been loaded from the cache 
2023-04-28 11:57:56,749  INFO | main | eu.europa.esig.dss.spi.x509.revocation.ocsp.OCSPToken   | OCSP status is good 
2023-04-28 11:57:56,749  INFO | main | e.e.e.d.spi.x509.revocation.RepositoryRevocationSource  | Revocation token for certificate with Id 'C-96DB5CFA7ABACEB5C97C131CBBFB341DDD8E64FE68B587558AA8F082AB2670F2' has been loaded from the cache 
2023-04-28 11:57:56,750  WARN | main | eu.europa.esig.dss.service.ocsp.OnlineOCSPSource        | No OCSP location found for C-FCBFEBCB6B78113DFD4C6CCFCBC2B1482992DF4C48E9DE1B3B7F16F33332BFCB 
2023-04-28 11:57:56,751  INFO | main | e.e.e.d.spi.x509.revocation.RepositoryRevocationSource  | Revocation token for certificate with Id 'C-FCBFEBCB6B78113DFD4C6CCFCBC2B1482992DF4C48E9DE1B3B7F16F33332BFCB' has been loaded from the cache 
2023-04-28 11:57:56,752  INFO | main | eu.europa.esig.dss.validation.SignedDocumentValidator   | Default SignaturePolicyProvider instantiated with NativeHTTPDataLoader. 
2023-04-28 11:57:56,762  INFO | main | e.europa.esig.dss.validation.CommonCertificateVerifier  | + New CommonCertificateVerifier created. 
2023-04-28 11:57:56,762  INFO | main | e.e.e.d.c.signature.CAdESSignaturePolicyStoreBuilder    | No policy document has been provided. Digests are not checked! 
]]></system-out>
  </testcase>
  <testcase name="signatureTest" classname="eu.europa.esig.dss.cades.signature.CAdESServiceTest" time="8.471">
    <system-out><![CDATA[2023-04-28 11:57:56,768  INFO | main | e.europa.esig.dss.validation.CommonCertificateVerifier  | + New CommonCertificateVerifier created. 
2023-04-28 11:57:57,053  INFO | main | e.e.esig.dss.token.AbstractSignatureTokenConnection     | Signature algorithm : SHA256withRSA 
2023-04-28 11:57:57,244  INFO | main | e.e.esig.dss.token.AbstractSignatureTokenConnection     | Signature algorithm : SHA256withRSA 
2023-04-28 11:57:57,439  INFO | main | e.e.esig.dss.token.AbstractSignatureTokenConnection     | Signature algorithm : SHA256withRSA 
2023-04-28 11:57:57,445  INFO | main | e.europa.esig.dss.validation.CommonCertificateVerifier  | + New CommonCertificateVerifier created. 
2023-04-28 11:57:57,452  INFO | main | eu.europa.esig.dss.validation.SignedDocumentValidator   | Document validation... 
2023-04-28 11:57:57,457  INFO | main | e.europa.esig.dss.validation.CommonCertificateVerifier  | + New CommonCertificateVerifier created. 
2023-04-28 11:57:57,460  INFO | main | e.europa.esig.dss.validation.CommonCertificateVerifier  | + New CommonCertificateVerifier created. 
2023-04-28 11:57:57,461  INFO | main | eu.europa.esig.dss.validation.AIACertificateSource      | Retrieving C-96DB5CFA7ABACEB5C97C131CBBFB341DDD8E64FE68B587558AA8F082AB2670F2 certificate's issuer using AIA. 
2023-04-28 11:57:57,462  INFO | main | eu.europa.esig.dss.spi.x509.aia.RepositoryAIASource     | Certificate tokens with AIA '[http://dss.nowina.lu/pki-factory/crt/good-ca.crt]' have been loaded from the cache 
2023-04-28 11:57:57,463  INFO | main | eu.europa.esig.dss.spi.x509.revocation.ocsp.OCSPToken   | OCSP status is good 
2023-04-28 11:57:57,463  INFO | main | e.e.e.d.spi.x509.revocation.RepositoryRevocationSource  | Revocation token for certificate with Id 'C-96DB5CFA7ABACEB5C97C131CBBFB341DDD8E64FE68B587558AA8F082AB2670F2' has been loaded from the cache 
2023-04-28 11:57:57,464  WARN | main | eu.europa.esig.dss.service.ocsp.OnlineOCSPSource        | No OCSP location found for C-FCBFEBCB6B78113DFD4C6CCFCBC2B1482992DF4C48E9DE1B3B7F16F33332BFCB 
2023-04-28 11:57:57,464  INFO | main | e.e.e.d.spi.x509.revocation.RepositoryRevocationSource  | Revocation token for certificate with Id 'C-FCBFEBCB6B78113DFD4C6CCFCBC2B1482992DF4C48E9DE1B3B7F16F33332BFCB' has been loaded from the cache 
2023-04-28 11:57:57,465  INFO | main | eu.europa.esig.dss.validation.SignedDocumentValidator   | Default SignaturePolicyProvider instantiated with NativeHTTPDataLoader. 
2023-04-28 11:57:57,643  INFO | main | e.e.esig.dss.token.AbstractSignatureTokenConnection     | Signature algorithm : SHA256withRSA 
2023-04-28 11:57:57,645  INFO | main | e.e.esig.dss.cades.signature.CAdESSignatureExtension    | EXTEND CMS SIGNATURES. 
2023-04-28 11:57:57,647  INFO | main | e.europa.esig.dss.validation.CommonCertificateVerifier  | + New CommonCertificateVerifier created. 
2023-04-28 11:57:57,651  INFO | main | e.europa.esig.dss.validation.CommonCertificateVerifier  | + New CommonCertificateVerifier created. 
2023-04-28 11:57:57,656  INFO | main | e.europa.esig.dss.validation.CommonCertificateVerifier  | + New CommonCertificateVerifier created. 
2023-04-28 11:57:57,660  INFO | main | e.europa.esig.dss.validation.CommonCertificateVerifier  | + New CommonCertificateVerifier created. 
2023-04-28 11:57:57,791  INFO | main | eu.europa.esig.dss.service.tsp.OnlineTSPSource          | TSP Status: Operation Okay 
2023-04-28 11:57:57,791  INFO | main | eu.europa.esig.dss.service.tsp.OnlineTSPSource          | TSP SID : SN 500, Issuer CN=root-ca,O=Nowina Solutions,OU=PKI-TEST,C=LU 
2023-04-28 11:57:57,795  INFO | main | e.europa.esig.dss.validation.CommonCertificateVerifier  | + New CommonCertificateVerifier created. 
2023-04-28 11:57:57,798  INFO | main | eu.europa.esig.dss.validation.AIACertificateSource      | Retrieving C-96DB5CFA7ABACEB5C97C131CBBFB341DDD8E64FE68B587558AA8F082AB2670F2 certificate's issuer using AIA. 
2023-04-28 11:57:57,800  INFO | main | eu.europa.esig.dss.spi.x509.aia.RepositoryAIASource     | Certificate tokens with AIA '[http://dss.nowina.lu/pki-factory/crt/good-ca.crt]' have been loaded from the cache 
2023-04-28 11:57:57,802  INFO | main | eu.europa.esig.dss.spi.x509.revocation.ocsp.OCSPToken   | OCSP status is good 
2023-04-28 11:57:57,802  INFO | main | e.e.e.d.spi.x509.revocation.RepositoryRevocationSource  | Revocation token for certificate with Id 'C-96DB5CFA7ABACEB5C97C131CBBFB341DDD8E64FE68B587558AA8F082AB2670F2' has been loaded from the cache 
2023-04-28 11:57:57,803  WARN | main | eu.europa.esig.dss.service.ocsp.OnlineOCSPSource        | No OCSP location found for C-AA02B99F9C4B57291E3C1744E44647709293D0FE17BB4EED28C99E973C7E8473 
2023-04-28 11:57:57,804  INFO | main | e.e.e.d.spi.x509.revocation.RepositoryRevocationSource  | Revocation token for certificate with Id 'C-AA02B99F9C4B57291E3C1744E44647709293D0FE17BB4EED28C99E973C7E8473' has been loaded from the cache 
2023-04-28 11:57:57,805  WARN | main | eu.europa.esig.dss.service.ocsp.OnlineOCSPSource        | No OCSP location found for C-FCBFEBCB6B78113DFD4C6CCFCBC2B1482992DF4C48E9DE1B3B7F16F33332BFCB 
2023-04-28 11:57:57,806  INFO | main | e.e.e.d.spi.x509.revocation.RepositoryRevocationSource  | Revocation token for certificate with Id 'C-FCBFEBCB6B78113DFD4C6CCFCBC2B1482992DF4C48E9DE1B3B7F16F33332BFCB' has been loaded from the cache 
2023-04-28 11:57:57,807  WARN | main | eu.europa.esig.dss.alert.handler.LogHandler             | Revocation data is missing for one or more POE(s). NextUpdate time : 2023-10-28T09:53:48Z [C-AA02B99F9C4B57291E3C1744E44647709293D0FE17BB4EED28C99E973C7E8473: No revocation data found after the best signature time [2023-04-28T09:57:57Z]! The nextUpdate available after : [2023-10-28T09:53:48Z]] 
2023-04-28 11:57:57,807  WARN | main | eu.europa.esig.dss.alert.handler.LogHandler             | Fresh revocation data is missing for one or more certificate(s). NextUpdate time : 2023-10-28T09:53:48Z [C-FCBFEBCB6B78113DFD4C6CCFCBC2B1482992DF4C48E9DE1B3B7F16F33332BFCB: No revocation data found after the best signature time [2023-04-28T09:57:57Z]! The nextUpdate available after : [2023-10-28T09:53:48Z]; C-96DB5CFA7ABACEB5C97C131CBBFB341DDD8E64FE68B587558AA8F082AB2670F2: No revocation data found after the best signature time [2023-04-28T09:57:57Z]!] 
2023-04-28 11:57:57,810  INFO | main | e.europa.esig.dss.validation.CommonCertificateVerifier  | + New CommonCertificateVerifier created. 
2023-04-28 11:57:57,939  INFO | main | eu.europa.esig.dss.service.tsp.OnlineTSPSource          | TSP Status: Operation Okay 
2023-04-28 11:57:57,939  INFO | main | eu.europa.esig.dss.service.tsp.OnlineTSPSource          | TSP SID : SN 500, Issuer CN=root-ca,O=Nowina Solutions,OU=PKI-TEST,C=LU 
2023-04-28 11:57:57,946  INFO | main | e.europa.esig.dss.validation.CommonCertificateVerifier  | + New CommonCertificateVerifier created. 
2023-04-28 11:57:57,956  INFO | main | eu.europa.esig.dss.validation.SignedDocumentValidator   | Document validation... 
2023-04-28 11:57:57,959  INFO | main | e.europa.esig.dss.validation.CommonCertificateVerifier  | + New CommonCertificateVerifier created. 
2023-04-28 11:57:57,969  INFO | main | e.europa.esig.dss.validation.CommonCertificateVerifier  | + New CommonCertificateVerifier created. 
2023-04-28 11:57:57,973  INFO | main | eu.europa.esig.dss.spi.x509.revocation.ocsp.OCSPToken   | OCSP status is good 
2023-04-28 11:57:57,976  INFO | main | eu.europa.esig.dss.spi.x509.revocation.ocsp.OCSPToken   | OCSP status is good 
2023-04-28 11:57:57,977  INFO | main | e.e.e.d.spi.x509.revocation.RepositoryRevocationSource  | Revocation token for certificate with Id 'C-96DB5CFA7ABACEB5C97C131CBBFB341DDD8E64FE68B587558AA8F082AB2670F2' has been loaded from the cache 
2023-04-28 11:57:57,977  WARN | main | eu.europa.esig.dss.service.ocsp.OnlineOCSPSource        | No OCSP location found for C-AA02B99F9C4B57291E3C1744E44647709293D0FE17BB4EED28C99E973C7E8473 
2023-04-28 11:57:57,978  INFO | main | e.e.e.d.spi.x509.revocation.RepositoryRevocationSource  | Revocation token for certificate with Id 'C-AA02B99F9C4B57291E3C1744E44647709293D0FE17BB4EED28C99E973C7E8473' has been loaded from the cache 
2023-04-28 11:57:57,979  WARN | main | eu.europa.esig.dss.service.ocsp.OnlineOCSPSource        | No OCSP location found for C-FCBFEBCB6B78113DFD4C6CCFCBC2B1482992DF4C48E9DE1B3B7F16F33332BFCB 
2023-04-28 11:57:57,980  INFO | main | e.e.e.d.spi.x509.revocation.RepositoryRevocationSource  | Revocation token for certificate with Id 'C-FCBFEBCB6B78113DFD4C6CCFCBC2B1482992DF4C48E9DE1B3B7F16F33332BFCB' has been loaded from the cache 
2023-04-28 11:57:57,980  INFO | main | eu.europa.esig.dss.validation.SignedDocumentValidator   | Default SignaturePolicyProvider instantiated with NativeHTTPDataLoader. 
2023-04-28 11:57:58,168  INFO | main | e.e.esig.dss.token.AbstractSignatureTokenConnection     | Signature algorithm : SHA256withRSA 
2023-04-28 11:57:58,170  INFO | main | e.e.esig.dss.cades.signature.CAdESSignatureExtension    | EXTEND CMS SIGNATURES. 
2023-04-28 11:57:58,173  INFO | main | e.europa.esig.dss.validation.CommonCertificateVerifier  | + New CommonCertificateVerifier created. 
2023-04-28 11:57:58,176  INFO | main | e.europa.esig.dss.validation.CommonCertificateVerifier  | + New CommonCertificateVerifier created. 
2023-04-28 11:57:58,179  INFO | main | e.europa.esig.dss.validation.CommonCertificateVerifier  | + New CommonCertificateVerifier created. 
2023-04-28 11:57:58,182  INFO | main | e.europa.esig.dss.validation.CommonCertificateVerifier  | + New CommonCertificateVerifier created. 
2023-04-28 11:57:58,315  INFO | main | eu.europa.esig.dss.service.tsp.OnlineTSPSource          | TSP Status: Operation Okay 
2023-04-28 11:57:58,315  INFO | main | eu.europa.esig.dss.service.tsp.OnlineTSPSource          | TSP SID : SN 500, Issuer CN=root-ca,O=Nowina Solutions,OU=PKI-TEST,C=LU 
2023-04-28 11:57:58,318  INFO | main | e.europa.esig.dss.validation.CommonCertificateVerifier  | + New CommonCertificateVerifier created. 
2023-04-28 11:57:58,321  INFO | main | eu.europa.esig.dss.validation.AIACertificateSource      | Retrieving C-96DB5CFA7ABACEB5C97C131CBBFB341DDD8E64FE68B587558AA8F082AB2670F2 certificate's issuer using AIA. 
2023-04-28 11:57:58,322  INFO | main | eu.europa.esig.dss.spi.x509.aia.RepositoryAIASource     | Certificate tokens with AIA '[http://dss.nowina.lu/pki-factory/crt/good-ca.crt]' have been loaded from the cache 
2023-04-28 11:57:58,323  INFO | main | eu.europa.esig.dss.spi.x509.revocation.ocsp.OCSPToken   | OCSP status is good 
2023-04-28 11:57:58,324  INFO | main | e.e.e.d.spi.x509.revocation.RepositoryRevocationSource  | Revocation token for certificate with Id 'C-96DB5CFA7ABACEB5C97C131CBBFB341DDD8E64FE68B587558AA8F082AB2670F2' has been loaded from the cache 
2023-04-28 11:57:58,324  WARN | main | eu.europa.esig.dss.service.ocsp.OnlineOCSPSource        | No OCSP location found for C-AA02B99F9C4B57291E3C1744E44647709293D0FE17BB4EED28C99E973C7E8473 
2023-04-28 11:57:58,325  INFO | main | e.e.e.d.spi.x509.revocation.RepositoryRevocationSource  | Revocation token for certificate with Id 'C-AA02B99F9C4B57291E3C1744E44647709293D0FE17BB4EED28C99E973C7E8473' has been loaded from the cache 
2023-04-28 11:57:58,325  WARN | main | eu.europa.esig.dss.service.ocsp.OnlineOCSPSource        | No OCSP location found for C-FCBFEBCB6B78113DFD4C6CCFCBC2B1482992DF4C48E9DE1B3B7F16F33332BFCB 
2023-04-28 11:57:58,326  INFO | main | e.e.e.d.spi.x509.revocation.RepositoryRevocationSource  | Revocation token for certificate with Id 'C-FCBFEBCB6B78113DFD4C6CCFCBC2B1482992DF4C48E9DE1B3B7F16F33332BFCB' has been loaded from the cache 
2023-04-28 11:57:58,327  WARN | main | eu.europa.esig.dss.alert.handler.LogHandler             | Revocation data is missing for one or more POE(s). NextUpdate time : 2023-10-28T09:53:48Z [C-AA02B99F9C4B57291E3C1744E44647709293D0FE17BB4EED28C99E973C7E8473: No revocation data found after the best signature time [2023-04-28T09:57:58Z]! The nextUpdate available after : [2023-10-28T09:53:48Z]] 
2023-04-28 11:57:58,327  WARN | main | eu.europa.esig.dss.alert.handler.LogHandler             | Fresh revocation data is missing for one or more certificate(s). NextUpdate time : 2023-10-28T09:53:48Z [C-FCBFEBCB6B78113DFD4C6CCFCBC2B1482992DF4C48E9DE1B3B7F16F33332BFCB: No revocation data found after the best signature time [2023-04-28T09:57:58Z]! The nextUpdate available after : [2023-10-28T09:53:48Z]; C-96DB5CFA7ABACEB5C97C131CBBFB341DDD8E64FE68B587558AA8F082AB2670F2: No revocation data found after the best signature time [2023-04-28T09:57:58Z]!] 
2023-04-28 11:57:58,330  INFO | main | e.europa.esig.dss.validation.CommonCertificateVerifier  | + New CommonCertificateVerifier created. 
2023-04-28 11:57:58,476  INFO | main | eu.europa.esig.dss.service.tsp.OnlineTSPSource          | TSP Status: Operation Okay 
2023-04-28 11:57:58,476  INFO | main | eu.europa.esig.dss.service.tsp.OnlineTSPSource          | TSP SID : SN 500, Issuer CN=root-ca,O=Nowina Solutions,OU=PKI-TEST,C=LU 
2023-04-28 11:57:58,483  INFO | main | e.europa.esig.dss.validation.CommonCertificateVerifier  | + New CommonCertificateVerifier created. 
2023-04-28 11:57:58,492  INFO | main | eu.europa.esig.dss.validation.SignedDocumentValidator   | Document validation... 
2023-04-28 11:57:58,495  INFO | main | e.europa.esig.dss.validation.CommonCertificateVerifier  | + New CommonCertificateVerifier created. 
2023-04-28 11:57:58,502  INFO | main | e.europa.esig.dss.validation.CommonCertificateVerifier  | + New CommonCertificateVerifier created. 
2023-04-28 11:57:58,505  INFO | main | eu.europa.esig.dss.spi.x509.revocation.ocsp.OCSPToken   | OCSP status is good 
2023-04-28 11:57:58,506  INFO | main | eu.europa.esig.dss.spi.x509.revocation.ocsp.OCSPToken   | OCSP status is good 
2023-04-28 11:57:58,507  INFO | main | e.e.e.d.spi.x509.revocation.RepositoryRevocationSource  | Revocation token for certificate with Id 'C-96DB5CFA7ABACEB5C97C131CBBFB341DDD8E64FE68B587558AA8F082AB2670F2' has been loaded from the cache 
2023-04-28 11:57:58,507  WARN | main | eu.europa.esig.dss.service.ocsp.OnlineOCSPSource        | No OCSP location found for C-AA02B99F9C4B57291E3C1744E44647709293D0FE17BB4EED28C99E973C7E8473 
2023-04-28 11:57:58,508  INFO | main | e.e.e.d.spi.x509.revocation.RepositoryRevocationSource  | Revocation token for certificate with Id 'C-AA02B99F9C4B57291E3C1744E44647709293D0FE17BB4EED28C99E973C7E8473' has been loaded from the cache 
2023-04-28 11:57:58,508  WARN | main | eu.europa.esig.dss.service.ocsp.OnlineOCSPSource        | No OCSP location found for C-FCBFEBCB6B78113DFD4C6CCFCBC2B1482992DF4C48E9DE1B3B7F16F33332BFCB 
2023-04-28 11:57:58,509  INFO | main | e.e.e.d.spi.x509.revocation.RepositoryRevocationSource  | Revocation token for certificate with Id 'C-FCBFEBCB6B78113DFD4C6CCFCBC2B1482992DF4C48E9DE1B3B7F16F33332BFCB' has been loaded from the cache 
2023-04-28 11:57:58,509  INFO | main | eu.europa.esig.dss.validation.SignedDocumentValidator   | Default SignaturePolicyProvider instantiated with NativeHTTPDataLoader. 
2023-04-28 11:57:58,676  INFO | main | e.e.esig.dss.token.AbstractSignatureTokenConnection     | Signature algorithm : SHA256withRSA 
2023-04-28 11:57:58,678  INFO | main | e.e.esig.dss.cades.signature.CAdESSignatureExtension    | EXTEND CMS SIGNATURES. 
2023-04-28 11:57:58,680  INFO | main | e.europa.esig.dss.validation.CommonCertificateVerifier  | + New CommonCertificateVerifier created. 
2023-04-28 11:57:58,685  INFO | main | e.europa.esig.dss.validation.CommonCertificateVerifier  | + New CommonCertificateVerifier created. 
2023-04-28 11:57:58,687  INFO | main | e.europa.esig.dss.validation.CommonCertificateVerifier  | + New CommonCertificateVerifier created. 
2023-04-28 11:57:58,690  INFO | main | e.europa.esig.dss.validation.CommonCertificateVerifier  | + New CommonCertificateVerifier created. 
2023-04-28 11:57:58,818  INFO | main | eu.europa.esig.dss.service.tsp.OnlineTSPSource          | TSP Status: Operation Okay 
2023-04-28 11:57:58,818  INFO | main | eu.europa.esig.dss.service.tsp.OnlineTSPSource          | TSP SID : SN 500, Issuer CN=root-ca,O=Nowina Solutions,OU=PKI-TEST,C=LU 
2023-04-28 11:57:58,822  INFO | main | e.europa.esig.dss.validation.CommonCertificateVerifier  | + New CommonCertificateVerifier created. 
2023-04-28 11:57:58,825  INFO | main | eu.europa.esig.dss.validation.AIACertificateSource      | Retrieving C-96DB5CFA7ABACEB5C97C131CBBFB341DDD8E64FE68B587558AA8F082AB2670F2 certificate's issuer using AIA. 
2023-04-28 11:57:58,826  INFO | main | eu.europa.esig.dss.spi.x509.aia.RepositoryAIASource     | Certificate tokens with AIA '[http://dss.nowina.lu/pki-factory/crt/good-ca.crt]' have been loaded from the cache 
2023-04-28 11:57:58,828  INFO | main | eu.europa.esig.dss.spi.x509.revocation.ocsp.OCSPToken   | OCSP status is good 
2023-04-28 11:57:58,829  INFO | main | e.e.e.d.spi.x509.revocation.RepositoryRevocationSource  | Revocation token for certificate with Id 'C-96DB5CFA7ABACEB5C97C131CBBFB341DDD8E64FE68B587558AA8F082AB2670F2' has been loaded from the cache 
2023-04-28 11:57:58,829  WARN | main | eu.europa.esig.dss.service.ocsp.OnlineOCSPSource        | No OCSP location found for C-AA02B99F9C4B57291E3C1744E44647709293D0FE17BB4EED28C99E973C7E8473 
2023-04-28 11:57:58,830  INFO | main | e.e.e.d.spi.x509.revocation.RepositoryRevocationSource  | Revocation token for certificate with Id 'C-AA02B99F9C4B57291E3C1744E44647709293D0FE17BB4EED28C99E973C7E8473' has been loaded from the cache 
2023-04-28 11:57:58,830  WARN | main | eu.europa.esig.dss.service.ocsp.OnlineOCSPSource        | No OCSP location found for C-FCBFEBCB6B78113DFD4C6CCFCBC2B1482992DF4C48E9DE1B3B7F16F33332BFCB 
2023-04-28 11:57:58,831  INFO | main | e.e.e.d.spi.x509.revocation.RepositoryRevocationSource  | Revocation token for certificate with Id 'C-FCBFEBCB6B78113DFD4C6CCFCBC2B1482992DF4C48E9DE1B3B7F16F33332BFCB' has been loaded from the cache 
2023-04-28 11:57:58,832  WARN | main | eu.europa.esig.dss.alert.handler.LogHandler             | Revocation data is missing for one or more POE(s). NextUpdate time : 2023-10-28T09:53:48Z [C-AA02B99F9C4B57291E3C1744E44647709293D0FE17BB4EED28C99E973C7E8473: No revocation data found after the best signature time [2023-04-28T09:57:58Z]! The nextUpdate available after : [2023-10-28T09:53:48Z]] 
2023-04-28 11:57:58,832  WARN | main | eu.europa.esig.dss.alert.handler.LogHandler             | Fresh revocation data is missing for one or more certificate(s). NextUpdate time : 2023-10-28T09:53:48Z [C-FCBFEBCB6B78113DFD4C6CCFCBC2B1482992DF4C48E9DE1B3B7F16F33332BFCB: No revocation data found after the best signature time [2023-04-28T09:57:58Z]! The nextUpdate available after : [2023-10-28T09:53:48Z]; C-96DB5CFA7ABACEB5C97C131CBBFB341DDD8E64FE68B587558AA8F082AB2670F2: No revocation data found after the best signature time [2023-04-28T09:57:58Z]!] 
2023-04-28 11:57:58,836  INFO | main | e.europa.esig.dss.validation.CommonCertificateVerifier  | + New CommonCertificateVerifier created. 
2023-04-28 11:57:58,969  INFO | main | eu.europa.esig.dss.service.tsp.OnlineTSPSource          | TSP Status: Operation Okay 
2023-04-28 11:57:58,969  INFO | main | eu.europa.esig.dss.service.tsp.OnlineTSPSource          | TSP SID : SN 500, Issuer CN=root-ca,O=Nowina Solutions,OU=PKI-TEST,C=LU 
2023-04-28 11:57:58,977  INFO | main | e.europa.esig.dss.validation.CommonCertificateVerifier  | + New CommonCertificateVerifier created. 
2023-04-28 11:57:58,986  INFO | main | eu.europa.esig.dss.validation.SignedDocumentValidator   | Document validation... 
2023-04-28 11:57:58,989  INFO | main | e.europa.esig.dss.validation.CommonCertificateVerifier  | + New CommonCertificateVerifier created. 
2023-04-28 11:57:58,995  INFO | main | e.europa.esig.dss.validation.CommonCertificateVerifier  | + New CommonCertificateVerifier created. 
2023-04-28 11:57:58,998  INFO | main | eu.europa.esig.dss.spi.x509.revocation.ocsp.OCSPToken   | OCSP status is good 
2023-04-28 11:57:59,000  INFO | main | eu.europa.esig.dss.spi.x509.revocation.ocsp.OCSPToken   | OCSP status is good 
2023-04-28 11:57:59,001  INFO | main | e.e.e.d.spi.x509.revocation.RepositoryRevocationSource  | Revocation token for certificate with Id 'C-96DB5CFA7ABACEB5C97C131CBBFB341DDD8E64FE68B587558AA8F082AB2670F2' has been loaded from the cache 
2023-04-28 11:57:59,002  WARN | main | eu.europa.esig.dss.service.ocsp.OnlineOCSPSource        | No OCSP location found for C-AA02B99F9C4B57291E3C1744E44647709293D0FE17BB4EED28C99E973C7E8473 
2023-04-28 11:57:59,003  INFO | main | e.e.e.d.spi.x509.revocation.RepositoryRevocationSource  | Revocation token for certificate with Id 'C-AA02B99F9C4B57291E3C1744E44647709293D0FE17BB4EED28C99E973C7E8473' has been loaded from the cache 
2023-04-28 11:57:59,004  WARN | main | eu.europa.esig.dss.service.ocsp.OnlineOCSPSource        | No OCSP location found for C-FCBFEBCB6B78113DFD4C6CCFCBC2B1482992DF4C48E9DE1B3B7F16F33332BFCB 
2023-04-28 11:57:59,006  INFO | main | e.e.e.d.spi.x509.revocation.RepositoryRevocationSource  | Revocation token for certificate with Id 'C-FCBFEBCB6B78113DFD4C6CCFCBC2B1482992DF4C48E9DE1B3B7F16F33332BFCB' has been loaded from the cache 
2023-04-28 11:57:59,006  INFO | main | eu.europa.esig.dss.validation.SignedDocumentValidator   | Default SignaturePolicyProvider instantiated with NativeHTTPDataLoader. 
2023-04-28 11:57:59,173  INFO | main | e.e.esig.dss.token.AbstractSignatureTokenConnection     | Signature algorithm : SHA256withRSA 
2023-04-28 11:57:59,174  INFO | main | e.e.esig.dss.cades.signature.CAdESSignatureExtension    | EXTEND CMS SIGNATURES. 
2023-04-28 11:57:59,177  INFO | main | e.europa.esig.dss.validation.CommonCertificateVerifier  | + New CommonCertificateVerifier created. 
2023-04-28 11:57:59,179  INFO | main | e.europa.esig.dss.validation.CommonCertificateVerifier  | + New CommonCertificateVerifier created. 
2023-04-28 11:57:59,182  INFO | main | e.europa.esig.dss.validation.CommonCertificateVerifier  | + New CommonCertificateVerifier created. 
2023-04-28 11:57:59,185  INFO | main | e.europa.esig.dss.validation.CommonCertificateVerifier  | + New CommonCertificateVerifier created. 
2023-04-28 11:57:59,320  INFO | main | eu.europa.esig.dss.service.tsp.OnlineTSPSource          | TSP Status: Operation Okay 
2023-04-28 11:57:59,320  INFO | main | eu.europa.esig.dss.service.tsp.OnlineTSPSource          | TSP SID : SN 500, Issuer CN=root-ca,O=Nowina Solutions,OU=PKI-TEST,C=LU 
2023-04-28 11:57:59,324  INFO | main | e.europa.esig.dss.validation.CommonCertificateVerifier  | + New CommonCertificateVerifier created. 
2023-04-28 11:57:59,327  INFO | main | eu.europa.esig.dss.validation.AIACertificateSource      | Retrieving C-96DB5CFA7ABACEB5C97C131CBBFB341DDD8E64FE68B587558AA8F082AB2670F2 certificate's issuer using AIA. 
2023-04-28 11:57:59,328  INFO | main | eu.europa.esig.dss.spi.x509.aia.RepositoryAIASource     | Certificate tokens with AIA '[http://dss.nowina.lu/pki-factory/crt/good-ca.crt]' have been loaded from the cache 
2023-04-28 11:57:59,329  INFO | main | eu.europa.esig.dss.spi.x509.revocation.ocsp.OCSPToken   | OCSP status is good 
2023-04-28 11:57:59,330  INFO | main | e.e.e.d.spi.x509.revocation.RepositoryRevocationSource  | Revocation token for certificate with Id 'C-96DB5CFA7ABACEB5C97C131CBBFB341DDD8E64FE68B587558AA8F082AB2670F2' has been loaded from the cache 
2023-04-28 11:57:59,330  WARN | main | eu.europa.esig.dss.service.ocsp.OnlineOCSPSource        | No OCSP location found for C-AA02B99F9C4B57291E3C1744E44647709293D0FE17BB4EED28C99E973C7E8473 
2023-04-28 11:57:59,331  INFO | main | e.e.e.d.spi.x509.revocation.RepositoryRevocationSource  | Revocation token for certificate with Id 'C-AA02B99F9C4B57291E3C1744E44647709293D0FE17BB4EED28C99E973C7E8473' has been loaded from the cache 
2023-04-28 11:57:59,332  WARN | main | eu.europa.esig.dss.service.ocsp.OnlineOCSPSource        | No OCSP location found for C-FCBFEBCB6B78113DFD4C6CCFCBC2B1482992DF4C48E9DE1B3B7F16F33332BFCB 
2023-04-28 11:57:59,332  INFO | main | e.e.e.d.spi.x509.revocation.RepositoryRevocationSource  | Revocation token for certificate with Id 'C-FCBFEBCB6B78113DFD4C6CCFCBC2B1482992DF4C48E9DE1B3B7F16F33332BFCB' has been loaded from the cache 
2023-04-28 11:57:59,333  WARN | main | eu.europa.esig.dss.alert.handler.LogHandler             | Revocation data is missing for one or more POE(s). NextUpdate time : 2023-10-28T09:53:48Z [C-AA02B99F9C4B57291E3C1744E44647709293D0FE17BB4EED28C99E973C7E8473: No revocation data found after the best signature time [2023-04-28T09:57:59Z]! The nextUpdate available after : [2023-10-28T09:53:48Z]] 
2023-04-28 11:57:59,333  WARN | main | eu.europa.esig.dss.alert.handler.LogHandler             | Fresh revocation data is missing for one or more certificate(s). NextUpdate time : 2023-10-28T09:53:48Z [C-FCBFEBCB6B78113DFD4C6CCFCBC2B1482992DF4C48E9DE1B3B7F16F33332BFCB: No revocation data found after the best signature time [2023-04-28T09:57:59Z]! The nextUpdate available after : [2023-10-28T09:53:48Z]; C-96DB5CFA7ABACEB5C97C131CBBFB341DDD8E64FE68B587558AA8F082AB2670F2: No revocation data found after the best signature time [2023-04-28T09:57:59Z]!] 
2023-04-28 11:57:59,339  INFO | main | e.europa.esig.dss.validation.CommonCertificateVerifier  | + New CommonCertificateVerifier created. 
2023-04-28 11:57:59,482  INFO | main | eu.europa.esig.dss.service.tsp.OnlineTSPSource          | TSP Status: Operation Okay 
2023-04-28 11:57:59,482  INFO | main | eu.europa.esig.dss.service.tsp.OnlineTSPSource          | TSP SID : SN 500, Issuer CN=root-ca,O=Nowina Solutions,OU=PKI-TEST,C=LU 
2023-04-28 11:57:59,490  INFO | main | e.europa.esig.dss.validation.CommonCertificateVerifier  | + New CommonCertificateVerifier created. 
2023-04-28 11:57:59,498  INFO | main | eu.europa.esig.dss.validation.SignedDocumentValidator   | Document validation... 
2023-04-28 11:57:59,501  INFO | main | e.europa.esig.dss.validation.CommonCertificateVerifier  | + New CommonCertificateVerifier created. 
2023-04-28 11:57:59,507  INFO | main | e.europa.esig.dss.validation.CommonCertificateVerifier  | + New CommonCertificateVerifier created. 
2023-04-28 11:57:59,510  INFO | main | eu.europa.esig.dss.spi.x509.revocation.ocsp.OCSPToken   | OCSP status is good 
2023-04-28 11:57:59,511  INFO | main | eu.europa.esig.dss.spi.x509.revocation.ocsp.OCSPToken   | OCSP status is good 
2023-04-28 11:57:59,511  INFO | main | e.e.e.d.spi.x509.revocation.RepositoryRevocationSource  | Revocation token for certificate with Id 'C-96DB5CFA7ABACEB5C97C131CBBFB341DDD8E64FE68B587558AA8F082AB2670F2' has been loaded from the cache 
2023-04-28 11:57:59,512  WARN | main | eu.europa.esig.dss.service.ocsp.OnlineOCSPSource        | No OCSP location found for C-AA02B99F9C4B57291E3C1744E44647709293D0FE17BB4EED28C99E973C7E8473 
2023-04-28 11:57:59,513  INFO | main | e.e.e.d.spi.x509.revocation.RepositoryRevocationSource  | Revocation token for certificate with Id 'C-AA02B99F9C4B57291E3C1744E44647709293D0FE17BB4EED28C99E973C7E8473' has been loaded from the cache 
2023-04-28 11:57:59,513  WARN | main | eu.europa.esig.dss.service.ocsp.OnlineOCSPSource        | No OCSP location found for C-FCBFEBCB6B78113DFD4C6CCFCBC2B1482992DF4C48E9DE1B3B7F16F33332BFCB 
2023-04-28 11:57:59,514  INFO | main | e.e.e.d.spi.x509.revocation.RepositoryRevocationSource  | Revocation token for certificate with Id 'C-FCBFEBCB6B78113DFD4C6CCFCBC2B1482992DF4C48E9DE1B3B7F16F33332BFCB' has been loaded from the cache 
2023-04-28 11:57:59,514  INFO | main | eu.europa.esig.dss.validation.SignedDocumentValidator   | Default SignaturePolicyProvider instantiated with NativeHTTPDataLoader. 
2023-04-28 11:57:59,688  INFO | main | e.e.esig.dss.token.AbstractSignatureTokenConnection     | Signature algorithm : SHA256withRSA 
2023-04-28 11:57:59,690  INFO | main | e.e.esig.dss.cades.signature.CAdESSignatureExtension    | EXTEND CMS SIGNATURES. 
2023-04-28 11:57:59,694  INFO | main | e.europa.esig.dss.validation.CommonCertificateVerifier  | + New CommonCertificateVerifier created. 
2023-04-28 11:57:59,698  INFO | main | e.europa.esig.dss.validation.CommonCertificateVerifier  | + New CommonCertificateVerifier created. 
2023-04-28 11:57:59,703  INFO | main | e.europa.esig.dss.validation.CommonCertificateVerifier  | + New CommonCertificateVerifier created. 
2023-04-28 11:57:59,706  INFO | main | e.europa.esig.dss.validation.CommonCertificateVerifier  | + New CommonCertificateVerifier created. 
2023-04-28 11:57:59,845  INFO | main | eu.europa.esig.dss.service.tsp.OnlineTSPSource          | TSP Status: Operation Okay 
2023-04-28 11:57:59,846  INFO | main | eu.europa.esig.dss.service.tsp.OnlineTSPSource          | TSP SID : SN 500, Issuer CN=root-ca,O=Nowina Solutions,OU=PKI-TEST,C=LU 
2023-04-28 11:57:59,850  INFO | main | e.europa.esig.dss.validation.CommonCertificateVerifier  | + New CommonCertificateVerifier created. 
2023-04-28 11:57:59,853  INFO | main | eu.europa.esig.dss.validation.AIACertificateSource      | Retrieving C-96DB5CFA7ABACEB5C97C131CBBFB341DDD8E64FE68B587558AA8F082AB2670F2 certificate's issuer using AIA. 
2023-04-28 11:57:59,854  INFO | main | eu.europa.esig.dss.spi.x509.aia.RepositoryAIASource     | Certificate tokens with AIA '[http://dss.nowina.lu/pki-factory/crt/good-ca.crt]' have been loaded from the cache 
2023-04-28 11:57:59,856  INFO | main | eu.europa.esig.dss.spi.x509.revocation.ocsp.OCSPToken   | OCSP status is good 
2023-04-28 11:57:59,856  INFO | main | e.e.e.d.spi.x509.revocation.RepositoryRevocationSource  | Revocation token for certificate with Id 'C-96DB5CFA7ABACEB5C97C131CBBFB341DDD8E64FE68B587558AA8F082AB2670F2' has been loaded from the cache 
2023-04-28 11:57:59,857  WARN | main | eu.europa.esig.dss.service.ocsp.OnlineOCSPSource        | No OCSP location found for C-AA02B99F9C4B57291E3C1744E44647709293D0FE17BB4EED28C99E973C7E8473 
2023-04-28 11:57:59,858  INFO | main | e.e.e.d.spi.x509.revocation.RepositoryRevocationSource  | Revocation token for certificate with Id 'C-AA02B99F9C4B57291E3C1744E44647709293D0FE17BB4EED28C99E973C7E8473' has been loaded from the cache 
2023-04-28 11:57:59,858  WARN | main | eu.europa.esig.dss.service.ocsp.OnlineOCSPSource        | No OCSP location found for C-FCBFEBCB6B78113DFD4C6CCFCBC2B1482992DF4C48E9DE1B3B7F16F33332BFCB 
2023-04-28 11:57:59,859  INFO | main | e.e.e.d.spi.x509.revocation.RepositoryRevocationSource  | Revocation token for certificate with Id 'C-FCBFEBCB6B78113DFD4C6CCFCBC2B1482992DF4C48E9DE1B3B7F16F33332BFCB' has been loaded from the cache 
2023-04-28 11:57:59,860  WARN | main | eu.europa.esig.dss.alert.handler.LogHandler             | Revocation data is missing for one or more POE(s). NextUpdate time : 2023-10-28T09:53:48Z [C-AA02B99F9C4B57291E3C1744E44647709293D0FE17BB4EED28C99E973C7E8473: No revocation data found after the best signature time [2023-04-28T09:57:59Z]! The nextUpdate available after : [2023-10-28T09:53:48Z]] 
2023-04-28 11:57:59,860  WARN | main | eu.europa.esig.dss.alert.handler.LogHandler             | Fresh revocation data is missing for one or more certificate(s). NextUpdate time : 2023-10-28T09:53:48Z [C-FCBFEBCB6B78113DFD4C6CCFCBC2B1482992DF4C48E9DE1B3B7F16F33332BFCB: No revocation data found after the best signature time [2023-04-28T09:57:59Z]! The nextUpdate available after : [2023-10-28T09:53:48Z]; C-96DB5CFA7ABACEB5C97C131CBBFB341DDD8E64FE68B587558AA8F082AB2670F2: No revocation data found after the best signature time [2023-04-28T09:57:59Z]!] 
2023-04-28 11:57:59,864  INFO | main | e.europa.esig.dss.validation.CommonCertificateVerifier  | + New CommonCertificateVerifier created. 
2023-04-28 11:58:00,004  INFO | main | eu.europa.esig.dss.service.tsp.OnlineTSPSource          | TSP Status: Operation Okay 
2023-04-28 11:58:00,004  INFO | main | eu.europa.esig.dss.service.tsp.OnlineTSPSource          | TSP SID : SN 500, Issuer CN=root-ca,O=Nowina Solutions,OU=PKI-TEST,C=LU 
2023-04-28 11:58:00,012  INFO | main | e.europa.esig.dss.validation.CommonCertificateVerifier  | + New CommonCertificateVerifier created. 
2023-04-28 11:58:00,023  INFO | main | eu.europa.esig.dss.validation.SignedDocumentValidator   | Document validation... 
2023-04-28 11:58:00,026  INFO | main | e.europa.esig.dss.validation.CommonCertificateVerifier  | + New CommonCertificateVerifier created. 
2023-04-28 11:58:00,033  INFO | main | e.europa.esig.dss.validation.CommonCertificateVerifier  | + New CommonCertificateVerifier created. 
2023-04-28 11:58:00,037  INFO | main | eu.europa.esig.dss.spi.x509.revocation.ocsp.OCSPToken   | OCSP status is good 
2023-04-28 11:58:00,040  INFO | main | eu.europa.esig.dss.spi.x509.revocation.ocsp.OCSPToken   | OCSP status is good 
2023-04-28 11:58:00,040  INFO | main | e.e.e.d.spi.x509.revocation.RepositoryRevocationSource  | Revocation token for certificate with Id 'C-96DB5CFA7ABACEB5C97C131CBBFB341DDD8E64FE68B587558AA8F082AB2670F2' has been loaded from the cache 
2023-04-28 11:58:00,042  WARN | main | eu.europa.esig.dss.service.ocsp.OnlineOCSPSource        | No OCSP location found for C-AA02B99F9C4B57291E3C1744E44647709293D0FE17BB4EED28C99E973C7E8473 
2023-04-28 11:58:00,043  INFO | main | e.e.e.d.spi.x509.revocation.RepositoryRevocationSource  | Revocation token for certificate with Id 'C-AA02B99F9C4B57291E3C1744E44647709293D0FE17BB4EED28C99E973C7E8473' has been loaded from the cache 
2023-04-28 11:58:00,043  WARN | main | eu.europa.esig.dss.service.ocsp.OnlineOCSPSource        | No OCSP location found for C-FCBFEBCB6B78113DFD4C6CCFCBC2B1482992DF4C48E9DE1B3B7F16F33332BFCB 
2023-04-28 11:58:00,044  INFO | main | e.e.e.d.spi.x509.revocation.RepositoryRevocationSource  | Revocation token for certificate with Id 'C-FCBFEBCB6B78113DFD4C6CCFCBC2B1482992DF4C48E9DE1B3B7F16F33332BFCB' has been loaded from the cache 
2023-04-28 11:58:00,045  INFO | main | eu.europa.esig.dss.validation.SignedDocumentValidator   | Default SignaturePolicyProvider instantiated with NativeHTTPDataLoader. 
2023-04-28 11:58:00,249  INFO | main | e.e.esig.dss.token.AbstractSignatureTokenConnection     | Signature algorithm : SHA256withRSA 
2023-04-28 11:58:00,251  INFO | main | e.e.esig.dss.cades.signature.CAdESSignatureExtension    | EXTEND CMS SIGNATURES. 
2023-04-28 11:58:00,254  INFO | main | e.europa.esig.dss.validation.CommonCertificateVerifier  | + New CommonCertificateVerifier created. 
2023-04-28 11:58:00,257  INFO | main | e.europa.esig.dss.validation.CommonCertificateVerifier  | + New CommonCertificateVerifier created. 
2023-04-28 11:58:00,260  INFO | main | e.europa.esig.dss.validation.CommonCertificateVerifier  | + New CommonCertificateVerifier created. 
2023-04-28 11:58:00,263  INFO | main | e.europa.esig.dss.validation.CommonCertificateVerifier  | + New CommonCertificateVerifier created. 
2023-04-28 11:58:00,405  INFO | main | eu.europa.esig.dss.service.tsp.OnlineTSPSource          | TSP Status: Operation Okay 
2023-04-28 11:58:00,405  INFO | main | eu.europa.esig.dss.service.tsp.OnlineTSPSource          | TSP SID : SN 500, Issuer CN=root-ca,O=Nowina Solutions,OU=PKI-TEST,C=LU 
2023-04-28 11:58:00,413  INFO | main | e.europa.esig.dss.validation.CommonCertificateVerifier  | + New CommonCertificateVerifier created. 
2023-04-28 11:58:00,417  INFO | main | eu.europa.esig.dss.validation.AIACertificateSource      | Retrieving C-96DB5CFA7ABACEB5C97C131CBBFB341DDD8E64FE68B587558AA8F082AB2670F2 certificate's issuer using AIA. 
2023-04-28 11:58:00,418  INFO | main | eu.europa.esig.dss.spi.x509.aia.RepositoryAIASource     | Certificate tokens with AIA '[http://dss.nowina.lu/pki-factory/crt/good-ca.crt]' have been loaded from the cache 
2023-04-28 11:58:00,425  INFO | main | eu.europa.esig.dss.spi.x509.revocation.ocsp.OCSPToken   | OCSP status is good 
2023-04-28 11:58:00,426  INFO | main | e.e.e.d.spi.x509.revocation.RepositoryRevocationSource  | Revocation token for certificate with Id 'C-96DB5CFA7ABACEB5C97C131CBBFB341DDD8E64FE68B587558AA8F082AB2670F2' has been loaded from the cache 
2023-04-28 11:58:00,426  WARN | main | eu.europa.esig.dss.service.ocsp.OnlineOCSPSource        | No OCSP location found for C-AA02B99F9C4B57291E3C1744E44647709293D0FE17BB4EED28C99E973C7E8473 
2023-04-28 11:58:00,428  INFO | main | e.e.e.d.spi.x509.revocation.RepositoryRevocationSource  | Revocation token for certificate with Id 'C-AA02B99F9C4B57291E3C1744E44647709293D0FE17BB4EED28C99E973C7E8473' has been loaded from the cache 
2023-04-28 11:58:00,429  WARN | main | eu.europa.esig.dss.service.ocsp.OnlineOCSPSource        | No OCSP location found for C-FCBFEBCB6B78113DFD4C6CCFCBC2B1482992DF4C48E9DE1B3B7F16F33332BFCB 
2023-04-28 11:58:00,430  INFO | main | e.e.e.d.spi.x509.revocation.RepositoryRevocationSource  | Revocation token for certificate with Id 'C-FCBFEBCB6B78113DFD4C6CCFCBC2B1482992DF4C48E9DE1B3B7F16F33332BFCB' has been loaded from the cache 
2023-04-28 11:58:00,431  WARN | main | eu.europa.esig.dss.alert.handler.LogHandler             | Revocation data is missing for one or more POE(s). NextUpdate time : 2023-10-28T09:53:48Z [C-AA02B99F9C4B57291E3C1744E44647709293D0FE17BB4EED28C99E973C7E8473: No revocation data found after the best signature time [2023-04-28T09:58:00Z]! The nextUpdate available after : [2023-10-28T09:53:48Z]] 
2023-04-28 11:58:00,431  WARN | main | eu.europa.esig.dss.alert.handler.LogHandler             | Fresh revocation data is missing for one or more certificate(s). NextUpdate time : 2023-10-28T09:53:48Z [C-FCBFEBCB6B78113DFD4C6CCFCBC2B1482992DF4C48E9DE1B3B7F16F33332BFCB: No revocation data found after the best signature time [2023-04-28T09:58:00Z]! The nextUpdate available after : [2023-10-28T09:53:48Z]; C-96DB5CFA7ABACEB5C97C131CBBFB341DDD8E64FE68B587558AA8F082AB2670F2: No revocation data found after the best signature time [2023-04-28T09:58:00Z]!] 
2023-04-28 11:58:00,437  INFO | main | e.europa.esig.dss.validation.CommonCertificateVerifier  | + New CommonCertificateVerifier created. 
2023-04-28 11:58:00,621  INFO | main | eu.europa.esig.dss.service.tsp.OnlineTSPSource          | TSP Status: Operation Okay 
2023-04-28 11:58:00,621  INFO | main | eu.europa.esig.dss.service.tsp.OnlineTSPSource          | TSP SID : SN 500, Issuer CN=root-ca,O=Nowina Solutions,OU=PKI-TEST,C=LU 
2023-04-28 11:58:00,630  INFO | main | e.europa.esig.dss.validation.CommonCertificateVerifier  | + New CommonCertificateVerifier created. 
2023-04-28 11:58:00,642  INFO | main | eu.europa.esig.dss.validation.SignedDocumentValidator   | Document validation... 
2023-04-28 11:58:00,647  INFO | main | e.europa.esig.dss.validation.CommonCertificateVerifier  | + New CommonCertificateVerifier created. 
2023-04-28 11:58:00,656  INFO | main | e.europa.esig.dss.validation.CommonCertificateVerifier  | + New CommonCertificateVerifier created. 
2023-04-28 11:58:00,660  INFO | main | eu.europa.esig.dss.spi.x509.revocation.ocsp.OCSPToken   | OCSP status is good 
2023-04-28 11:58:00,661  INFO | main | eu.europa.esig.dss.spi.x509.revocation.ocsp.OCSPToken   | OCSP status is good 
2023-04-28 11:58:00,662  INFO | main | e.e.e.d.spi.x509.revocation.RepositoryRevocationSource  | Revocation token for certificate with Id 'C-96DB5CFA7ABACEB5C97C131CBBFB341DDD8E64FE68B587558AA8F082AB2670F2' has been loaded from the cache 
2023-04-28 11:58:00,662  WARN | main | eu.europa.esig.dss.service.ocsp.OnlineOCSPSource        | No OCSP location found for C-AA02B99F9C4B57291E3C1744E44647709293D0FE17BB4EED28C99E973C7E8473 
2023-04-28 11:58:00,663  INFO | main | e.e.e.d.spi.x509.revocation.RepositoryRevocationSource  | Revocation token for certificate with Id 'C-AA02B99F9C4B57291E3C1744E44647709293D0FE17BB4EED28C99E973C7E8473' has been loaded from the cache 
2023-04-28 11:58:00,663  WARN | main | eu.europa.esig.dss.service.ocsp.OnlineOCSPSource        | No OCSP location found for C-FCBFEBCB6B78113DFD4C6CCFCBC2B1482992DF4C48E9DE1B3B7F16F33332BFCB 
2023-04-28 11:58:00,664  INFO | main | e.e.e.d.spi.x509.revocation.RepositoryRevocationSource  | Revocation token for certificate with Id 'C-FCBFEBCB6B78113DFD4C6CCFCBC2B1482992DF4C48E9DE1B3B7F16F33332BFCB' has been loaded from the cache 
2023-04-28 11:58:00,665  INFO | main | eu.europa.esig.dss.validation.SignedDocumentValidator   | Default SignaturePolicyProvider instantiated with NativeHTTPDataLoader. 
2023-04-28 11:58:00,917  INFO | main | e.e.esig.dss.token.AbstractSignatureTokenConnection     | Signature algorithm : SHA256withRSA 
2023-04-28 11:58:00,920  INFO | main | e.e.esig.dss.cades.signature.CAdESSignatureExtension    | EXTEND CMS SIGNATURES. 
2023-04-28 11:58:00,924  INFO | main | e.europa.esig.dss.validation.CommonCertificateVerifier  | + New CommonCertificateVerifier created. 
2023-04-28 11:58:00,929  INFO | main | e.europa.esig.dss.validation.CommonCertificateVerifier  | + New CommonCertificateVerifier created. 
2023-04-28 11:58:00,934  INFO | main | e.europa.esig.dss.validation.CommonCertificateVerifier  | + New CommonCertificateVerifier created. 
2023-04-28 11:58:00,941  INFO | main | e.europa.esig.dss.validation.CommonCertificateVerifier  | + New CommonCertificateVerifier created. 
2023-04-28 11:58:01,069  INFO | main | eu.europa.esig.dss.service.tsp.OnlineTSPSource          | TSP Status: Operation Okay 
2023-04-28 11:58:01,069  INFO | main | eu.europa.esig.dss.service.tsp.OnlineTSPSource          | TSP SID : SN 500, Issuer CN=root-ca,O=Nowina Solutions,OU=PKI-TEST,C=LU 
2023-04-28 11:58:01,074  INFO | main | e.europa.esig.dss.validation.CommonCertificateVerifier  | + New CommonCertificateVerifier created. 
2023-04-28 11:58:01,079  INFO | main | eu.europa.esig.dss.validation.AIACertificateSource      | Retrieving C-96DB5CFA7ABACEB5C97C131CBBFB341DDD8E64FE68B587558AA8F082AB2670F2 certificate's issuer using AIA. 
2023-04-28 11:58:01,080  INFO | main | eu.europa.esig.dss.spi.x509.aia.RepositoryAIASource     | Certificate tokens with AIA '[http://dss.nowina.lu/pki-factory/crt/good-ca.crt]' have been loaded from the cache 
2023-04-28 11:58:01,082  INFO | main | eu.europa.esig.dss.spi.x509.revocation.ocsp.OCSPToken   | OCSP status is good 
2023-04-28 11:58:01,083  INFO | main | e.e.e.d.spi.x509.revocation.RepositoryRevocationSource  | Revocation token for certificate with Id 'C-96DB5CFA7ABACEB5C97C131CBBFB341DDD8E64FE68B587558AA8F082AB2670F2' has been loaded from the cache 
2023-04-28 11:58:01,083  WARN | main | eu.europa.esig.dss.service.ocsp.OnlineOCSPSource        | No OCSP location found for C-AA02B99F9C4B57291E3C1744E44647709293D0FE17BB4EED28C99E973C7E8473 
2023-04-28 11:58:01,085  INFO | main | e.e.e.d.spi.x509.revocation.RepositoryRevocationSource  | Revocation token for certificate with Id 'C-AA02B99F9C4B57291E3C1744E44647709293D0FE17BB4EED28C99E973C7E8473' has been loaded from the cache 
2023-04-28 11:58:01,087  WARN | main | eu.europa.esig.dss.service.ocsp.OnlineOCSPSource        | No OCSP location found for C-FCBFEBCB6B78113DFD4C6CCFCBC2B1482992DF4C48E9DE1B3B7F16F33332BFCB 
2023-04-28 11:58:01,089  INFO | main | e.e.e.d.spi.x509.revocation.RepositoryRevocationSource  | Revocation token for certificate with Id 'C-FCBFEBCB6B78113DFD4C6CCFCBC2B1482992DF4C48E9DE1B3B7F16F33332BFCB' has been loaded from the cache 
2023-04-28 11:58:01,090  WARN | main | eu.europa.esig.dss.alert.handler.LogHandler             | Revocation data is missing for one or more POE(s). NextUpdate time : 2023-10-28T09:53:48Z [C-AA02B99F9C4B57291E3C1744E44647709293D0FE17BB4EED28C99E973C7E8473: No revocation data found after the best signature time [2023-04-28T09:58:01Z]! The nextUpdate available after : [2023-10-28T09:53:48Z]] 
2023-04-28 11:58:01,090  WARN | main | eu.europa.esig.dss.alert.handler.LogHandler             | Fresh revocation data is missing for one or more certificate(s). NextUpdate time : 2023-10-28T09:53:48Z [C-FCBFEBCB6B78113DFD4C6CCFCBC2B1482992DF4C48E9DE1B3B7F16F33332BFCB: No revocation data found after the best signature time [2023-04-28T09:58:01Z]! The nextUpdate available after : [2023-10-28T09:53:48Z]; C-96DB5CFA7ABACEB5C97C131CBBFB341DDD8E64FE68B587558AA8F082AB2670F2: No revocation data found after the best signature time [2023-04-28T09:58:01Z]!] 
2023-04-28 11:58:01,095  INFO | main | e.europa.esig.dss.validation.CommonCertificateVerifier  | + New CommonCertificateVerifier created. 
2023-04-28 11:58:01,232  INFO | main | eu.europa.esig.dss.service.tsp.OnlineTSPSource          | TSP Status: Operation Okay 
2023-04-28 11:58:01,232  INFO | main | eu.europa.esig.dss.service.tsp.OnlineTSPSource          | TSP SID : SN 500, Issuer CN=root-ca,O=Nowina Solutions,OU=PKI-TEST,C=LU 
2023-04-28 11:58:01,244  INFO | main | e.europa.esig.dss.validation.CommonCertificateVerifier  | + New CommonCertificateVerifier created. 
2023-04-28 11:58:01,255  INFO | main | eu.europa.esig.dss.validation.SignedDocumentValidator   | Document validation... 
2023-04-28 11:58:01,262  INFO | main | e.europa.esig.dss.validation.CommonCertificateVerifier  | + New CommonCertificateVerifier created. 
2023-04-28 11:58:01,274  INFO | main | e.europa.esig.dss.validation.CommonCertificateVerifier  | + New CommonCertificateVerifier created. 
2023-04-28 11:58:01,286  INFO | main | eu.europa.esig.dss.spi.x509.revocation.ocsp.OCSPToken   | OCSP status is good 
2023-04-28 11:58:01,289  INFO | main | eu.europa.esig.dss.spi.x509.revocation.ocsp.OCSPToken   | OCSP status is good 
2023-04-28 11:58:01,290  INFO | main | e.e.e.d.spi.x509.revocation.RepositoryRevocationSource  | Revocation token for certificate with Id 'C-96DB5CFA7ABACEB5C97C131CBBFB341DDD8E64FE68B587558AA8F082AB2670F2' has been loaded from the cache 
2023-04-28 11:58:01,291  WARN | main | eu.europa.esig.dss.service.ocsp.OnlineOCSPSource        | No OCSP location found for C-AA02B99F9C4B57291E3C1744E44647709293D0FE17BB4EED28C99E973C7E8473 
2023-04-28 11:58:01,292  INFO | main | e.e.e.d.spi.x509.revocation.RepositoryRevocationSource  | Revocation token for certificate with Id 'C-AA02B99F9C4B57291E3C1744E44647709293D0FE17BB4EED28C99E973C7E8473' has been loaded from the cache 
2023-04-28 11:58:01,293  WARN | main | eu.europa.esig.dss.service.ocsp.OnlineOCSPSource        | No OCSP location found for C-FCBFEBCB6B78113DFD4C6CCFCBC2B1482992DF4C48E9DE1B3B7F16F33332BFCB 
2023-04-28 11:58:01,295  INFO | main | e.e.e.d.spi.x509.revocation.RepositoryRevocationSource  | Revocation token for certificate with Id 'C-FCBFEBCB6B78113DFD4C6CCFCBC2B1482992DF4C48E9DE1B3B7F16F33332BFCB' has been loaded from the cache 
2023-04-28 11:58:01,296  INFO | main | eu.europa.esig.dss.validation.SignedDocumentValidator   | Default SignaturePolicyProvider instantiated with NativeHTTPDataLoader. 
2023-04-28 11:58:01,549  INFO | main | e.e.esig.dss.token.AbstractSignatureTokenConnection     | Signature algorithm : SHA256withRSA 
2023-04-28 11:58:01,552  INFO | main | e.e.esig.dss.cades.signature.CAdESSignatureExtension    | EXTEND CMS SIGNATURES. 
2023-04-28 11:58:01,556  INFO | main | e.europa.esig.dss.validation.CommonCertificateVerifier  | + New CommonCertificateVerifier created. 
2023-04-28 11:58:01,559  INFO | main | e.europa.esig.dss.validation.CommonCertificateVerifier  | + New CommonCertificateVerifier created. 
2023-04-28 11:58:01,563  INFO | main | e.europa.esig.dss.validation.CommonCertificateVerifier  | + New CommonCertificateVerifier created. 
2023-04-28 11:58:01,567  INFO | main | e.europa.esig.dss.validation.CommonCertificateVerifier  | + New CommonCertificateVerifier created. 
2023-04-28 11:58:01,704  INFO | main | eu.europa.esig.dss.service.tsp.OnlineTSPSource          | TSP Status: Operation Okay 
2023-04-28 11:58:01,704  INFO | main | eu.europa.esig.dss.service.tsp.OnlineTSPSource          | TSP SID : SN 500, Issuer CN=root-ca,O=Nowina Solutions,OU=PKI-TEST,C=LU 
2023-04-28 11:58:01,707  INFO | main | e.europa.esig.dss.validation.CommonCertificateVerifier  | + New CommonCertificateVerifier created. 
2023-04-28 11:58:01,712  INFO | main | eu.europa.esig.dss.validation.AIACertificateSource      | Retrieving C-96DB5CFA7ABACEB5C97C131CBBFB341DDD8E64FE68B587558AA8F082AB2670F2 certificate's issuer using AIA. 
2023-04-28 11:58:01,713  INFO | main | eu.europa.esig.dss.spi.x509.aia.RepositoryAIASource     | Certificate tokens with AIA '[http://dss.nowina.lu/pki-factory/crt/good-ca.crt]' have been loaded from the cache 
2023-04-28 11:58:01,718  INFO | main | eu.europa.esig.dss.spi.x509.revocation.ocsp.OCSPToken   | OCSP status is good 
2023-04-28 11:58:01,718  INFO | main | e.e.e.d.spi.x509.revocation.RepositoryRevocationSource  | Revocation token for certificate with Id 'C-96DB5CFA7ABACEB5C97C131CBBFB341DDD8E64FE68B587558AA8F082AB2670F2' has been loaded from the cache 
2023-04-28 11:58:01,718  WARN | main | eu.europa.esig.dss.service.ocsp.OnlineOCSPSource        | No OCSP location found for C-AA02B99F9C4B57291E3C1744E44647709293D0FE17BB4EED28C99E973C7E8473 
2023-04-28 11:58:01,720  INFO | main | e.e.e.d.spi.x509.revocation.RepositoryRevocationSource  | Revocation token for certificate with Id 'C-AA02B99F9C4B57291E3C1744E44647709293D0FE17BB4EED28C99E973C7E8473' has been loaded from the cache 
2023-04-28 11:58:01,720  WARN | main | eu.europa.esig.dss.service.ocsp.OnlineOCSPSource        | No OCSP location found for C-FCBFEBCB6B78113DFD4C6CCFCBC2B1482992DF4C48E9DE1B3B7F16F33332BFCB 
2023-04-28 11:58:01,722  INFO | main | e.e.e.d.spi.x509.revocation.RepositoryRevocationSource  | Revocation token for certificate with Id 'C-FCBFEBCB6B78113DFD4C6CCFCBC2B1482992DF4C48E9DE1B3B7F16F33332BFCB' has been loaded from the cache 
2023-04-28 11:58:01,723  WARN | main | eu.europa.esig.dss.alert.handler.LogHandler             | Revocation data is missing for one or more POE(s). NextUpdate time : 2023-10-28T09:53:48Z [C-AA02B99F9C4B57291E3C1744E44647709293D0FE17BB4EED28C99E973C7E8473: No revocation data found after the best signature time [2023-04-28T09:58:01Z]! The nextUpdate available after : [2023-10-28T09:53:48Z]] 
2023-04-28 11:58:01,723  WARN | main | eu.europa.esig.dss.alert.handler.LogHandler             | Fresh revocation data is missing for one or more certificate(s). NextUpdate time : 2023-10-28T09:53:48Z [C-FCBFEBCB6B78113DFD4C6CCFCBC2B1482992DF4C48E9DE1B3B7F16F33332BFCB: No revocation data found after the best signature time [2023-04-28T09:58:01Z]! The nextUpdate available after : [2023-10-28T09:53:48Z]; C-96DB5CFA7ABACEB5C97C131CBBFB341DDD8E64FE68B587558AA8F082AB2670F2: No revocation data found after the best signature time [2023-04-28T09:58:01Z]!] 
2023-04-28 11:58:01,729  INFO | main | e.europa.esig.dss.validation.CommonCertificateVerifier  | + New CommonCertificateVerifier created. 
2023-04-28 11:58:01,870  INFO | main | eu.europa.esig.dss.service.tsp.OnlineTSPSource          | TSP Status: Operation Okay 
2023-04-28 11:58:01,870  INFO | main | eu.europa.esig.dss.service.tsp.OnlineTSPSource          | TSP SID : SN 500, Issuer CN=root-ca,O=Nowina Solutions,OU=PKI-TEST,C=LU 
2023-04-28 11:58:01,879  INFO | main | e.europa.esig.dss.validation.CommonCertificateVerifier  | + New CommonCertificateVerifier created. 
2023-04-28 11:58:01,889  INFO | main | eu.europa.esig.dss.validation.SignedDocumentValidator   | Document validation... 
2023-04-28 11:58:01,891  INFO | main | e.europa.esig.dss.validation.CommonCertificateVerifier  | + New CommonCertificateVerifier created. 
2023-04-28 11:58:01,898  INFO | main | e.europa.esig.dss.validation.CommonCertificateVerifier  | + New CommonCertificateVerifier created. 
2023-04-28 11:58:01,901  INFO | main | eu.europa.esig.dss.spi.x509.revocation.ocsp.OCSPToken   | OCSP status is good 
2023-04-28 11:58:01,905  INFO | main | eu.europa.esig.dss.spi.x509.revocation.ocsp.OCSPToken   | OCSP status is good 
2023-04-28 11:58:01,906  INFO | main | e.e.e.d.spi.x509.revocation.RepositoryRevocationSource  | Revocation token for certificate with Id 'C-96DB5CFA7ABACEB5C97C131CBBFB341DDD8E64FE68B587558AA8F082AB2670F2' has been loaded from the cache 
2023-04-28 11:58:01,906  WARN | main | eu.europa.esig.dss.service.ocsp.OnlineOCSPSource        | No OCSP location found for C-AA02B99F9C4B57291E3C1744E44647709293D0FE17BB4EED28C99E973C7E8473 
2023-04-28 11:58:01,908  INFO | main | e.e.e.d.spi.x509.revocation.RepositoryRevocationSource  | Revocation token for certificate with Id 'C-AA02B99F9C4B57291E3C1744E44647709293D0FE17BB4EED28C99E973C7E8473' has been loaded from the cache 
2023-04-28 11:58:01,909  WARN | main | eu.europa.esig.dss.service.ocsp.OnlineOCSPSource        | No OCSP location found for C-FCBFEBCB6B78113DFD4C6CCFCBC2B1482992DF4C48E9DE1B3B7F16F33332BFCB 
2023-04-28 11:58:01,910  INFO | main | e.e.e.d.spi.x509.revocation.RepositoryRevocationSource  | Revocation token for certificate with Id 'C-FCBFEBCB6B78113DFD4C6CCFCBC2B1482992DF4C48E9DE1B3B7F16F33332BFCB' has been loaded from the cache 
2023-04-28 11:58:01,910  INFO | main | eu.europa.esig.dss.validation.SignedDocumentValidator   | Default SignaturePolicyProvider instantiated with NativeHTTPDataLoader. 
2023-04-28 11:58:02,218  INFO | main | e.e.esig.dss.token.AbstractSignatureTokenConnection     | Signature algorithm : SHA256withRSA 
2023-04-28 11:58:02,222  INFO | main | e.e.esig.dss.cades.signature.CAdESSignatureExtension    | EXTEND CMS SIGNATURES. 
2023-04-28 11:58:02,225  INFO | main | e.europa.esig.dss.validation.CommonCertificateVerifier  | + New CommonCertificateVerifier created. 
2023-04-28 11:58:02,230  INFO | main | e.europa.esig.dss.validation.CommonCertificateVerifier  | + New CommonCertificateVerifier created. 
2023-04-28 11:58:02,234  INFO | main | e.europa.esig.dss.validation.CommonCertificateVerifier  | + New CommonCertificateVerifier created. 
2023-04-28 11:58:02,238  INFO | main | e.europa.esig.dss.validation.CommonCertificateVerifier  | + New CommonCertificateVerifier created. 
2023-04-28 11:58:02,374  INFO | main | eu.europa.esig.dss.service.tsp.OnlineTSPSource          | TSP Status: Operation Okay 
2023-04-28 11:58:02,374  INFO | main | eu.europa.esig.dss.service.tsp.OnlineTSPSource          | TSP SID : SN 500, Issuer CN=root-ca,O=Nowina Solutions,OU=PKI-TEST,C=LU 
2023-04-28 11:58:02,379  INFO | main | e.europa.esig.dss.validation.CommonCertificateVerifier  | + New CommonCertificateVerifier created. 
2023-04-28 11:58:02,383  INFO | main | eu.europa.esig.dss.validation.AIACertificateSource      | Retrieving C-96DB5CFA7ABACEB5C97C131CBBFB341DDD8E64FE68B587558AA8F082AB2670F2 certificate's issuer using AIA. 
2023-04-28 11:58:02,384  INFO | main | eu.europa.esig.dss.spi.x509.aia.RepositoryAIASource     | Certificate tokens with AIA '[http://dss.nowina.lu/pki-factory/crt/good-ca.crt]' have been loaded from the cache 
2023-04-28 11:58:02,386  INFO | main | eu.europa.esig.dss.spi.x509.revocation.ocsp.OCSPToken   | OCSP status is good 
2023-04-28 11:58:02,387  INFO | main | e.e.e.d.spi.x509.revocation.RepositoryRevocationSource  | Revocation token for certificate with Id 'C-96DB5CFA7ABACEB5C97C131CBBFB341DDD8E64FE68B587558AA8F082AB2670F2' has been loaded from the cache 
2023-04-28 11:58:02,388  WARN | main | eu.europa.esig.dss.service.ocsp.OnlineOCSPSource        | No OCSP location found for C-AA02B99F9C4B57291E3C1744E44647709293D0FE17BB4EED28C99E973C7E8473 
2023-04-28 11:58:02,389  INFO | main | e.e.e.d.spi.x509.revocation.RepositoryRevocationSource  | Revocation token for certificate with Id 'C-AA02B99F9C4B57291E3C1744E44647709293D0FE17BB4EED28C99E973C7E8473' has been loaded from the cache 
2023-04-28 11:58:02,389  WARN | main | eu.europa.esig.dss.service.ocsp.OnlineOCSPSource        | No OCSP location found for C-FCBFEBCB6B78113DFD4C6CCFCBC2B1482992DF4C48E9DE1B3B7F16F33332BFCB 
2023-04-28 11:58:02,390  INFO | main | e.e.e.d.spi.x509.revocation.RepositoryRevocationSource  | Revocation token for certificate with Id 'C-FCBFEBCB6B78113DFD4C6CCFCBC2B1482992DF4C48E9DE1B3B7F16F33332BFCB' has been loaded from the cache 
2023-04-28 11:58:02,391  WARN | main | eu.europa.esig.dss.alert.handler.LogHandler             | Revocation data is missing for one or more POE(s). NextUpdate time : 2023-10-28T09:53:48Z [C-AA02B99F9C4B57291E3C1744E44647709293D0FE17BB4EED28C99E973C7E8473: No revocation data found after the best signature time [2023-04-28T09:58:02Z]! The nextUpdate available after : [2023-10-28T09:53:48Z]] 
2023-04-28 11:58:02,391  WARN | main | eu.europa.esig.dss.alert.handler.LogHandler             | Fresh revocation data is missing for one or more certificate(s). NextUpdate time : 2023-10-28T09:53:48Z [C-FCBFEBCB6B78113DFD4C6CCFCBC2B1482992DF4C48E9DE1B3B7F16F33332BFCB: No revocation data found after the best signature time [2023-04-28T09:58:02Z]! The nextUpdate available after : [2023-10-28T09:53:48Z]; C-96DB5CFA7ABACEB5C97C131CBBFB341DDD8E64FE68B587558AA8F082AB2670F2: No revocation data found after the best signature time [2023-04-28T09:58:02Z]!] 
2023-04-28 11:58:02,397  INFO | main | e.europa.esig.dss.validation.CommonCertificateVerifier  | + New CommonCertificateVerifier created. 
2023-04-28 11:58:02,544  INFO | main | eu.europa.esig.dss.service.tsp.OnlineTSPSource          | TSP Status: Operation Okay 
2023-04-28 11:58:02,544  INFO | main | eu.europa.esig.dss.service.tsp.OnlineTSPSource          | TSP SID : SN 500, Issuer CN=root-ca,O=Nowina Solutions,OU=PKI-TEST,C=LU 
2023-04-28 11:58:02,552  INFO | main | e.europa.esig.dss.validation.CommonCertificateVerifier  | + New CommonCertificateVerifier created. 
2023-04-28 11:58:02,561  INFO | main | eu.europa.esig.dss.validation.SignedDocumentValidator   | Document validation... 
2023-04-28 11:58:02,565  INFO | main | e.europa.esig.dss.validation.CommonCertificateVerifier  | + New CommonCertificateVerifier created. 
2023-04-28 11:58:02,573  INFO | main | e.europa.esig.dss.validation.CommonCertificateVerifier  | + New CommonCertificateVerifier created. 
2023-04-28 11:58:02,579  INFO | main | eu.europa.esig.dss.spi.x509.revocation.ocsp.OCSPToken   | OCSP status is good 
2023-04-28 11:58:02,580  INFO | main | eu.europa.esig.dss.spi.x509.revocation.ocsp.OCSPToken   | OCSP status is good 
2023-04-28 11:58:02,581  INFO | main | e.e.e.d.spi.x509.revocation.RepositoryRevocationSource  | Revocation token for certificate with Id 'C-96DB5CFA7ABACEB5C97C131CBBFB341DDD8E64FE68B587558AA8F082AB2670F2' has been loaded from the cache 
2023-04-28 11:58:02,582  WARN | main | eu.europa.esig.dss.service.ocsp.OnlineOCSPSource        | No OCSP location found for C-AA02B99F9C4B57291E3C1744E44647709293D0FE17BB4EED28C99E973C7E8473 
2023-04-28 11:58:02,584  INFO | main | e.e.e.d.spi.x509.revocation.RepositoryRevocationSource  | Revocation token for certificate with Id 'C-AA02B99F9C4B57291E3C1744E44647709293D0FE17BB4EED28C99E973C7E8473' has been loaded from the cache 
2023-04-28 11:58:02,584  WARN | main | eu.europa.esig.dss.service.ocsp.OnlineOCSPSource        | No OCSP location found for C-FCBFEBCB6B78113DFD4C6CCFCBC2B1482992DF4C48E9DE1B3B7F16F33332BFCB 
2023-04-28 11:58:02,585  INFO | main | e.e.e.d.spi.x509.revocation.RepositoryRevocationSource  | Revocation token for certificate with Id 'C-FCBFEBCB6B78113DFD4C6CCFCBC2B1482992DF4C48E9DE1B3B7F16F33332BFCB' has been loaded from the cache 
2023-04-28 11:58:02,586  INFO | main | eu.europa.esig.dss.validation.SignedDocumentValidator   | Default SignaturePolicyProvider instantiated with NativeHTTPDataLoader. 
2023-04-28 11:58:02,863  INFO | main | e.e.esig.dss.token.AbstractSignatureTokenConnection     | Signature algorithm : SHA256withRSA 
2023-04-28 11:58:02,865  INFO | main | e.e.esig.dss.cades.signature.CAdESSignatureExtension    | EXTEND CMS SIGNATURES. 
2023-04-28 11:58:02,869  INFO | main | e.europa.esig.dss.validation.CommonCertificateVerifier  | + New CommonCertificateVerifier created. 
2023-04-28 11:58:02,873  INFO | main | e.europa.esig.dss.validation.CommonCertificateVerifier  | + New CommonCertificateVerifier created. 
2023-04-28 11:58:02,878  INFO | main | e.europa.esig.dss.validation.CommonCertificateVerifier  | + New CommonCertificateVerifier created. 
2023-04-28 11:58:02,882  INFO | main | e.europa.esig.dss.validation.CommonCertificateVerifier  | + New CommonCertificateVerifier created. 
2023-04-28 11:58:03,018  INFO | main | eu.europa.esig.dss.service.tsp.OnlineTSPSource          | TSP Status: Operation Okay 
2023-04-28 11:58:03,019  INFO | main | eu.europa.esig.dss.service.tsp.OnlineTSPSource          | TSP SID : SN 500, Issuer CN=root-ca,O=Nowina Solutions,OU=PKI-TEST,C=LU 
2023-04-28 11:58:03,023  INFO | main | e.europa.esig.dss.validation.CommonCertificateVerifier  | + New CommonCertificateVerifier created. 
2023-04-28 11:58:03,027  INFO | main | eu.europa.esig.dss.validation.AIACertificateSource      | Retrieving C-96DB5CFA7ABACEB5C97C131CBBFB341DDD8E64FE68B587558AA8F082AB2670F2 certificate's issuer using AIA. 
2023-04-28 11:58:03,029  INFO | main | eu.europa.esig.dss.spi.x509.aia.RepositoryAIASource     | Certificate tokens with AIA '[http://dss.nowina.lu/pki-factory/crt/good-ca.crt]' have been loaded from the cache 
2023-04-28 11:58:03,031  INFO | main | eu.europa.esig.dss.spi.x509.revocation.ocsp.OCSPToken   | OCSP status is good 
2023-04-28 11:58:03,031  INFO | main | e.e.e.d.spi.x509.revocation.RepositoryRevocationSource  | Revocation token for certificate with Id 'C-96DB5CFA7ABACEB5C97C131CBBFB341DDD8E64FE68B587558AA8F082AB2670F2' has been loaded from the cache 
2023-04-28 11:58:03,032  WARN | main | eu.europa.esig.dss.service.ocsp.OnlineOCSPSource        | No OCSP location found for C-AA02B99F9C4B57291E3C1744E44647709293D0FE17BB4EED28C99E973C7E8473 
2023-04-28 11:58:03,033  INFO | main | e.e.e.d.spi.x509.revocation.RepositoryRevocationSource  | Revocation token for certificate with Id 'C-AA02B99F9C4B57291E3C1744E44647709293D0FE17BB4EED28C99E973C7E8473' has been loaded from the cache 
2023-04-28 11:58:03,033  WARN | main | eu.europa.esig.dss.service.ocsp.OnlineOCSPSource        | No OCSP location found for C-FCBFEBCB6B78113DFD4C6CCFCBC2B1482992DF4C48E9DE1B3B7F16F33332BFCB 
2023-04-28 11:58:03,036  INFO | main | e.e.e.d.spi.x509.revocation.RepositoryRevocationSource  | Revocation token for certificate with Id 'C-FCBFEBCB6B78113DFD4C6CCFCBC2B1482992DF4C48E9DE1B3B7F16F33332BFCB' has been loaded from the cache 
2023-04-28 11:58:03,036  WARN | main | eu.europa.esig.dss.alert.handler.LogHandler             | Revocation data is missing for one or more POE(s). NextUpdate time : 2023-10-28T09:53:48Z [C-AA02B99F9C4B57291E3C1744E44647709293D0FE17BB4EED28C99E973C7E8473: No revocation data found after the best signature time [2023-04-28T09:58:02Z]! The nextUpdate available after : [2023-10-28T09:53:48Z]] 
2023-04-28 11:58:03,036  WARN | main | eu.europa.esig.dss.alert.handler.LogHandler             | Fresh revocation data is missing for one or more certificate(s). NextUpdate time : 2023-10-28T09:53:48Z [C-FCBFEBCB6B78113DFD4C6CCFCBC2B1482992DF4C48E9DE1B3B7F16F33332BFCB: No revocation data found after the best signature time [2023-04-28T09:58:02Z]! The nextUpdate available after : [2023-10-28T09:53:48Z]; C-96DB5CFA7ABACEB5C97C131CBBFB341DDD8E64FE68B587558AA8F082AB2670F2: No revocation data found after the best signature time [2023-04-28T09:58:02Z]!] 
2023-04-28 11:58:03,042  INFO | main | e.europa.esig.dss.validation.CommonCertificateVerifier  | + New CommonCertificateVerifier created. 
2023-04-28 11:58:03,191  INFO | main | eu.europa.esig.dss.service.tsp.OnlineTSPSource          | TSP Status: Operation Okay 
2023-04-28 11:58:03,191  INFO | main | eu.europa.esig.dss.service.tsp.OnlineTSPSource          | TSP SID : SN 500, Issuer CN=root-ca,O=Nowina Solutions,OU=PKI-TEST,C=LU 
2023-04-28 11:58:03,198  INFO | main | e.europa.esig.dss.validation.CommonCertificateVerifier  | + New CommonCertificateVerifier created. 
2023-04-28 11:58:03,208  INFO | main | eu.europa.esig.dss.validation.SignedDocumentValidator   | Document validation... 
2023-04-28 11:58:03,211  INFO | main | e.europa.esig.dss.validation.CommonCertificateVerifier  | + New CommonCertificateVerifier created. 
2023-04-28 11:58:03,223  INFO | main | e.europa.esig.dss.validation.CommonCertificateVerifier  | + New CommonCertificateVerifier created. 
2023-04-28 11:58:03,229  INFO | main | eu.europa.esig.dss.spi.x509.revocation.ocsp.OCSPToken   | OCSP status is good 
2023-04-28 11:58:03,230  INFO | main | eu.europa.esig.dss.spi.x509.revocation.ocsp.OCSPToken   | OCSP status is good 
2023-04-28 11:58:03,231  INFO | main | e.e.e.d.spi.x509.revocation.RepositoryRevocationSource  | Revocation token for certificate with Id 'C-96DB5CFA7ABACEB5C97C131CBBFB341DDD8E64FE68B587558AA8F082AB2670F2' has been loaded from the cache 
2023-04-28 11:58:03,233  WARN | main | eu.europa.esig.dss.service.ocsp.OnlineOCSPSource        | No OCSP location found for C-AA02B99F9C4B57291E3C1744E44647709293D0FE17BB4EED28C99E973C7E8473 
2023-04-28 11:58:03,234  INFO | main | e.e.e.d.spi.x509.revocation.RepositoryRevocationSource  | Revocation token for certificate with Id 'C-AA02B99F9C4B57291E3C1744E44647709293D0FE17BB4EED28C99E973C7E8473' has been loaded from the cache 
2023-04-28 11:58:03,235  WARN | main | eu.europa.esig.dss.service.ocsp.OnlineOCSPSource        | No OCSP location found for C-FCBFEBCB6B78113DFD4C6CCFCBC2B1482992DF4C48E9DE1B3B7F16F33332BFCB 
2023-04-28 11:58:03,236  INFO | main | e.e.e.d.spi.x509.revocation.RepositoryRevocationSource  | Revocation token for certificate with Id 'C-FCBFEBCB6B78113DFD4C6CCFCBC2B1482992DF4C48E9DE1B3B7F16F33332BFCB' has been loaded from the cache 
2023-04-28 11:58:03,236  INFO | main | eu.europa.esig.dss.validation.SignedDocumentValidator   | Default SignaturePolicyProvider instantiated with NativeHTTPDataLoader. 
2023-04-28 11:58:03,449  INFO | main | e.e.esig.dss.token.AbstractSignatureTokenConnection     | Signature algorithm : SHA256withRSA 
2023-04-28 11:58:03,452  INFO | main | e.e.esig.dss.cades.signature.CAdESSignatureExtension    | EXTEND CMS SIGNATURES. 
2023-04-28 11:58:03,457  INFO | main | e.europa.esig.dss.validation.CommonCertificateVerifier  | + New CommonCertificateVerifier created. 
2023-04-28 11:58:03,462  INFO | main | e.europa.esig.dss.validation.CommonCertificateVerifier  | + New CommonCertificateVerifier created. 
2023-04-28 11:58:03,466  INFO | main | e.europa.esig.dss.validation.CommonCertificateVerifier  | + New CommonCertificateVerifier created. 
2023-04-28 11:58:03,472  INFO | main | e.europa.esig.dss.validation.CommonCertificateVerifier  | + New CommonCertificateVerifier created. 
2023-04-28 11:58:03,603  INFO | main | eu.europa.esig.dss.service.tsp.OnlineTSPSource          | TSP Status: Operation Okay 
2023-04-28 11:58:03,603  INFO | main | eu.europa.esig.dss.service.tsp.OnlineTSPSource          | TSP SID : SN 500, Issuer CN=root-ca,O=Nowina Solutions,OU=PKI-TEST,C=LU 
2023-04-28 11:58:03,608  INFO | main | e.europa.esig.dss.validation.CommonCertificateVerifier  | + New CommonCertificateVerifier created. 
2023-04-28 11:58:03,612  INFO | main | eu.europa.esig.dss.validation.AIACertificateSource      | Retrieving C-96DB5CFA7ABACEB5C97C131CBBFB341DDD8E64FE68B587558AA8F082AB2670F2 certificate's issuer using AIA. 
2023-04-28 11:58:03,613  INFO | main | eu.europa.esig.dss.spi.x509.aia.RepositoryAIASource     | Certificate tokens with AIA '[http://dss.nowina.lu/pki-factory/crt/good-ca.crt]' have been loaded from the cache 
2023-04-28 11:58:03,615  INFO | main | eu.europa.esig.dss.spi.x509.revocation.ocsp.OCSPToken   | OCSP status is good 
2023-04-28 11:58:03,616  INFO | main | e.e.e.d.spi.x509.revocation.RepositoryRevocationSource  | Revocation token for certificate with Id 'C-96DB5CFA7ABACEB5C97C131CBBFB341DDD8E64FE68B587558AA8F082AB2670F2' has been loaded from the cache 
2023-04-28 11:58:03,616  WARN | main | eu.europa.esig.dss.service.ocsp.OnlineOCSPSource        | No OCSP location found for C-AA02B99F9C4B57291E3C1744E44647709293D0FE17BB4EED28C99E973C7E8473 
2023-04-28 11:58:03,618  INFO | main | e.e.e.d.spi.x509.revocation.RepositoryRevocationSource  | Revocation token for certificate with Id 'C-AA02B99F9C4B57291E3C1744E44647709293D0FE17BB4EED28C99E973C7E8473' has been loaded from the cache 
2023-04-28 11:58:03,618  WARN | main | eu.europa.esig.dss.service.ocsp.OnlineOCSPSource        | No OCSP location found for C-FCBFEBCB6B78113DFD4C6CCFCBC2B1482992DF4C48E9DE1B3B7F16F33332BFCB 
2023-04-28 11:58:03,621  INFO | main | e.e.e.d.spi.x509.revocation.RepositoryRevocationSource  | Revocation token for certificate with Id 'C-FCBFEBCB6B78113DFD4C6CCFCBC2B1482992DF4C48E9DE1B3B7F16F33332BFCB' has been loaded from the cache 
2023-04-28 11:58:03,622  WARN | main | eu.europa.esig.dss.alert.handler.LogHandler             | Revocation data is missing for one or more POE(s). NextUpdate time : 2023-10-28T09:53:48Z [C-AA02B99F9C4B57291E3C1744E44647709293D0FE17BB4EED28C99E973C7E8473: No revocation data found after the best signature time [2023-04-28T09:58:03Z]! The nextUpdate available after : [2023-10-28T09:53:48Z]] 
2023-04-28 11:58:03,622  WARN | main | eu.europa.esig.dss.alert.handler.LogHandler             | Fresh revocation data is missing for one or more certificate(s). NextUpdate time : 2023-10-28T09:53:48Z [C-FCBFEBCB6B78113DFD4C6CCFCBC2B1482992DF4C48E9DE1B3B7F16F33332BFCB: No revocation data found after the best signature time [2023-04-28T09:58:03Z]! The nextUpdate available after : [2023-10-28T09:53:48Z]; C-96DB5CFA7ABACEB5C97C131CBBFB341DDD8E64FE68B587558AA8F082AB2670F2: No revocation data found after the best signature time [2023-04-28T09:58:03Z]!] 
2023-04-28 11:58:03,628  INFO | main | e.europa.esig.dss.validation.CommonCertificateVerifier  | + New CommonCertificateVerifier created. 
2023-04-28 11:58:03,778  INFO | main | eu.europa.esig.dss.service.tsp.OnlineTSPSource          | TSP Status: Operation Okay 
2023-04-28 11:58:03,778  INFO | main | eu.europa.esig.dss.service.tsp.OnlineTSPSource          | TSP SID : SN 500, Issuer CN=root-ca,O=Nowina Solutions,OU=PKI-TEST,C=LU 
2023-04-28 11:58:03,789  INFO | main | e.europa.esig.dss.validation.CommonCertificateVerifier  | + New CommonCertificateVerifier created. 
2023-04-28 11:58:03,800  INFO | main | eu.europa.esig.dss.validation.SignedDocumentValidator   | Document validation... 
2023-04-28 11:58:03,806  INFO | main | e.europa.esig.dss.validation.CommonCertificateVerifier  | + New CommonCertificateVerifier created. 
2023-04-28 11:58:03,820  INFO | main | e.europa.esig.dss.validation.CommonCertificateVerifier  | + New CommonCertificateVerifier created. 
2023-04-28 11:58:03,825  INFO | main | eu.europa.esig.dss.spi.x509.revocation.ocsp.OCSPToken   | OCSP status is good 
2023-04-28 11:58:03,828  INFO | main | eu.europa.esig.dss.spi.x509.revocation.ocsp.OCSPToken   | OCSP status is good 
2023-04-28 11:58:03,829  INFO | main | e.e.e.d.spi.x509.revocation.RepositoryRevocationSource  | Revocation token for certificate with Id 'C-96DB5CFA7ABACEB5C97C131CBBFB341DDD8E64FE68B587558AA8F082AB2670F2' has been loaded from the cache 
2023-04-28 11:58:03,830  WARN | main | eu.europa.esig.dss.service.ocsp.OnlineOCSPSource        | No OCSP location found for C-AA02B99F9C4B57291E3C1744E44647709293D0FE17BB4EED28C99E973C7E8473 
2023-04-28 11:58:03,831  INFO | main | e.e.e.d.spi.x509.revocation.RepositoryRevocationSource  | Revocation token for certificate with Id 'C-AA02B99F9C4B57291E3C1744E44647709293D0FE17BB4EED28C99E973C7E8473' has been loaded from the cache 
2023-04-28 11:58:03,832  WARN | main | eu.europa.esig.dss.service.ocsp.OnlineOCSPSource        | No OCSP location found for C-FCBFEBCB6B78113DFD4C6CCFCBC2B1482992DF4C48E9DE1B3B7F16F33332BFCB 
2023-04-28 11:58:03,834  INFO | main | e.e.e.d.spi.x509.revocation.RepositoryRevocationSource  | Revocation token for certificate with Id 'C-FCBFEBCB6B78113DFD4C6CCFCBC2B1482992DF4C48E9DE1B3B7F16F33332BFCB' has been loaded from the cache 
2023-04-28 11:58:03,835  INFO | main | eu.europa.esig.dss.validation.SignedDocumentValidator   | Default SignaturePolicyProvider instantiated with NativeHTTPDataLoader. 
2023-04-28 11:58:04,279  INFO | main | e.e.esig.dss.token.AbstractSignatureTokenConnection     | Signature algorithm : SHA256withRSA 
2023-04-28 11:58:04,282  INFO | main | e.e.esig.dss.cades.signature.CAdESSignatureExtension    | EXTEND CMS SIGNATURES. 
2023-04-28 11:58:04,286  INFO | main | e.europa.esig.dss.validation.CommonCertificateVerifier  | + New CommonCertificateVerifier created. 
2023-04-28 11:58:04,292  INFO | main | e.europa.esig.dss.validation.CommonCertificateVerifier  | + New CommonCertificateVerifier created. 
2023-04-28 11:58:04,297  INFO | main | e.europa.esig.dss.validation.CommonCertificateVerifier  | + New CommonCertificateVerifier created. 
2023-04-28 11:58:04,303  INFO | main | e.europa.esig.dss.validation.CommonCertificateVerifier  | + New CommonCertificateVerifier created. 
2023-04-28 11:58:04,432  INFO | main | eu.europa.esig.dss.service.tsp.OnlineTSPSource          | TSP Status: Operation Okay 
2023-04-28 11:58:04,432  INFO | main | eu.europa.esig.dss.service.tsp.OnlineTSPSource          | TSP SID : SN 500, Issuer CN=root-ca,O=Nowina Solutions,OU=PKI-TEST,C=LU 
2023-04-28 11:58:04,437  INFO | main | e.europa.esig.dss.validation.CommonCertificateVerifier  | + New CommonCertificateVerifier created. 
2023-04-28 11:58:04,441  INFO | main | eu.europa.esig.dss.validation.AIACertificateSource      | Retrieving C-96DB5CFA7ABACEB5C97C131CBBFB341DDD8E64FE68B587558AA8F082AB2670F2 certificate's issuer using AIA. 
2023-04-28 11:58:04,441  INFO | main | eu.europa.esig.dss.spi.x509.aia.RepositoryAIASource     | Certificate tokens with AIA '[http://dss.nowina.lu/pki-factory/crt/good-ca.crt]' have been loaded from the cache 
2023-04-28 11:58:04,443  INFO | main | eu.europa.esig.dss.spi.x509.revocation.ocsp.OCSPToken   | OCSP status is good 
2023-04-28 11:58:04,444  INFO | main | e.e.e.d.spi.x509.revocation.RepositoryRevocationSource  | Revocation token for certificate with Id 'C-96DB5CFA7ABACEB5C97C131CBBFB341DDD8E64FE68B587558AA8F082AB2670F2' has been loaded from the cache 
2023-04-28 11:58:04,445  WARN | main | eu.europa.esig.dss.service.ocsp.OnlineOCSPSource        | No OCSP location found for C-AA02B99F9C4B57291E3C1744E44647709293D0FE17BB4EED28C99E973C7E8473 
2023-04-28 11:58:04,446  INFO | main | e.e.e.d.spi.x509.revocation.RepositoryRevocationSource  | Revocation token for certificate with Id 'C-AA02B99F9C4B57291E3C1744E44647709293D0FE17BB4EED28C99E973C7E8473' has been loaded from the cache 
2023-04-28 11:58:04,446  WARN | main | eu.europa.esig.dss.service.ocsp.OnlineOCSPSource        | No OCSP location found for C-FCBFEBCB6B78113DFD4C6CCFCBC2B1482992DF4C48E9DE1B3B7F16F33332BFCB 
2023-04-28 11:58:04,447  INFO | main | e.e.e.d.spi.x509.revocation.RepositoryRevocationSource  | Revocation token for certificate with Id 'C-FCBFEBCB6B78113DFD4C6CCFCBC2B1482992DF4C48E9DE1B3B7F16F33332BFCB' has been loaded from the cache 
2023-04-28 11:58:04,448  WARN | main | eu.europa.esig.dss.alert.handler.LogHandler             | Revocation data is missing for one or more POE(s). NextUpdate time : 2023-10-28T09:53:48Z [C-AA02B99F9C4B57291E3C1744E44647709293D0FE17BB4EED28C99E973C7E8473: No revocation data found after the best signature time [2023-04-28T09:58:04Z]! The nextUpdate available after : [2023-10-28T09:53:48Z]] 
2023-04-28 11:58:04,448  WARN | main | eu.europa.esig.dss.alert.handler.LogHandler             | Fresh revocation data is missing for one or more certificate(s). NextUpdate time : 2023-10-28T09:53:48Z [C-FCBFEBCB6B78113DFD4C6CCFCBC2B1482992DF4C48E9DE1B3B7F16F33332BFCB: No revocation data found after the best signature time [2023-04-28T09:58:04Z]! The nextUpdate available after : [2023-10-28T09:53:48Z]; C-96DB5CFA7ABACEB5C97C131CBBFB341DDD8E64FE68B587558AA8F082AB2670F2: No revocation data found after the best signature time [2023-04-28T09:58:04Z]!] 
2023-04-28 11:58:04,453  INFO | main | e.europa.esig.dss.validation.CommonCertificateVerifier  | + New CommonCertificateVerifier created. 
2023-04-28 11:58:04,600  INFO | main | eu.europa.esig.dss.service.tsp.OnlineTSPSource          | TSP Status: Operation Okay 
2023-04-28 11:58:04,600  INFO | main | eu.europa.esig.dss.service.tsp.OnlineTSPSource          | TSP SID : SN 500, Issuer CN=root-ca,O=Nowina Solutions,OU=PKI-TEST,C=LU 
2023-04-28 11:58:04,608  INFO | main | e.europa.esig.dss.validation.CommonCertificateVerifier  | + New CommonCertificateVerifier created. 
2023-04-28 11:58:04,618  INFO | main | eu.europa.esig.dss.validation.SignedDocumentValidator   | Document validation... 
2023-04-28 11:58:04,620  INFO | main | e.europa.esig.dss.validation.CommonCertificateVerifier  | + New CommonCertificateVerifier created. 
2023-04-28 11:58:04,629  INFO | main | e.europa.esig.dss.validation.CommonCertificateVerifier  | + New CommonCertificateVerifier created. 
2023-04-28 11:58:04,632  INFO | main | eu.europa.esig.dss.spi.x509.revocation.ocsp.OCSPToken   | OCSP status is good 
2023-04-28 11:58:04,632  INFO | main | eu.europa.esig.dss.spi.x509.revocation.ocsp.OCSPToken   | OCSP status is good 
2023-04-28 11:58:04,632  INFO | main | e.e.e.d.spi.x509.revocation.RepositoryRevocationSource  | Revocation token for certificate with Id 'C-96DB5CFA7ABACEB5C97C131CBBFB341DDD8E64FE68B587558AA8F082AB2670F2' has been loaded from the cache 
2023-04-28 11:58:04,634  WARN | main | eu.europa.esig.dss.service.ocsp.OnlineOCSPSource        | No OCSP location found for C-AA02B99F9C4B57291E3C1744E44647709293D0FE17BB4EED28C99E973C7E8473 
2023-04-28 11:58:04,635  INFO | main | e.e.e.d.spi.x509.revocation.RepositoryRevocationSource  | Revocation token for certificate with Id 'C-AA02B99F9C4B57291E3C1744E44647709293D0FE17BB4EED28C99E973C7E8473' has been loaded from the cache 
2023-04-28 11:58:04,636  WARN | main | eu.europa.esig.dss.service.ocsp.OnlineOCSPSource        | No OCSP location found for C-FCBFEBCB6B78113DFD4C6CCFCBC2B1482992DF4C48E9DE1B3B7F16F33332BFCB 
2023-04-28 11:58:04,636  INFO | main | e.e.e.d.spi.x509.revocation.RepositoryRevocationSource  | Revocation token for certificate with Id 'C-FCBFEBCB6B78113DFD4C6CCFCBC2B1482992DF4C48E9DE1B3B7F16F33332BFCB' has been loaded from the cache 
2023-04-28 11:58:04,637  INFO | main | eu.europa.esig.dss.validation.SignedDocumentValidator   | Default SignaturePolicyProvider instantiated with NativeHTTPDataLoader. 
2023-04-28 11:58:04,854  INFO | main | e.e.esig.dss.token.AbstractSignatureTokenConnection     | Signature algorithm : SHA256withRSA 
2023-04-28 11:58:04,858  INFO | main | e.e.esig.dss.cades.signature.CAdESSignatureExtension    | EXTEND CMS SIGNATURES. 
2023-04-28 11:58:04,862  INFO | main | e.europa.esig.dss.validation.CommonCertificateVerifier  | + New CommonCertificateVerifier created. 
2023-04-28 11:58:04,865  INFO | main | e.europa.esig.dss.validation.CommonCertificateVerifier  | + New CommonCertificateVerifier created. 
2023-04-28 11:58:04,870  INFO | main | e.europa.esig.dss.validation.CommonCertificateVerifier  | + New CommonCertificateVerifier created. 
2023-04-28 11:58:04,875  INFO | main | e.europa.esig.dss.validation.CommonCertificateVerifier  | + New CommonCertificateVerifier created. 
2023-04-28 11:58:05,007  INFO | main | eu.europa.esig.dss.service.tsp.OnlineTSPSource          | TSP Status: Operation Okay 
2023-04-28 11:58:05,007  INFO | main | eu.europa.esig.dss.service.tsp.OnlineTSPSource          | TSP SID : SN 500, Issuer CN=root-ca,O=Nowina Solutions,OU=PKI-TEST,C=LU 
2023-04-28 11:58:05,012  INFO | main | e.europa.esig.dss.validation.CommonCertificateVerifier  | + New CommonCertificateVerifier created. 
2023-04-28 11:58:05,016  INFO | main | eu.europa.esig.dss.validation.AIACertificateSource      | Retrieving C-96DB5CFA7ABACEB5C97C131CBBFB341DDD8E64FE68B587558AA8F082AB2670F2 certificate's issuer using AIA. 
2023-04-28 11:58:05,017  INFO | main | eu.europa.esig.dss.spi.x509.aia.RepositoryAIASource     | Certificate tokens with AIA '[http://dss.nowina.lu/pki-factory/crt/good-ca.crt]' have been loaded from the cache 
2023-04-28 11:58:05,020  INFO | main | eu.europa.esig.dss.spi.x509.revocation.ocsp.OCSPToken   | OCSP status is good 
2023-04-28 11:58:05,021  INFO | main | e.e.e.d.spi.x509.revocation.RepositoryRevocationSource  | Revocation token for certificate with Id 'C-96DB5CFA7ABACEB5C97C131CBBFB341DDD8E64FE68B587558AA8F082AB2670F2' has been loaded from the cache 
2023-04-28 11:58:05,023  WARN | main | eu.europa.esig.dss.service.ocsp.OnlineOCSPSource        | No OCSP location found for C-AA02B99F9C4B57291E3C1744E44647709293D0FE17BB4EED28C99E973C7E8473 
2023-04-28 11:58:05,023  INFO | main | e.e.e.d.spi.x509.revocation.RepositoryRevocationSource  | Revocation token for certificate with Id 'C-AA02B99F9C4B57291E3C1744E44647709293D0FE17BB4EED28C99E973C7E8473' has been loaded from the cache 
2023-04-28 11:58:05,024  WARN | main | eu.europa.esig.dss.service.ocsp.OnlineOCSPSource        | No OCSP location found for C-FCBFEBCB6B78113DFD4C6CCFCBC2B1482992DF4C48E9DE1B3B7F16F33332BFCB 
2023-04-28 11:58:05,025  INFO | main | e.e.e.d.spi.x509.revocation.RepositoryRevocationSource  | Revocation token for certificate with Id 'C-FCBFEBCB6B78113DFD4C6CCFCBC2B1482992DF4C48E9DE1B3B7F16F33332BFCB' has been loaded from the cache 
2023-04-28 11:58:05,026  WARN | main | eu.europa.esig.dss.alert.handler.LogHandler             | Revocation data is missing for one or more POE(s). NextUpdate time : 2023-10-28T09:53:48Z [C-AA02B99F9C4B57291E3C1744E44647709293D0FE17BB4EED28C99E973C7E8473: No revocation data found after the best signature time [2023-04-28T09:58:04Z]! The nextUpdate available after : [2023-10-28T09:53:48Z]] 
2023-04-28 11:58:05,026  WARN | main | eu.europa.esig.dss.alert.handler.LogHandler             | Fresh revocation data is missing for one or more certificate(s). NextUpdate time : 2023-10-28T09:53:48Z [C-FCBFEBCB6B78113DFD4C6CCFCBC2B1482992DF4C48E9DE1B3B7F16F33332BFCB: No revocation data found after the best signature time [2023-04-28T09:58:04Z]! The nextUpdate available after : [2023-10-28T09:53:48Z]; C-96DB5CFA7ABACEB5C97C131CBBFB341DDD8E64FE68B587558AA8F082AB2670F2: No revocation data found after the best signature time [2023-04-28T09:58:04Z]!] 
2023-04-28 11:58:05,031  INFO | main | e.europa.esig.dss.validation.CommonCertificateVerifier  | + New CommonCertificateVerifier created. 
2023-04-28 11:58:05,177  INFO | main | eu.europa.esig.dss.service.tsp.OnlineTSPSource          | TSP Status: Operation Okay 
2023-04-28 11:58:05,177  INFO | main | eu.europa.esig.dss.service.tsp.OnlineTSPSource          | TSP SID : SN 500, Issuer CN=root-ca,O=Nowina Solutions,OU=PKI-TEST,C=LU 
2023-04-28 11:58:05,187  INFO | main | e.europa.esig.dss.validation.CommonCertificateVerifier  | + New CommonCertificateVerifier created. 
2023-04-28 11:58:05,198  INFO | main | eu.europa.esig.dss.validation.SignedDocumentValidator   | Document validation... 
2023-04-28 11:58:05,204  INFO | main | e.europa.esig.dss.validation.CommonCertificateVerifier  | + New CommonCertificateVerifier created. 
2023-04-28 11:58:05,214  INFO | main | e.europa.esig.dss.validation.CommonCertificateVerifier  | + New CommonCertificateVerifier created. 
2023-04-28 11:58:05,218  INFO | main | eu.europa.esig.dss.spi.x509.revocation.ocsp.OCSPToken   | OCSP status is good 
2023-04-28 11:58:05,221  INFO | main | eu.europa.esig.dss.spi.x509.revocation.ocsp.OCSPToken   | OCSP status is good 
2023-04-28 11:58:05,222  INFO | main | e.e.e.d.spi.x509.revocation.RepositoryRevocationSource  | Revocation token for certificate with Id 'C-96DB5CFA7ABACEB5C97C131CBBFB341DDD8E64FE68B587558AA8F082AB2670F2' has been loaded from the cache 
2023-04-28 11:58:05,223  WARN | main | eu.europa.esig.dss.service.ocsp.OnlineOCSPSource        | No OCSP location found for C-AA02B99F9C4B57291E3C1744E44647709293D0FE17BB4EED28C99E973C7E8473 
2023-04-28 11:58:05,224  INFO | main | e.e.e.d.spi.x509.revocation.RepositoryRevocationSource  | Revocation token for certificate with Id 'C-AA02B99F9C4B57291E3C1744E44647709293D0FE17BB4EED28C99E973C7E8473' has been loaded from the cache 
2023-04-28 11:58:05,224  WARN | main | eu.europa.esig.dss.service.ocsp.OnlineOCSPSource        | No OCSP location found for C-FCBFEBCB6B78113DFD4C6CCFCBC2B1482992DF4C48E9DE1B3B7F16F33332BFCB 
2023-04-28 11:58:05,226  INFO | main | e.e.e.d.spi.x509.revocation.RepositoryRevocationSource  | Revocation token for certificate with Id 'C-FCBFEBCB6B78113DFD4C6CCFCBC2B1482992DF4C48E9DE1B3B7F16F33332BFCB' has been loaded from the cache 
2023-04-28 11:58:05,226  INFO | main | eu.europa.esig.dss.validation.SignedDocumentValidator   | Default SignaturePolicyProvider instantiated with NativeHTTPDataLoader. 
]]></system-out>
  </testcase>
  <testcase name="extensionTest" classname="eu.europa.esig.dss.cades.signature.CAdESServiceTest" time="0.885">
    <system-out><![CDATA[2023-04-28 11:58:05,241  INFO | main | e.europa.esig.dss.validation.CommonCertificateVerifier  | + New CommonCertificateVerifier created. 
2023-04-28 11:58:05,660  INFO | main | e.e.esig.dss.token.AbstractSignatureTokenConnection     | Signature algorithm : SHA256withRSA 
2023-04-28 11:58:05,670  INFO | main | e.europa.esig.dss.validation.CommonCertificateVerifier  | + New CommonCertificateVerifier created. 
2023-04-28 11:58:05,698  INFO | main | eu.europa.esig.dss.validation.SignedDocumentValidator   | Document validation... 
2023-04-28 11:58:05,705  INFO | main | e.europa.esig.dss.validation.CommonCertificateVerifier  | + New CommonCertificateVerifier created. 
2023-04-28 11:58:05,710  INFO | main | e.europa.esig.dss.validation.CommonCertificateVerifier  | + New CommonCertificateVerifier created. 
2023-04-28 11:58:05,711  INFO | main | eu.europa.esig.dss.validation.AIACertificateSource      | Retrieving C-96DB5CFA7ABACEB5C97C131CBBFB341DDD8E64FE68B587558AA8F082AB2670F2 certificate's issuer using AIA. 
2023-04-28 11:58:05,712  INFO | main | eu.europa.esig.dss.spi.x509.aia.RepositoryAIASource     | Certificate tokens with AIA '[http://dss.nowina.lu/pki-factory/crt/good-ca.crt]' have been loaded from the cache 
2023-04-28 11:58:05,715  INFO | main | eu.europa.esig.dss.spi.x509.revocation.ocsp.OCSPToken   | OCSP status is good 
2023-04-28 11:58:05,715  INFO | main | e.e.e.d.spi.x509.revocation.RepositoryRevocationSource  | Revocation token for certificate with Id 'C-96DB5CFA7ABACEB5C97C131CBBFB341DDD8E64FE68B587558AA8F082AB2670F2' has been loaded from the cache 
2023-04-28 11:58:05,716  WARN | main | eu.europa.esig.dss.service.ocsp.OnlineOCSPSource        | No OCSP location found for C-FCBFEBCB6B78113DFD4C6CCFCBC2B1482992DF4C48E9DE1B3B7F16F33332BFCB 
2023-04-28 11:58:05,718  INFO | main | e.e.e.d.spi.x509.revocation.RepositoryRevocationSource  | Revocation token for certificate with Id 'C-FCBFEBCB6B78113DFD4C6CCFCBC2B1482992DF4C48E9DE1B3B7F16F33332BFCB' has been loaded from the cache 
2023-04-28 11:58:05,719  INFO | main | eu.europa.esig.dss.validation.SignedDocumentValidator   | Default SignaturePolicyProvider instantiated with NativeHTTPDataLoader. 
2023-04-28 11:58:05,725  INFO | main | e.e.esig.dss.cades.signature.CAdESSignatureExtension    | EXTEND CMS SIGNATURES. 
2023-04-28 11:58:05,729  INFO | main | e.europa.esig.dss.validation.CommonCertificateVerifier  | + New CommonCertificateVerifier created. 
2023-04-28 11:58:05,735  INFO | main | e.europa.esig.dss.validation.CommonCertificateVerifier  | + New CommonCertificateVerifier created. 
2023-04-28 11:58:05,741  INFO | main | e.europa.esig.dss.validation.CommonCertificateVerifier  | + New CommonCertificateVerifier created. 
2023-04-28 11:58:05,746  INFO | main | e.europa.esig.dss.validation.CommonCertificateVerifier  | + New CommonCertificateVerifier created. 
2023-04-28 11:58:05,883  INFO | main | eu.europa.esig.dss.service.tsp.OnlineTSPSource          | TSP Status: Operation Okay 
2023-04-28 11:58:05,883  INFO | main | eu.europa.esig.dss.service.tsp.OnlineTSPSource          | TSP SID : SN 500, Issuer CN=root-ca,O=Nowina Solutions,OU=PKI-TEST,C=LU 
2023-04-28 11:58:05,889  INFO | main | e.europa.esig.dss.validation.CommonCertificateVerifier  | + New CommonCertificateVerifier created. 
2023-04-28 11:58:05,893  INFO | main | eu.europa.esig.dss.validation.AIACertificateSource      | Retrieving C-96DB5CFA7ABACEB5C97C131CBBFB341DDD8E64FE68B587558AA8F082AB2670F2 certificate's issuer using AIA. 
2023-04-28 11:58:05,894  INFO | main | eu.europa.esig.dss.spi.x509.aia.RepositoryAIASource     | Certificate tokens with AIA '[http://dss.nowina.lu/pki-factory/crt/good-ca.crt]' have been loaded from the cache 
2023-04-28 11:58:05,896  INFO | main | eu.europa.esig.dss.spi.x509.revocation.ocsp.OCSPToken   | OCSP status is good 
2023-04-28 11:58:05,896  INFO | main | e.e.e.d.spi.x509.revocation.RepositoryRevocationSource  | Revocation token for certificate with Id 'C-96DB5CFA7ABACEB5C97C131CBBFB341DDD8E64FE68B587558AA8F082AB2670F2' has been loaded from the cache 
2023-04-28 11:58:05,897  WARN | main | eu.europa.esig.dss.service.ocsp.OnlineOCSPSource        | No OCSP location found for C-AA02B99F9C4B57291E3C1744E44647709293D0FE17BB4EED28C99E973C7E8473 
2023-04-28 11:58:05,898  INFO | main | e.e.e.d.spi.x509.revocation.RepositoryRevocationSource  | Revocation token for certificate with Id 'C-AA02B99F9C4B57291E3C1744E44647709293D0FE17BB4EED28C99E973C7E8473' has been loaded from the cache 
2023-04-28 11:58:05,899  WARN | main | eu.europa.esig.dss.service.ocsp.OnlineOCSPSource        | No OCSP location found for C-FCBFEBCB6B78113DFD4C6CCFCBC2B1482992DF4C48E9DE1B3B7F16F33332BFCB 
2023-04-28 11:58:05,900  INFO | main | e.e.e.d.spi.x509.revocation.RepositoryRevocationSource  | Revocation token for certificate with Id 'C-FCBFEBCB6B78113DFD4C6CCFCBC2B1482992DF4C48E9DE1B3B7F16F33332BFCB' has been loaded from the cache 
2023-04-28 11:58:05,902  WARN | main | eu.europa.esig.dss.alert.handler.LogHandler             | Revocation data is missing for one or more POE(s). NextUpdate time : 2023-10-28T09:53:48Z [C-AA02B99F9C4B57291E3C1744E44647709293D0FE17BB4EED28C99E973C7E8473: No revocation data found after the best signature time [2023-04-28T09:58:05Z]! The nextUpdate available after : [2023-10-28T09:53:48Z]] 
2023-04-28 11:58:05,902  WARN | main | eu.europa.esig.dss.alert.handler.LogHandler             | Fresh revocation data is missing for one or more certificate(s). NextUpdate time : 2023-10-28T09:53:48Z [C-FCBFEBCB6B78113DFD4C6CCFCBC2B1482992DF4C48E9DE1B3B7F16F33332BFCB: No revocation data found after the best signature time [2023-04-28T09:58:05Z]! The nextUpdate available after : [2023-10-28T09:53:48Z]; C-96DB5CFA7ABACEB5C97C131CBBFB341DDD8E64FE68B587558AA8F082AB2670F2: No revocation data found after the best signature time [2023-04-28T09:58:05Z]!] 
2023-04-28 11:58:05,911  INFO | main | e.europa.esig.dss.validation.CommonCertificateVerifier  | + New CommonCertificateVerifier created. 
2023-04-28 11:58:06,052  INFO | main | eu.europa.esig.dss.service.tsp.OnlineTSPSource          | TSP Status: Operation Okay 
2023-04-28 11:58:06,053  INFO | main | eu.europa.esig.dss.service.tsp.OnlineTSPSource          | TSP SID : SN 500, Issuer CN=root-ca,O=Nowina Solutions,OU=PKI-TEST,C=LU 
2023-04-28 11:58:06,064  INFO | main | e.europa.esig.dss.validation.CommonCertificateVerifier  | + New CommonCertificateVerifier created. 
2023-04-28 11:58:06,077  INFO | main | eu.europa.esig.dss.validation.SignedDocumentValidator   | Document validation... 
2023-04-28 11:58:06,082  INFO | main | e.europa.esig.dss.validation.CommonCertificateVerifier  | + New CommonCertificateVerifier created. 
2023-04-28 11:58:06,094  INFO | main | e.europa.esig.dss.validation.CommonCertificateVerifier  | + New CommonCertificateVerifier created. 
2023-04-28 11:58:06,098  INFO | main | eu.europa.esig.dss.spi.x509.revocation.ocsp.OCSPToken   | OCSP status is good 
2023-04-28 11:58:06,102  INFO | main | eu.europa.esig.dss.spi.x509.revocation.ocsp.OCSPToken   | OCSP status is good 
2023-04-28 11:58:06,104  INFO | main | e.e.e.d.spi.x509.revocation.RepositoryRevocationSource  | Revocation token for certificate with Id 'C-96DB5CFA7ABACEB5C97C131CBBFB341DDD8E64FE68B587558AA8F082AB2670F2' has been loaded from the cache 
2023-04-28 11:58:06,104  WARN | main | eu.europa.esig.dss.service.ocsp.OnlineOCSPSource        | No OCSP location found for C-AA02B99F9C4B57291E3C1744E44647709293D0FE17BB4EED28C99E973C7E8473 
2023-04-28 11:58:06,106  INFO | main | e.e.e.d.spi.x509.revocation.RepositoryRevocationSource  | Revocation token for certificate with Id 'C-AA02B99F9C4B57291E3C1744E44647709293D0FE17BB4EED28C99E973C7E8473' has been loaded from the cache 
2023-04-28 11:58:06,107  WARN | main | eu.europa.esig.dss.service.ocsp.OnlineOCSPSource        | No OCSP location found for C-FCBFEBCB6B78113DFD4C6CCFCBC2B1482992DF4C48E9DE1B3B7F16F33332BFCB 
2023-04-28 11:58:06,108  INFO | main | e.e.e.d.spi.x509.revocation.RepositoryRevocationSource  | Revocation token for certificate with Id 'C-FCBFEBCB6B78113DFD4C6CCFCBC2B1482992DF4C48E9DE1B3B7F16F33332BFCB' has been loaded from the cache 
2023-04-28 11:58:06,109  INFO | main | eu.europa.esig.dss.validation.SignedDocumentValidator   | Default SignaturePolicyProvider instantiated with NativeHTTPDataLoader. 
]]></system-out>
  </testcase>
</testsuite>