<?xml version="1.0" encoding="UTF-8"?>
<testsuite xmlns:xsi="http://www.w3.org/2001/XMLSchema-instance" xsi:noNamespaceSchemaLocation="https://maven.apache.org/surefire/maven-surefire-plugin/xsd/surefire-test-report-3.0.xsd" version="3.0" name="eu.europa.esig.dss.spi.x509.KeyStoreCertificateSourceTest" time="0.209" tests="8" errors="0" skipped="0" failures="0">
  <properties>
[...]
</properties>
  <testcase name="testLoadAddAndDelete" classname="eu.europa.esig.dss.spi.x509.KeyStoreCertificateSourceTest" time="0.016">
    <system-out><![CDATA[11:39:06.168 [main] DEBUG eu.europa.esig.dss.spi.x509.KeyStoreCertificateSource - Certificate 'CertificateToken[
	DSS Id              : C-BC5B2B8D9E39E650D29B1F39B45247418C1C4D047DAAB32CA8826B9739E20E14
	Identity Id         : EntityIdentifier:SHA256:#1D934E6F124F75BDF65A9C51EFFA4A451F13CCB72832D9192FBE7D9B922A1E53
	Validity period     : Wed Oct 28 12:00:00 CET 2009 - Tue Jun 28 13:00:00 CEST 2016
	Subject name        : 2.5.4.5=#1306323031303131,cn=citizen ca,c=be
	Issuer subject name : cn=belgium root ca2,c=be
	Serial Number       : 155740314092809718017649570364321128026
	Signature algorithm : RSA_SHA1
]' successfully added to the keystore
11:39:06.169 [main] WARN eu.europa.esig.dss.spi.x509.KeyStoreCertificateSource - Certificate 'C-C5F8B3AF60EB6CD3DE07FD27593FBA30F45C13FA6E9D2A914E7A557D48493F26' not found in the keystore
11:39:06.170 [main] DEBUG eu.europa.esig.dss.spi.x509.KeyStoreCertificateSource - Certificate 'C-BC5B2B8D9E39E650D29B1F39B45247418C1C4D047DAAB32CA8826B9739E20E14' successfully removed from the keystore
11:39:06.170 [main] WARN eu.europa.esig.dss.spi.x509.KeyStoreCertificateSource - Certificate 'C-BC5B2B8D9E39E650D29B1F39B45247418C1C4D047DAAB32CA8826B9739E20E14' not found in the keystore
11:39:06.170 [main] WARN eu.europa.esig.dss.spi.x509.KeyStoreCertificateSource - Certificate 'C-C5F8B3AF60EB6CD3DE07FD27593FBA30F45C13FA6E9D2A914E7A557D48493F26' not found in the keystore
11:39:06.170 [main] DEBUG eu.europa.esig.dss.spi.x509.KeyStoreCertificateSource - Certificate 'CertificateToken[
	DSS Id              : C-BC5B2B8D9E39E650D29B1F39B45247418C1C4D047DAAB32CA8826B9739E20E14
	Identity Id         : EntityIdentifier:SHA256:#1D934E6F124F75BDF65A9C51EFFA4A451F13CCB72832D9192FBE7D9B922A1E53
	Validity period     : Wed Oct 28 12:00:00 CET 2009 - Tue Jun 28 13:00:00 CEST 2016
	Subject name        : 2.5.4.5=#1306323031303131,cn=citizen ca,c=be
	Issuer subject name : cn=belgium root ca2,c=be
	Serial Number       : 155740314092809718017649570364321128026
	Signature algorithm : RSA_SHA1
]' successfully added to the keystore
11:39:06.171 [main] DEBUG eu.europa.esig.dss.spi.x509.KeyStoreCertificateSource - Certificate 'CertificateToken[
	DSS Id              : C-C5F8B3AF60EB6CD3DE07FD27593FBA30F45C13FA6E9D2A914E7A557D48493F26
	Identity Id         : EntityIdentifier:SHA256:#C676DF93503022017FE53F9E2AF9F095608B4A115EC53AD71BA8B3BAC2FA319D
	Validity period     : Wed Oct 01 12:22:21 CEST 2014 - Tue Oct 01 12:22:21 CEST 2019
	Subject name        : 2.5.4.5=#130c373530323330313030333037,2.5.4.42=#0c064e65656c6965,2.5.4.4=#0c054b726f6573,cn=neelie kroes,c=at
	Issuer subject name : cn=a-sign-premium-mobile-03,ou=a-sign-premium-mobile-03,o=a-trust ges. f. sicherheitssysteme im elektr. datenverkehr gmbh,c=at
	Serial Number       : 1411502
	Signature algorithm : RSA_SHA1
]' successfully added to the keystore
11:39:06.172 [main] WARN eu.europa.esig.dss.spi.x509.KeyStoreCertificateSource - Certificate 'AAAAAAAAAAAAAAAA' not found in the keystore
]]></system-out>
  </testcase>
  <testcase name="addCertificateTest" classname="eu.europa.esig.dss.spi.x509.KeyStoreCertificateSourceTest" time="0.007"/>
  <testcase name="clearAllCertificates" classname="eu.europa.esig.dss.spi.x509.KeyStoreCertificateSourceTest" time="0.005">
    <system-out><![CDATA[11:39:06.186 [main] DEBUG eu.europa.esig.dss.spi.x509.KeyStoreCertificateSource - Certificate '59c80dcc7429ccfd8c2b1590fe885fb4f6c77f7c9cbb4b82a62cb1c27ff4e246' successfully removed from the keystore
11:39:06.186 [main] DEBUG eu.europa.esig.dss.spi.x509.KeyStoreCertificateSource - Certificate 'f1bcdd117b1554173813a42183c54db97e3a7e109d0afa98f4bcd326754a0351' successfully removed from the keystore
11:39:06.187 [main] DEBUG eu.europa.esig.dss.spi.x509.KeyStoreCertificateSource - Certificate 'ffea7f0ed29beb0773ea3b0c4729bbf800a6c390b62195cb270f12a4aa62f284' successfully removed from the keystore
11:39:06.187 [main] DEBUG eu.europa.esig.dss.spi.x509.KeyStoreCertificateSource - Certificate 'f7bc0d164dec8f36709abe85fc57022f3b1684700a804c368d3432900490dfcb' successfully removed from the keystore
11:39:06.187 [main] DEBUG eu.europa.esig.dss.spi.x509.KeyStoreCertificateSource - Keystore has been successfully cleared
]]></system-out>
  </testcase>
  <testcase name="wrongPassword" classname="eu.europa.esig.dss.spi.x509.KeyStoreCertificateSourceTest" time="0.002"/>
  <testcase name="wrongFile" classname="eu.europa.esig.dss.spi.x509.KeyStoreCertificateSourceTest" time="0.007"/>
  <testcase name="crossCertificatesTest" classname="eu.europa.esig.dss.spi.x509.KeyStoreCertificateSourceTest" time="0.02">
    <system-out><![CDATA[11:39:06.213 [main] DEBUG eu.europa.esig.dss.spi.x509.KeyStoreCertificateSource - Certificate 'CertificateToken[
	DSS Id              : C-2AC2D7AF8B956EFEA8A843DAD67B9DD5FED207959EF5177D85545BEAF709311A
	Identity Id         : EntityIdentifier:SHA256:#AA8C4B0C98B839796F280DB3A85FB89C1DD507811E0B46859777C123F44FB685
	Validity period     : Tue Jul 13 11:03:04 CEST 2021 - Thu Jul 13 11:03:04 CEST 2023
	Subject name        : c=lu,ou=pki-test,o=nowina solutions,cn=cc-root-ca
	Issuer subject name : c=lu,ou=pki-test,o=nowina solutions,cn=external-ca
	Serial Number       : 2002
	Signature algorithm : RSA_SHA512
]' successfully added to the keystore
11:39:06.215 [main] DEBUG eu.europa.esig.dss.spi.x509.KeyStoreCertificateSource - Certificate 'CertificateToken[
	DSS Id              : C-7AF47CD836700227D3FA0D1A25D534A5FF64E86BCA3D4317F79B5960965A4F05
	Identity Id         : EntityIdentifier:SHA256:#AA8C4B0C98B839796F280DB3A85FB89C1DD507811E0B46859777C123F44FB685
	Validity period     : Tue Jul 13 11:03:04 CEST 2021 - Thu Jul 13 11:03:04 CEST 2023
	Subject name        : c=lu,ou=pki-test,o=nowina solutions,cn=cc-root-ca
	Issuer subject name : c=lu,ou=pki-test,o=nowina solutions,cn=cc-root-ca
	Serial Number       : 2003
	Signature algorithm : RSA_SHA512
	[SELF-SIGNED]
]' successfully added to the keystore
11:39:06.217 [main] DEBUG eu.europa.esig.dss.spi.x509.KeyStoreCertificateSource - Certificate 'CertificateToken[
	DSS Id              : C-7AF47CD836700227D3FA0D1A25D534A5FF64E86BCA3D4317F79B5960965A4F05
	Identity Id         : EntityIdentifier:SHA256:#AA8C4B0C98B839796F280DB3A85FB89C1DD507811E0B46859777C123F44FB685
	Validity period     : Tue Jul 13 11:03:04 CEST 2021 - Thu Jul 13 11:03:04 CEST 2023
	Subject name        : c=lu,ou=pki-test,o=nowina solutions,cn=cc-root-ca
	Issuer subject name : c=lu,ou=pki-test,o=nowina solutions,cn=cc-root-ca
	Serial Number       : 2003
	Signature algorithm : RSA_SHA512
	[SELF-SIGNED]
]' successfully added to the keystore
11:39:06.218 [main] DEBUG eu.europa.esig.dss.spi.x509.KeyStoreCertificateSource - Certificate 'CertificateToken[
	DSS Id              : C-2AC2D7AF8B956EFEA8A843DAD67B9DD5FED207959EF5177D85545BEAF709311A
	Identity Id         : EntityIdentifier:SHA256:#AA8C4B0C98B839796F280DB3A85FB89C1DD507811E0B46859777C123F44FB685
	Validity period     : Tue Jul 13 11:03:04 CEST 2021 - Thu Jul 13 11:03:04 CEST 2023
	Subject name        : c=lu,ou=pki-test,o=nowina solutions,cn=cc-root-ca
	Issuer subject name : c=lu,ou=pki-test,o=nowina solutions,cn=external-ca
	Serial Number       : 2002
	Signature algorithm : RSA_SHA512
]' successfully added to the keystore
]]></system-out>
  </testcase>
  <testcase name="loadKeystoreAndTruststore" classname="eu.europa.esig.dss.spi.x509.KeyStoreCertificateSourceTest" time="0.129"/>
  <testcase name="testCreateNewKeystore" classname="eu.europa.esig.dss.spi.x509.KeyStoreCertificateSourceTest" time="0.015">
    <system-out><![CDATA[11:39:06.352 [main] DEBUG eu.europa.esig.dss.spi.x509.KeyStoreCertificateSource - Certificate 'CertificateToken[
	DSS Id              : C-BC5B2B8D9E39E650D29B1F39B45247418C1C4D047DAAB32CA8826B9739E20E14
	Identity Id         : EntityIdentifier:SHA256:#1D934E6F124F75BDF65A9C51EFFA4A451F13CCB72832D9192FBE7D9B922A1E53
	Validity period     : Wed Oct 28 12:00:00 CET 2009 - Tue Jun 28 13:00:00 CEST 2016
	Subject name        : 2.5.4.5=#1306323031303131,cn=citizen ca,c=be
	Issuer subject name : cn=belgium root ca2,c=be
	Serial Number       : 155740314092809718017649570364321128026
	Signature algorithm : RSA_SHA1
]' successfully added to the keystore
]]></system-out>
  </testcase>
</testsuite>